#
# A fatal error has been detected by the Java Runtime Environment:
#
#  SIGSEGV (0xb) at pc=0x6142cbe4, pid=1729, tid=0x6148e470
#
# JRE version: Java(TM) SE Runtime Environment (8.0_201-b09) (build 1.8.0_201-b09)
# Java VM: Java HotSpot(TM) Client VM (25.201-b09 mixed mode linux-arm )
# Problematic frame:
# C  [Reader.so+0xbe4]  Java_sample_NFC_readNfc+0x288
#
# Core dump written. Default location: /home/pi/Desktop/proo v2/Raspy/core or core.1729
#
# If you would like to submit a bug report, please visit:
#   http://bugreport.java.com/bugreport/crash.jsp
# The crash happened outside the Java Virtual Machine in native code.
# See problematic frame for where to report the bug.
#

---------------  T H R E A D  ---------------

Current thread (0x647f4400):  JavaThread "Thread-2" [_thread_in_native, id=1752, stack(0x6143f000,0x6148f000)]

siginfo: si_signo: 11 (SIGSEGV), si_code: 1 (SEGV_MAPERR), si_addr: 0x0000002c

Registers:
  r0  = 0x0000000a
  r1  = 0x00000000
  r2  = 0x0000000b
  r3  = 0x00000000
  r4  = 0x000000e0
  r5  = 0x00000000
  r6  = 0x000000e0
  r7  = 0x00000000
  r8  = 0x6148da70
  r9  = 0x6558f430
  r10 = 0x647f4400
  fp  = 0x6148daac
  r12 = 0x0000000a
  sp  = 0x6148da50
  lr  = 0x76e60a8c
  pc  = 0x6142cbe4
  cpsr = 0xa0000010

Top of Stack: (sp=0x6148da50)
0x6148da50:   6142c95c 00000000 00000000 000000ea
0x6148da60:   00000036 00000032 00000053 00000053
0x6148da70:   00000080 00000000 00000000 00000000
0x6148da80:   00000000 00000006 0000000b 64f0e3b8
0x6148da90:   60f17d98 7415059c 6142c95c ffffffff
0x6148daa0:   00000000 6148db28 6148db20 7411fa2c
0x6148dab0:   ffffffff 65c415a8 00000000 6a8a2db8
0x6148dac0:   6148dac0 65735a8a 6148dae8 60f17d98 

Instructions: (pc=0x6142cbe4)
0x6142cbc4:   e59f2118 e51b3024 e0823003 e2833007
0x6142cbd4:   e5d33000 e1a01003 e51b302c e51b2024
0x6142cbe4:   e7831102 e51b3024 e2833001 e50b3024
0x6142cbf4:   e59f30e8 e5d32003 e5d31004 e1a01401 

Register to memory mapping:

  r0  = 0x0000000a
0x0000000a is an unknown value

  r1  = 0x00000000
0x00000000 is an unknown value

  r2  = 0x0000000b
0x0000000b is an unknown value

  r3  = 0x00000000
0x00000000 is an unknown value

  r4  = 0x000000e0
0x000000e0 is an unknown value

  r5  = 0x00000000
0x00000000 is an unknown value

  r6  = 0x000000e0
0x000000e0 is an unknown value

  r7  = 0x00000000
0x00000000 is an unknown value

  r8  = 0x6148da70
0x6148da70 is pointing into the stack for thread: 0x647f4400

  r9  = 0x6558f430
{method} {0x6558f430} 'readNfc' '()[I' in 'sample/NFC'

  r10 = 0x647f4400
0x647f4400 is a thread

  fp  = 0x6148daac
0x6148daac is pointing into the stack for thread: 0x647f4400

  r12 = 0x0000000a
0x0000000a is an unknown value

  sp  = 0x6148da50
0x6148da50 is pointing into the stack for thread: 0x647f4400

  lr  = 0x76e60a8c
0x76e60a8c: putchar+0x2c in /lib/arm-linux-gnueabihf/libc.so.6 at 0x76e01000

  pc  = 0x6142cbe4
0x6142cbe4: Java_sample_NFC_readNfc+0x288 in /home/pi/Desktop/proo v2/Raspy/out/production/Raspy/sample/Reader.so at 0x6142c000



Stack: [0x6143f000,0x6148f000],  sp=0x6148da50,  free space=314k
Native frames: (J=compiled Java code, j=interpreted, Vv=VM code, C=native code)
C  [Reader.so+0xbe4]  Java_sample_NFC_readNfc+0x288

Java frames: (J=compiled Java code, j=interpreted, Vv=VM code)
j  sample.NFC.readNfc()[I+0
j  sample.NFC.run()V+16
j  java.lang.Thread.run()V+11
v  ~StubRoutines::call_stub

---------------  P R O C E S S  ---------------

Java Threads: ( => current thread )
  0x60529400 JavaThread "Prism Font Disposer" daemon [_thread_blocked, id=1762, stack(0x60b07000,0x60b57000)]
  0x60e84800 JavaThread "process reaper" daemon [_thread_blocked, id=1756, stack(0x61100000,0x61117000)]
  0x60e50000 JavaThread "JavaFX-Launcher" [_thread_blocked, id=1754, stack(0x61117000,0x61167000)]
  0x60e4d800 JavaThread "Thread-4" [_thread_blocked, id=1753, stack(0x61167000,0x611b7000)]
=>0x647f4400 JavaThread "Thread-2" [_thread_in_native, id=1752, stack(0x6143f000,0x6148f000)]
  0x64900800 JavaThread "Attach Listener" daemon [_thread_blocked, id=1751, stack(0x6148f000,0x614df000)]
  0x647f2000 JavaThread "JavaFX Application Thread" [_thread_in_native, id=1750, stack(0x614df000,0x6152f000)]
  0x647ef800 JavaThread "Thread-1" daemon [_thread_blocked, id=1749, stack(0x6152f000,0x6157f000)]
  0x6479d800 JavaThread "QuantumRenderer-0" daemon [_thread_blocked, id=1748, stack(0x6462f000,0x6467f000)]
  0x64706800 JavaThread "Service Thread" daemon [_thread_blocked, id=1743, stack(0x6481a000,0x6486a000)]
  0x64708000 JavaThread "C1 CompilerThread0" daemon [_thread_blocked, id=1742, stack(0x64680000,0x64700000)]
  0x64703800 JavaThread "Monitor Ctrl-Break" daemon [_thread_in_native, id=1741, stack(0x64e10000,0x64e60000)]
  0x76281c00 JavaThread "Signal Dispatcher" daemon [_thread_blocked, id=1740, stack(0x64e60000,0x64eb0000)]
  0x76266800 JavaThread "Finalizer" daemon [_thread_blocked, id=1735, stack(0x64eb0000,0x64f00000)]
  0x76264c00 JavaThread "Reference Handler" daemon [_thread_blocked, id=1734, stack(0x65011000,0x65061000)]
  0x76209000 JavaThread "main" [_thread_blocked, id=1732, stack(0x76313000,0x76363000)]

Other Threads:
  0x7625f400 VMThread [stack: 0x65062000,0x650e2000] [id=1733]
  0x64712400 WatcherThread [stack: 0x6277f000,0x627ff000] [id=1744]

VM state:not at safepoint (normal execution)

VM Mutex/Monitor currently owned by a thread: None

Heap:
 def new generation   total 4864K, used 708K [0x65800000, 0x65d40000, 0x6a540000)
  eden space 4352K,   6% used [0x65800000, 0x65844ca0, 0x65c40000)
  from space 512K,  84% used [0x65c40000, 0x65cac390, 0x65cc0000)
  to   space 512K,   0% used [0x65cc0000, 0x65cc0000, 0x65d40000)
 tenured generation   total 11008K, used 9480K [0x6a540000, 0x6b000000, 0x74000000)
   the space 11008K,  86% used [0x6a540000, 0x6ae82390, 0x6ae82400, 0x6b000000)
 Metaspace       used 11529K, capacity 12078K, committed 12184K, reserved 12592K

Card table byte_map: [0x7401d000,0x74092000] byte_map_base: 0x73cf1000

Polling page: 0x76ff0000

CodeCache: size=32768Kb used=1550Kb max_used=1550Kb free=31217Kb
 bounds [0x74112000, 0x7429a000, 0x76112000]
 total_blobs=1034 nmethods=711 adapters=255
 compilation: enabled

Compilation events (10 events):
Event: 46,666 Thread 0x64708000  720             javafx.scene.layout.Region::snapSize (9 bytes)
Event: 46,667 Thread 0x64708000 nmethod 720 0x742952c8 code [0x742953b0, 0x74295474]
Event: 50,629 Thread 0x64708000  721             com.sun.javafx.geom.transform.BaseTransform::almostZero (22 bytes)
Event: 50,630 Thread 0x64708000 nmethod 721 0x74295508 code [0x742955e0, 0x742956a8]
Event: 51,197 Thread 0x64708000  722             java.util.regex.Pattern$Single::isSatisfiedBy (14 bytes)
Event: 51,198 Thread 0x64708000 nmethod 722 0x74295708 code [0x742957e0, 0x74295878]
Event: 51,894 Thread 0x64708000  724             java.lang.Object::wait (6 bytes)
Event: 51,894 Thread 0x64708000 nmethod 724 0x74295ac8 code [0x74295bb0, 0x74295c54]
Event: 52,618 Thread 0x64708000  725             java.util.Formatter$Flags::contains (22 bytes)
Event: 52,619 Thread 0x64708000 nmethod 725 0x74295cc8 code [0x74295db0, 0x74295e58]

GC Heap History (10 events):
Event: 6,501 GC heap before
{Heap before GC invocations=7 (full 0):
 def new generation   total 4864K, used 4852K [0x65800000, 0x65d40000, 0x6a540000)
  eden space 4352K,  99% used [0x65800000, 0x65c3d218, 0x65c40000)
  from space 512K, 100% used [0x65cc0000, 0x65d40000, 0x65d40000)
  to   space 512K,   0% used [0x65c40000, 0x65c40000, 0x65cc0000)
 tenured generation   total 11008K, used 5054K [0x6a540000, 0x6b000000, 0x74000000)
   the space 11008K,  45% used [0x6a540000, 0x6aa2f8c8, 0x6aa2fa00, 0x6b000000)
 Metaspace       used 9240K, capacity 9588K, committed 9624K, reserved 10544K
Event: 6,523 GC heap after
Heap after GC invocations=8 (full 0):
 def new generation   total 4864K, used 512K [0x65800000, 0x65d40000, 0x6a540000)
  eden space 4352K,   0% used [0x65800000, 0x65800000, 0x65c40000)
  from space 512K, 100% used [0x65c40000, 0x65cc0000, 0x65cc0000)
  to   space 512K,   0% used [0x65cc0000, 0x65cc0000, 0x65d40000)
 tenured generation   total 11008K, used 6405K [0x6a540000, 0x6b000000, 0x74000000)
   the space 11008K,  58% used [0x6a540000, 0x6ab817a0, 0x6ab81800, 0x6b000000)
 Metaspace       used 9240K, capacity 9588K, committed 9624K, reserved 10544K
}
Event: 7,078 GC heap before
{Heap before GC invocations=8 (full 0):
 def new generation   total 4864K, used 4864K [0x65800000, 0x65d40000, 0x6a540000)
  eden space 4352K, 100% used [0x65800000, 0x65c40000, 0x65c40000)
  from space 512K, 100% used [0x65c40000, 0x65cc0000, 0x65cc0000)
  to   space 512K,   0% used [0x65cc0000, 0x65cc0000, 0x65d40000)
 tenured generation   total 11008K, used 6405K [0x6a540000, 0x6b000000, 0x74000000)
   the space 11008K,  58% used [0x6a540000, 0x6ab817a0, 0x6ab81800, 0x6b000000)
 Metaspace       used 10018K, capacity 10456K, committed 10520K, reserved 10544K
Event: 7,094 GC heap after
Heap after GC invocations=9 (full 0):
 def new generation   total 4864K, used 512K [0x65800000, 0x65d40000, 0x6a540000)
  eden space 4352K,   0% used [0x65800000, 0x65800000, 0x65c40000)
  from space 512K, 100% used [0x65cc0000, 0x65d40000, 0x65d40000)
  to   space 512K,   0% used [0x65c40000, 0x65c40000, 0x65cc0000)
 tenured generation   total 11008K, used 7267K [0x6a540000, 0x6b000000, 0x74000000)
   the space 11008K,  66% used [0x6a540000, 0x6ac58f50, 0x6ac59000, 0x6b000000)
 Metaspace       used 10018K, capacity 10456K, committed 10520K, reserved 10544K
}
Event: 7,826 GC heap before
{Heap before GC invocations=9 (full 0):
 def new generation   total 4864K, used 4864K [0x65800000, 0x65d40000, 0x6a540000)
  eden space 4352K, 100% used [0x65800000, 0x65c40000, 0x65c40000)
  from space 512K, 100% used [0x65cc0000, 0x65d40000, 0x65d40000)
  to   space 512K,   0% used [0x65c40000, 0x65c40000, 0x65cc0000)
 tenured generation   total 11008K, used 7267K [0x6a540000, 0x6b000000, 0x74000000)
   the space 11008K,  66% used [0x6a540000, 0x6ac58f50, 0x6ac59000, 0x6b000000)
 Metaspace       used 10774K, capacity 11230K, committed 11288K, reserved 11568K
Event: 7,838 GC heap after
Heap after GC invocations=10 (full 0):
 def new generation   total 4864K, used 512K [0x65800000, 0x65d40000, 0x6a540000)
  eden space 4352K,   0% used [0x65800000, 0x65800000, 0x65c40000)
  from space 512K, 100% used [0x65c40000, 0x65cc0000, 0x65cc0000)
  to   space 512K,   0% used [0x65cc0000, 0x65cc0000, 0x65d40000)
 tenured generation   total 11008K, used 7922K [0x6a540000, 0x6b000000, 0x74000000)
   the space 11008K,  71% used [0x6a540000, 0x6acfca90, 0x6acfcc00, 0x6b000000)
 Metaspace       used 10774K, capacity 11230K, committed 11288K, reserved 11568K
}
Event: 8,979 GC heap before
{Heap before GC invocations=10 (full 0):
 def new generation   total 4864K, used 4864K [0x65800000, 0x65d40000, 0x6a540000)
  eden space 4352K, 100% used [0x65800000, 0x65c40000, 0x65c40000)
  from space 512K, 100% used [0x65c40000, 0x65cc0000, 0x65cc0000)
  to   space 512K,   0% used [0x65cc0000, 0x65cc0000, 0x65d40000)
 tenured generation   total 11008K, used 7922K [0x6a540000, 0x6b000000, 0x74000000)
   the space 11008K,  71% used [0x6a540000, 0x6acfca90, 0x6acfcc00, 0x6b000000)
 Metaspace       used 11411K, capacity 11933K, committed 12056K, reserved 12592K
Event: 9,003 GC heap after
Heap after GC invocations=11 (full 0):
 def new generation   total 4864K, used 512K [0x65800000, 0x65d40000, 0x6a540000)
  eden space 4352K,   0% used [0x65800000, 0x65800000, 0x65c40000)
  from space 512K, 100% used [0x65cc0000, 0x65d40000, 0x65d40000)
  to   space 512K,   0% used [0x65c40000, 0x65c40000, 0x65cc0000)
 tenured generation   total 11008K, used 9237K [0x6a540000, 0x6b000000, 0x74000000)
   the space 11008K,  83% used [0x6a540000, 0x6ae456d0, 0x6ae45800, 0x6b000000)
 Metaspace       used 11411K, capacity 11933K, committed 12056K, reserved 12592K
}
Event: 51,245 GC heap before
{Heap before GC invocations=11 (full 0):
 def new generation   total 4864K, used 4864K [0x65800000, 0x65d40000, 0x6a540000)
  eden space 4352K, 100% used [0x65800000, 0x65c40000, 0x65c40000)
  from space 512K, 100% used [0x65cc0000, 0x65d40000, 0x65d40000)
  to   space 512K,   0% used [0x65c40000, 0x65c40000, 0x65cc0000)
 tenured generation   total 11008K, used 9237K [0x6a540000, 0x6b000000, 0x74000000)
   the space 11008K,  83% used [0x6a540000, 0x6ae456d0, 0x6ae45800, 0x6b000000)
 Metaspace       used 11529K, capacity 12078K, committed 12184K, reserved 12592K
Event: 51,260 GC heap after
Heap after GC invocations=12 (full 0):
 def new generation   total 4864K, used 432K [0x65800000, 0x65d40000, 0x6a540000)
  eden space 4352K,   0% used [0x65800000, 0x65800000, 0x65c40000)
  from space 512K,  84% used [0x65c40000, 0x65cac390, 0x65cc0000)
  to   space 512K,   0% used [0x65cc0000, 0x65cc0000, 0x65d40000)
 tenured generation   total 11008K, used 9480K [0x6a540000, 0x6b000000, 0x74000000)
   the space 11008K,  86% used [0x6a540000, 0x6ae82390, 0x6ae82400, 0x6b000000)
 Metaspace       used 11529K, capacity 12078K, committed 12184K, reserved 12592K
}

Deoptimization events (0 events):
No events

Classes redefined (0 events):
No events

Internal exceptions (10 events):
Event: 1,900 Thread 0x6479d800 Exception <a 'java/lang/UnsatisfiedLinkError'> (0x65a17278) thrown at [/HUDSON/workspace/8-2-build-glinux-arm-vfp-hflt/jdk8u201/12322/hotspot/src/share/vm/oops/instanceKlass.cpp, line 959]
Event: 5,013 Thread 0x647f2000 Exception <a 'java/lang/NullPointerException'> (0x65b2adf0) thrown at [/HUDSON/workspace/8-2-build-glinux-arm-vfp-hflt/jdk8u201/12322/hotspot/src/share/vm/interpreter/linkResolver.cpp, line 1185]
Event: 5,013 Thread 0x647f2000 Exception <a 'java/lang/NullPointerException'> (0x65b2adf0) thrown at [/HUDSON/workspace/8-2-build-glinux-arm-vfp-hflt/jdk8u201/12322/hotspot/src/share/vm/prims/jvm.cpp, line 1506]
Event: 5,379 Thread 0x647f2000 Exception <a 'java/lang/ArrayIndexOutOfBoundsException': 78> (0x659ae5d8) thrown at [/HUDSON/workspace/8-2-build-glinux-arm-vfp-hflt/jdk8u201/12322/hotspot/src/share/vm/interpreter/interpreterRuntime.cpp, line 368]
Event: 5,381 Thread 0x647f2000 Exception <a 'java/lang/ArrayIndexOutOfBoundsException': 18> (0x659b0a50) thrown at [/HUDSON/workspace/8-2-build-glinux-arm-vfp-hflt/jdk8u201/12322/hotspot/src/share/vm/interpreter/interpreterRuntime.cpp, line 368]
Event: 5,382 Thread 0x647f2000 Exception <a 'java/lang/ArrayIndexOutOfBoundsException': 86> (0x659b2698) thrown at [/HUDSON/workspace/8-2-build-glinux-arm-vfp-hflt/jdk8u201/12322/hotspot/src/share/vm/interpreter/interpreterRuntime.cpp, line 368]
Event: 5,416 Thread 0x647f2000 Exception <a 'java/lang/ArrayIndexOutOfBoundsException'> (0x659e0e78) thrown at [/HUDSON/workspace/8-2-build-glinux-arm-vfp-hflt/jdk8u201/12322/hotspot/src/share/vm/runtime/sharedRuntime.cpp, line 605]
Event: 5,673 Thread 0x647f2000 Exception <a 'java/lang/ArrayIndexOutOfBoundsException'> (0x65bad810) thrown at [/HUDSON/workspace/8-2-build-glinux-arm-vfp-hflt/jdk8u201/12322/hotspot/src/share/vm/runtime/sharedRuntime.cpp, line 605]
Event: 6,438 Thread 0x647f2000 Exception <a 'java/lang/ArrayIndexOutOfBoundsException'> (0x65bb1cc0) thrown at [/HUDSON/workspace/8-2-build-glinux-arm-vfp-hflt/jdk8u201/12322/hotspot/src/share/vm/runtime/sharedRuntime.cpp, line 605]
Event: 6,818 Thread 0x647f2000 Exception <a 'java/io/FileNotFoundException'> (0x65a471e8) thrown at [/HUDSON/workspace/8-2-build-glinux-arm-vfp-hflt/jdk8u201/12322/hotspot/src/share/vm/prims/jni.cpp, line 709]

Events (10 events):
Event: 51,241 Executing VM operation: RevokeBias done
Event: 51,241 Thread 0x64f0fc00 Thread exited: 0x64f0fc00
Event: 51,245 Thread 0x64f0fc00 Thread added: 0x64f0fc00
Event: 51,245 Executing VM operation: GenCollectForAllocation
Event: 51,260 Executing VM operation: GenCollectForAllocation done
Event: 51,262 Executing VM operation: RevokeBias
Event: 51,262 Executing VM operation: RevokeBias done
Event: 51,263 Executing VM operation: RevokeBias
Event: 51,263 Executing VM operation: RevokeBias done
Event: 51,263 Thread 0x64f0fc00 Thread exited: 0x64f0fc00


Dynamic libraries:
00008000-00009000 r-xp 00000000 b3:02 1050657    /usr/lib/jvm/jdk1.8.0_201/bin/java
00010000-00011000 r--p 00000000 b3:02 1050657    /usr/lib/jvm/jdk1.8.0_201/bin/java
00011000-00012000 rw-p 00001000 b3:02 1050657    /usr/lib/jvm/jdk1.8.0_201/bin/java
011a5000-011c6000 rw-p 00000000 00:00 0          [heap]
5ffdd000-5ffe0000 ---p 00000000 00:00 0 
5ffe0000-6002d000 rw-p 00000000 00:00 0 
6002d000-60030000 ---p 00000000 00:00 0 
60030000-60150000 rw-p 00000000 00:00 0 
60150000-6015d000 r-xp 00000000 b3:02 1050953    /usr/lib/jvm/jdk1.8.0_201/jre/lib/arm/libdecora_sse.so
6015d000-60164000 ---p 0000d000 b3:02 1050953    /usr/lib/jvm/jdk1.8.0_201/jre/lib/arm/libdecora_sse.so
60164000-60165000 rw-p 0000c000 b3:02 1050953    /usr/lib/jvm/jdk1.8.0_201/jre/lib/arm/libdecora_sse.so
60165000-601c5000 rw-s 00000000 00:05 3309576    /SYSV00000000 (deleted)
601c5000-60265000 rw-p 00000000 00:00 0 
60265000-602c5000 ---p 00000000 00:00 0 
602c5000-6037e000 r--p 00000000 b3:02 150082     /usr/share/fonts/truetype/dejavu/DejaVuSans.ttf
6037e000-60391000 r--p 00000000 b3:02 1050809    /usr/lib/jvm/jdk1.8.0_201/jre/lib/fonts/LucidaBrightDemiBold.ttf
60391000-6043c000 r--p 00000000 b3:02 1050804    /usr/lib/jvm/jdk1.8.0_201/jre/lib/fonts/LucidaSansRegular.ttf
6043c000-60476000 r--p 00000000 b3:02 1050812    /usr/lib/jvm/jdk1.8.0_201/jre/lib/fonts/LucidaTypewriterBold.ttf
60476000-604b2000 r--p 00000000 b3:02 1050808    /usr/lib/jvm/jdk1.8.0_201/jre/lib/fonts/LucidaTypewriterRegular.ttf
604b2000-60500000 r--p 00000000 b3:02 1050806    /usr/lib/jvm/jdk1.8.0_201/jre/lib/fonts/LucidaSansDemiBold.ttf
60500000-60588000 rw-p 00000000 00:00 0 
60588000-60600000 ---p 00000000 00:00 0 
60603000-60617000 r--p 00000000 b3:02 1050807    /usr/lib/jvm/jdk1.8.0_201/jre/lib/fonts/LucidaBrightItalic.ttf
60617000-6062a000 r--p 00000000 b3:02 1050811    /usr/lib/jvm/jdk1.8.0_201/jre/lib/fonts/LucidaBrightDemiItalic.ttf
6062a000-6067f000 r--p 00000000 b3:02 1050810    /usr/lib/jvm/jdk1.8.0_201/jre/lib/fonts/LucidaBrightRegular.ttf
6067f000-60682000 r-xp 00000000 b3:02 1050961    /usr/lib/jvm/jdk1.8.0_201/jre/lib/arm/libjavafx_font_pango.so
60682000-6068a000 ---p 00003000 b3:02 1050961    /usr/lib/jvm/jdk1.8.0_201/jre/lib/arm/libjavafx_font_pango.so
6068a000-6068b000 rw-p 00003000 b3:02 1050961    /usr/lib/jvm/jdk1.8.0_201/jre/lib/arm/libjavafx_font_pango.so
6068b000-606ab000 r-xp 00000000 b3:02 3250       /usr/lib/arm-linux-gnueabihf/gtk-2.0/2.10.0/engines/libclearlookspix.so
606ab000-606ba000 ---p 00020000 b3:02 3250       /usr/lib/arm-linux-gnueabihf/gtk-2.0/2.10.0/engines/libclearlookspix.so
606ba000-606bb000 r--p 0001f000 b3:02 3250       /usr/lib/arm-linux-gnueabihf/gtk-2.0/2.10.0/engines/libclearlookspix.so
606bb000-606bc000 rw-p 00020000 b3:02 3250       /usr/lib/arm-linux-gnueabihf/gtk-2.0/2.10.0/engines/libclearlookspix.so
606bc000-606c4000 r-xp 00000000 b3:02 10635      /usr/lib/arm-linux-gnueabihf/gtk-2.0/2.10.0/engines/libpixmap.so
606c4000-606d3000 ---p 00008000 b3:02 10635      /usr/lib/arm-linux-gnueabihf/gtk-2.0/2.10.0/engines/libpixmap.so
606d3000-606d4000 r--p 00007000 b3:02 10635      /usr/lib/arm-linux-gnueabihf/gtk-2.0/2.10.0/engines/libpixmap.so
606d4000-606d5000 rw-p 00008000 b3:02 10635      /usr/lib/arm-linux-gnueabihf/gtk-2.0/2.10.0/engines/libpixmap.so
606d5000-607d5000 rw-p 00000000 00:00 0 
607d5000-607e8000 r--s 00000000 b3:02 35457      /var/cache/fontconfig/d52a8644073d54c13679302ca1180695-le32d8.cache-4
607e8000-607ec000 r-xp 00000000 b3:02 1050960    /usr/lib/jvm/jdk1.8.0_201/jre/lib/arm/libjavafx_font_freetype.so
607ec000-607f4000 ---p 00004000 b3:02 1050960    /usr/lib/jvm/jdk1.8.0_201/jre/lib/arm/libjavafx_font_freetype.so
607f4000-607f5000 rw-p 00004000 b3:02 1050960    /usr/lib/jvm/jdk1.8.0_201/jre/lib/arm/libjavafx_font_freetype.so
607f5000-607f8000 r-xp 00000000 b3:02 1050959    /usr/lib/jvm/jdk1.8.0_201/jre/lib/arm/libjavafx_font.so
607f8000-607ff000 ---p 00003000 b3:02 1050959    /usr/lib/jvm/jdk1.8.0_201/jre/lib/arm/libjavafx_font.so
607ff000-60800000 rw-p 00002000 b3:02 1050959    /usr/lib/jvm/jdk1.8.0_201/jre/lib/arm/libjavafx_font.so
60800000-60900000 rw-p 00000000 00:00 0 
60900000-609ff000 rw-p 00000000 00:00 0 
609ff000-60a00000 ---p 00000000 00:00 0 
60a07000-60b07000 rw-p 00000000 00:00 0 
60b07000-60b0a000 ---p 00000000 00:00 0 
60b0a000-60c57000 rw-p 00000000 00:00 0 
60c57000-60ced000 r-xp 00000000 b3:02 4066       /tmp/sqlite-3.23.1-5ad44f71-9fd0-49ee-915f-964b25422ccb-libsqlitejdbc.so
60ced000-60cfd000 ---p 00096000 b3:02 4066       /tmp/sqlite-3.23.1-5ad44f71-9fd0-49ee-915f-964b25422ccb-libsqlitejdbc.so
60cfd000-60d00000 rw-p 00096000 b3:02 4066       /tmp/sqlite-3.23.1-5ad44f71-9fd0-49ee-915f-964b25422ccb-libsqlitejdbc.so
60d00000-60e00000 rw-p 00000000 00:00 0 
60e00000-60ecf000 rw-p 00000000 00:00 0 
60ecf000-60f00000 ---p 00000000 00:00 0 
60f00000-61000000 rw-p 00000000 00:00 0 
61000000-610b1000 rw-p 00000000 00:00 0 
610b1000-61100000 ---p 00000000 00:00 0 
61100000-61103000 ---p 00000000 00:00 0 
61103000-61117000 rw-p 00000000 00:00 0 
61117000-6111a000 ---p 00000000 00:00 0 
6111a000-61167000 rw-p 00000000 00:00 0 
61167000-6116a000 ---p 00000000 00:00 0 
6116a000-612b7000 rw-p 00000000 00:00 0 
612b7000-612bd000 r-xp 00000000 b3:02 2608       /lib/arm-linux-gnueabihf/libusb-0.1.so.4.4.4
612bd000-612cc000 ---p 00006000 b3:02 2608       /lib/arm-linux-gnueabihf/libusb-0.1.so.4.4.4
612cc000-612cd000 r--p 00005000 b3:02 2608       /lib/arm-linux-gnueabihf/libusb-0.1.so.4.4.4
612cd000-612ce000 rw-p 00006000 b3:02 2608       /lib/arm-linux-gnueabihf/libusb-0.1.so.4.4.4
612ce000-612cf000 rw-p 00000000 00:00 0 
612cf000-612ed000 r-xp 00000000 b3:02 3273       /usr/lib/arm-linux-gnueabihf/libnfc.so.5.0.1
612ed000-612fd000 ---p 0001e000 b3:02 3273       /usr/lib/arm-linux-gnueabihf/libnfc.so.5.0.1
612fd000-612fe000 r--p 0001e000 b3:02 3273       /usr/lib/arm-linux-gnueabihf/libnfc.so.5.0.1
612fe000-61300000 rw-p 0001f000 b3:02 3273       /usr/lib/arm-linux-gnueabihf/libnfc.so.5.0.1
61300000-613ed000 rw-p 00000000 00:00 0 
613ed000-61400000 ---p 00000000 00:00 0 
61400000-61406000 r--p 00000000 b3:02 31338      /usr/share/locale/it/LC_MESSAGES/gdk-pixbuf.mo
61406000-61410000 r--s 00116000 b3:02 1050706    /usr/lib/jvm/jdk1.8.0_201/jre/lib/ext/localedata.jar
61410000-6142c000 r--s 00393000 b3:02 1050710    /usr/lib/jvm/jdk1.8.0_201/jre/lib/ext/cldrdata.jar
6142c000-6142d000 r-xp 00000000 b3:02 792338     /home/pi/Desktop/proo v2/Raspy/out/production/Raspy/sample/Reader.so
6142d000-6143d000 ---p 00001000 b3:02 792338     /home/pi/Desktop/proo v2/Raspy/out/production/Raspy/sample/Reader.so
6143d000-6143e000 r--p 00001000 b3:02 792338     /home/pi/Desktop/proo v2/Raspy/out/production/Raspy/sample/Reader.so
6143e000-6143f000 rw-p 00002000 b3:02 792338     /home/pi/Desktop/proo v2/Raspy/out/production/Raspy/sample/Reader.so
6143f000-61442000 ---p 00000000 00:00 0 
61442000-6148f000 rw-p 00000000 00:00 0 
6148f000-61492000 ---p 00000000 00:00 0 
61492000-614df000 rw-p 00000000 00:00 0 
614df000-614e2000 ---p 00000000 00:00 0 
614e2000-6152f000 rw-p 00000000 00:00 0 
6152f000-61532000 ---p 00000000 00:00 0 
61532000-6157f000 rw-p 00000000 00:00 0 
6157f000-615a9000 r--p 00000000 b3:02 31361      /usr/share/locale/it/LC_MESSAGES/gtk20-properties.mo
615a9000-615cb000 r--p 00000000 b3:02 9879       /usr/share/locale/it/LC_MESSAGES/libc.mo
615cb000-615e3000 r-xp 00000000 b3:02 2523       /lib/arm-linux-gnueabihf/libbsd.so.0.8.3
615e3000-615f2000 ---p 00018000 b3:02 2523       /lib/arm-linux-gnueabihf/libbsd.so.0.8.3
615f2000-615f3000 r--p 00017000 b3:02 2523       /lib/arm-linux-gnueabihf/libbsd.so.0.8.3
615f3000-615f4000 rw-p 00018000 b3:02 2523       /lib/arm-linux-gnueabihf/libbsd.so.0.8.3
615f4000-615f7000 r-xp 00000000 b3:02 2611       /lib/arm-linux-gnueabihf/libuuid.so.1.3.0
615f7000-61606000 ---p 00003000 b3:02 2611       /lib/arm-linux-gnueabihf/libuuid.so.1.3.0
61606000-61607000 r--p 00002000 b3:02 2611       /lib/arm-linux-gnueabihf/libuuid.so.1.3.0
61607000-61608000 rw-p 00003000 b3:02 2611       /lib/arm-linux-gnueabihf/libuuid.so.1.3.0
61608000-6160d000 r-xp 00000000 b3:02 9533       /usr/lib/arm-linux-gnueabihf/libdatrie.so.1.3.3
6160d000-6161c000 ---p 00005000 b3:02 9533       /usr/lib/arm-linux-gnueabihf/libdatrie.so.1.3.3
6161c000-6161d000 r--p 00004000 b3:02 9533       /usr/lib/arm-linux-gnueabihf/libdatrie.so.1.3.3
6161d000-6161e000 rw-p 00005000 b3:02 9533       /usr/lib/arm-linux-gnueabihf/libdatrie.so.1.3.3
6161e000-61622000 r-xp 00000000 b3:02 9437       /usr/lib/arm-linux-gnueabihf/libXdmcp.so.6.0.0
61622000-61631000 ---p 00004000 b3:02 9437       /usr/lib/arm-linux-gnueabihf/libXdmcp.so.6.0.0
61631000-61632000 r--p 00003000 b3:02 9437       /usr/lib/arm-linux-gnueabihf/libXdmcp.so.6.0.0
61632000-61633000 rw-p 00004000 b3:02 9437       /usr/lib/arm-linux-gnueabihf/libXdmcp.so.6.0.0
61633000-61654000 r-xp 00000000 b3:02 9645       /usr/lib/arm-linux-gnueabihf/libgraphite2.so.3.0.1
61654000-61664000 ---p 00021000 b3:02 9645       /usr/lib/arm-linux-gnueabihf/libgraphite2.so.3.0.1
61664000-61665000 r--p 00021000 b3:02 9645       /usr/lib/arm-linux-gnueabihf/libgraphite2.so.3.0.1
61665000-61666000 rw-p 00022000 b3:02 9645       /usr/lib/arm-linux-gnueabihf/libgraphite2.so.3.0.1
61666000-6169f000 r-xp 00000000 b3:02 2522       /lib/arm-linux-gnueabihf/libblkid.so.1.1.0
6169f000-616af000 ---p 00039000 b3:02 2522       /lib/arm-linux-gnueabihf/libblkid.so.1.1.0
616af000-616b1000 r--p 00039000 b3:02 2522       /lib/arm-linux-gnueabihf/libblkid.so.1.1.0
616b1000-616b2000 rw-p 0003b000 b3:02 2522       /lib/arm-linux-gnueabihf/libblkid.so.1.1.0
616b2000-616b3000 rw-p 00000000 00:00 0 
616b3000-6171b000 r-xp 00000000 b3:02 2581       /lib/arm-linux-gnueabihf/libpcre.so.3.13.3
6171b000-6172a000 ---p 00068000 b3:02 2581       /lib/arm-linux-gnueabihf/libpcre.so.3.13.3
6172a000-6172b000 r--p 00067000 b3:02 2581       /lib/arm-linux-gnueabihf/libpcre.so.3.13.3
6172b000-6172c000 rw-p 00068000 b3:02 2581       /lib/arm-linux-gnueabihf/libpcre.so.3.13.3
6172c000-61733000 r-xp 00000000 b3:02 9580       /usr/lib/arm-linux-gnueabihf/libffi.so.6.0.4
61733000-61742000 ---p 00007000 b3:02 9580       /usr/lib/arm-linux-gnueabihf/libffi.so.6.0.4
61742000-61743000 r--p 00006000 b3:02 9580       /usr/lib/arm-linux-gnueabihf/libffi.so.6.0.4
61743000-61744000 rw-p 00007000 b3:02 9580       /usr/lib/arm-linux-gnueabihf/libffi.so.6.0.4
61744000-61763000 r-xp 00000000 b3:02 2537       /lib/arm-linux-gnueabihf/libexpat.so.1.6.2
61763000-61773000 ---p 0001f000 b3:02 2537       /lib/arm-linux-gnueabihf/libexpat.so.1.6.2
61773000-61775000 r--p 0001f000 b3:02 2537       /lib/arm-linux-gnueabihf/libexpat.so.1.6.2
61775000-61776000 rw-p 00021000 b3:02 2537       /lib/arm-linux-gnueabihf/libexpat.so.1.6.2
61776000-6177d000 r-xp 00000000 b3:02 9931       /usr/lib/arm-linux-gnueabihf/libthai.so.0.3.0
6177d000-6178c000 ---p 00007000 b3:02 9931       /usr/lib/arm-linux-gnueabihf/libthai.so.0.3.0
6178c000-6178d000 r--p 00006000 b3:02 9931       /usr/lib/arm-linux-gnueabihf/libthai.so.0.3.0
6178d000-6178e000 rw-p 00007000 b3:02 9931       /usr/lib/arm-linux-gnueabihf/libthai.so.0.3.0
6178e000-61798000 r-xp 00000000 b3:02 9992       /usr/lib/arm-linux-gnueabihf/libxcb-render.so.0.0.0
61798000-617a7000 ---p 0000a000 b3:02 9992       /usr/lib/arm-linux-gnueabihf/libxcb-render.so.0.0.0
617a7000-617a8000 r--p 00009000 b3:02 9992       /usr/lib/arm-linux-gnueabihf/libxcb-render.so.0.0.0
617a8000-617a9000 rw-p 0000a000 b3:02 9992       /usr/lib/arm-linux-gnueabihf/libxcb-render.so.0.0.0
617a9000-617c7000 r-xp 00000000 b3:02 10001      /usr/lib/arm-linux-gnueabihf/libxcb.so.1.1.0
617c7000-617d6000 ---p 0001e000 b3:02 10001      /usr/lib/arm-linux-gnueabihf/libxcb.so.1.1.0
617d6000-617d7000 r--p 0001d000 b3:02 10001      /usr/lib/arm-linux-gnueabihf/libxcb.so.1.1.0
617d7000-617d8000 rw-p 0001e000 b3:02 10001      /usr/lib/arm-linux-gnueabihf/libxcb.so.1.1.0
617d8000-617da000 r-xp 00000000 b3:02 9994       /usr/lib/arm-linux-gnueabihf/libxcb-shm.so.0.0.0
617da000-617e9000 ---p 00002000 b3:02 9994       /usr/lib/arm-linux-gnueabihf/libxcb-shm.so.0.0.0
617e9000-617ea000 r--p 00001000 b3:02 9994       /usr/lib/arm-linux-gnueabihf/libxcb-shm.so.0.0.0
617ea000-617eb000 rw-p 00002000 b3:02 9994       /usr/lib/arm-linux-gnueabihf/libxcb-shm.so.0.0.0
617eb000-61877000 r-xp 00000000 b3:02 9844       /usr/lib/arm-linux-gnueabihf/libpixman-1.so.0.34.0
61877000-61886000 ---p 0008c000 b3:02 9844       /usr/lib/arm-linux-gnueabihf/libpixman-1.so.0.34.0
61886000-6188c000 r--p 0008b000 b3:02 9844       /usr/lib/arm-linux-gnueabihf/libpixman-1.so.0.34.0
6188c000-6188d000 rw-p 00091000 b3:02 9844       /usr/lib/arm-linux-gnueabihf/libpixman-1.so.0.34.0
6188d000-618b6000 r-xp 00000000 b3:02 9849       /usr/lib/arm-linux-gnueabihf/libpng16.so.16.28.0
618b6000-618c5000 ---p 00029000 b3:02 9849       /usr/lib/arm-linux-gnueabihf/libpng16.so.16.28.0
618c5000-618c6000 r--p 00028000 b3:02 9849       /usr/lib/arm-linux-gnueabihf/libpng16.so.16.28.0
618c6000-618c7000 rw-p 00029000 b3:02 9849       /usr/lib/arm-linux-gnueabihf/libpng16.so.16.28.0
618c7000-6194d000 r-xp 00000000 b3:02 9704       /usr/lib/arm-linux-gnueabihf/libharfbuzz.so.0.10400.2
6194d000-6195c000 ---p 00086000 b3:02 9704       /usr/lib/arm-linux-gnueabihf/libharfbuzz.so.0.10400.2
6195c000-6195d000 r--p 00085000 b3:02 9704       /usr/lib/arm-linux-gnueabihf/libharfbuzz.so.0.10400.2
6195d000-6195e000 rw-p 00086000 b3:02 9704       /usr/lib/arm-linux-gnueabihf/libharfbuzz.so.0.10400.2
6195e000-6199e000 r-xp 00000000 b3:02 2557       /lib/arm-linux-gnueabihf/libmount.so.1.1.0
6199e000-619ae000 ---p 00040000 b3:02 2557       /lib/arm-linux-gnueabihf/libmount.so.1.1.0
619ae000-619af000 r--p 00040000 b3:02 2557       /lib/arm-linux-gnueabihf/libmount.so.1.1.0
619af000-619b0000 rw-p 00041000 b3:02 2557       /lib/arm-linux-gnueabihf/libmount.so.1.1.0
619b0000-619b1000 rw-p 00000000 00:00 0 
619b1000-619c2000 r-xp 00000000 b3:02 8387       /lib/arm-linux-gnueabihf/libresolv-2.24.so
619c2000-619d2000 ---p 00011000 b3:02 8387       /lib/arm-linux-gnueabihf/libresolv-2.24.so
619d2000-619d3000 r--p 00011000 b3:02 8387       /lib/arm-linux-gnueabihf/libresolv-2.24.so
619d3000-619d4000 rw-p 00012000 b3:02 8387       /lib/arm-linux-gnueabihf/libresolv-2.24.so
619d4000-619d6000 rw-p 00000000 00:00 0 
619d6000-619f6000 r-xp 00000000 b3:02 2595       /lib/arm-linux-gnueabihf/libselinux.so.1
619f6000-61a06000 ---p 00020000 b3:02 2595       /lib/arm-linux-gnueabihf/libselinux.so.1
61a06000-61a07000 r--p 00020000 b3:02 2595       /lib/arm-linux-gnueabihf/libselinux.so.1
61a07000-61a08000 rw-p 00021000 b3:02 2595       /lib/arm-linux-gnueabihf/libselinux.so.1
61a08000-61a09000 rw-p 00000000 00:00 0 
61a09000-61a1f000 r-xp 00000000 b3:02 2613       /lib/arm-linux-gnueabihf/libz.so.1.2.8
61a1f000-61a2e000 ---p 00016000 b3:02 2613       /lib/arm-linux-gnueabihf/libz.so.1.2.8
61a2e000-61a2f000 r--p 00015000 b3:02 2613       /lib/arm-linux-gnueabihf/libz.so.1.2.8
61a2f000-61a30000 rw-p 00016000 b3:02 2613       /lib/arm-linux-gnueabihf/libz.so.1.2.8
61a30000-61a3e000 r-xp 00000000 b3:02 9438       /usr/lib/arm-linux-gnueabihf/libXext.so.6.4.0
61a3e000-61a4d000 ---p 0000e000 b3:02 9438       /usr/lib/arm-linux-gnueabihf/libXext.so.6.4.0
61a4d000-61a4e000 r--p 0000d000 b3:02 9438       /usr/lib/arm-linux-gnueabihf/libXext.so.6.4.0
61a4e000-61a4f000 rw-p 0000e000 b3:02 9438       /usr/lib/arm-linux-gnueabihf/libXext.so.6.4.0
61a4f000-61a57000 r-xp 00000000 b3:02 9435       /usr/lib/arm-linux-gnueabihf/libXcursor.so.1.0.2
61a57000-61a66000 ---p 00008000 b3:02 9435       /usr/lib/arm-linux-gnueabihf/libXcursor.so.1.0.2
61a66000-61a67000 r--p 00007000 b3:02 9435       /usr/lib/arm-linux-gnueabihf/libXcursor.so.1.0.2
61a67000-61a68000 rw-p 00008000 b3:02 9435       /usr/lib/arm-linux-gnueabihf/libXcursor.so.1.0.2
61a68000-61a70000 r-xp 00000000 b3:02 9447       /usr/lib/arm-linux-gnueabihf/libXrandr.so.2.2.0
61a70000-61a7f000 ---p 00008000 b3:02 9447       /usr/lib/arm-linux-gnueabihf/libXrandr.so.2.2.0
61a7f000-61a80000 r--p 00007000 b3:02 9447       /usr/lib/arm-linux-gnueabihf/libXrandr.so.2.2.0
61a80000-61a81000 rw-p 00008000 b3:02 9447       /usr/lib/arm-linux-gnueabihf/libXrandr.so.2.2.0
61a81000-61a8e000 r-xp 00000000 b3:02 9442       /usr/lib/arm-linux-gnueabihf/libXi.so.6.1.0
61a8e000-61a9d000 ---p 0000d000 b3:02 9442       /usr/lib/arm-linux-gnueabihf/libXi.so.6.1.0
61a9d000-61a9e000 r--p 0000c000 b3:02 9442       /usr/lib/arm-linux-gnueabihf/libXi.so.6.1.0
61a9e000-61a9f000 rw-p 0000d000 b3:02 9442       /usr/lib/arm-linux-gnueabihf/libXi.so.6.1.0
61a9f000-61aa1000 r-xp 00000000 b3:02 9443       /usr/lib/arm-linux-gnueabihf/libXinerama.so.1.0.0
61aa1000-61ab0000 ---p 00002000 b3:02 9443       /usr/lib/arm-linux-gnueabihf/libXinerama.so.1.0.0
61ab0000-61ab1000 r--p 00001000 b3:02 9443       /usr/lib/arm-linux-gnueabihf/libXinerama.so.1.0.0
61ab1000-61ab2000 rw-p 00002000 b3:02 9443       /usr/lib/arm-linux-gnueabihf/libXinerama.so.1.0.0
61ab2000-61aba000 r-xp 00000000 b3:02 9448       /usr/lib/arm-linux-gnueabihf/libXrender.so.1.3.0
61aba000-61ac9000 ---p 00008000 b3:02 9448       /usr/lib/arm-linux-gnueabihf/libXrender.so.1.3.0
61ac9000-61aca000 r--p 00007000 b3:02 9448       /usr/lib/arm-linux-gnueabihf/libXrender.so.1.3.0
61aca000-61acb000 rw-p 00008000 b3:02 9448       /usr/lib/arm-linux-gnueabihf/libXrender.so.1.3.0
61acb000-61acf000 r-xp 00000000 b3:02 9439       /usr/lib/arm-linux-gnueabihf/libXfixes.so.3.1.0
61acf000-61ade000 ---p 00004000 b3:02 9439       /usr/lib/arm-linux-gnueabihf/libXfixes.so.3.1.0
61ade000-61adf000 r--p 00003000 b3:02 9439       /usr/lib/arm-linux-gnueabihf/libXfixes.so.3.1.0
61adf000-61ae0000 rw-p 00004000 b3:02 9439       /usr/lib/arm-linux-gnueabihf/libXfixes.so.3.1.0
61ae0000-61ae2000 r-xp 00000000 b3:02 9436       /usr/lib/arm-linux-gnueabihf/libXdamage.so.1.1.0
61ae2000-61af1000 ---p 00002000 b3:02 9436       /usr/lib/arm-linux-gnueabihf/libXdamage.so.1.1.0
61af1000-61af2000 r--p 00001000 b3:02 9436       /usr/lib/arm-linux-gnueabihf/libXdamage.so.1.1.0
61af2000-61af3000 rw-p 00002000 b3:02 9436       /usr/lib/arm-linux-gnueabihf/libXdamage.so.1.1.0
61af3000-61af5000 r-xp 00000000 b3:02 9434       /usr/lib/arm-linux-gnueabihf/libXcomposite.so.1.0.0
61af5000-61b04000 ---p 00002000 b3:02 9434       /usr/lib/arm-linux-gnueabihf/libXcomposite.so.1.0.0
61b04000-61b05000 r--p 00001000 b3:02 9434       /usr/lib/arm-linux-gnueabihf/libXcomposite.so.1.0.0
61b05000-61b06000 rw-p 00002000 b3:02 9434       /usr/lib/arm-linux-gnueabihf/libXcomposite.so.1.0.0
61b06000-61c15000 r-xp 00000000 b3:02 9430       /usr/lib/arm-linux-gnueabihf/libX11.so.6.3.0
61c15000-61c25000 ---p 0010f000 b3:02 9430       /usr/lib/arm-linux-gnueabihf/libX11.so.6.3.0
61c25000-61c26000 r--p 0010f000 b3:02 9430       /usr/lib/arm-linux-gnueabihf/libX11.so.6.3.0
61c26000-61c29000 rw-p 00110000 b3:02 9430       /usr/lib/arm-linux-gnueabihf/libX11.so.6.3.0
61c29000-61c2c000 r-xp 00000000 b3:02 9634       /usr/lib/arm-linux-gnueabihf/libgmodule-2.0.so.0.5000.3
61c2c000-61c3b000 ---p 00003000 b3:02 9634       /usr/lib/arm-linux-gnueabihf/libgmodule-2.0.so.0.5000.3
61c3b000-61c3c000 r--p 00002000 b3:02 9634       /usr/lib/arm-linux-gnueabihf/libgmodule-2.0.so.0.5000.3
61c3c000-61c3d000 rw-p 00003000 b3:02 9634       /usr/lib/arm-linux-gnueabihf/libgmodule-2.0.so.0.5000.3
61c3d000-61c41000 r-xp 00000000 b3:02 9451       /usr/lib/arm-linux-gnueabihf/libXtst.so.6.1.0
61c41000-61c50000 ---p 00004000 b3:02 9451       /usr/lib/arm-linux-gnueabihf/libXtst.so.6.1.0
61c50000-61c51000 r--p 00003000 b3:02 9451       /usr/lib/arm-linux-gnueabihf/libXtst.so.6.1.0
61c51000-61c52000 rw-p 00004000 b3:02 9451       /usr/lib/arm-linux-gnueabihf/libXtst.so.6.1.0
61c52000-61d49000 r-xp 00000000 b3:02 2543       /lib/arm-linux-gnueabihf/libglib-2.0.so.0.5000.3
61d49000-61d58000 ---p 000f7000 b3:02 2543       /lib/arm-linux-gnueabihf/libglib-2.0.so.0.5000.3
61d58000-61d59000 r--p 000f6000 b3:02 2543       /lib/arm-linux-gnueabihf/libglib-2.0.so.0.5000.3
61d59000-61d5a000 rw-p 000f7000 b3:02 2543       /lib/arm-linux-gnueabihf/libglib-2.0.so.0.5000.3
61d5a000-61da3000 r-xp 00000000 b3:02 9640       /usr/lib/arm-linux-gnueabihf/libgobject-2.0.so.0.5000.3
61da3000-61db2000 ---p 00049000 b3:02 9640       /usr/lib/arm-linux-gnueabihf/libgobject-2.0.so.0.5000.3
61db2000-61db3000 r--p 00048000 b3:02 9640       /usr/lib/arm-linux-gnueabihf/libgobject-2.0.so.0.5000.3
61db3000-61db4000 rw-p 00049000 b3:02 9640       /usr/lib/arm-linux-gnueabihf/libgobject-2.0.so.0.5000.3
61db4000-61de6000 r-xp 00000000 b3:02 9605       /usr/lib/arm-linux-gnueabihf/libfontconfig.so.1.8.0
61de6000-61df5000 ---p 00032000 b3:02 9605       /usr/lib/arm-linux-gnueabihf/libfontconfig.so.1.8.0
61df5000-61df6000 r--p 00031000 b3:02 9605       /usr/lib/arm-linux-gnueabihf/libfontconfig.so.1.8.0
61df6000-61df7000 rw-p 00032000 b3:02 9605       /usr/lib/arm-linux-gnueabihf/libfontconfig.so.1.8.0
61df7000-61e7e000 r-xp 00000000 b3:02 9611       /usr/lib/arm-linux-gnueabihf/libfreetype.so.6.12.3
61e7e000-61e8d000 ---p 00087000 b3:02 9611       /usr/lib/arm-linux-gnueabihf/libfreetype.so.6.12.3
61e8d000-61e91000 r--p 00086000 b3:02 9611       /usr/lib/arm-linux-gnueabihf/libfreetype.so.6.12.3
61e91000-61e92000 rw-p 0008a000 b3:02 9611       /usr/lib/arm-linux-gnueabihf/libfreetype.so.6.12.3
61e92000-61ed1000 r-xp 00000000 b3:02 9831       /usr/lib/arm-linux-gnueabihf/libpango-1.0.so.0.4000.5
61ed1000-61ee0000 ---p 0003f000 b3:02 9831       /usr/lib/arm-linux-gnueabihf/libpango-1.0.so.0.4000.5
61ee0000-61ee2000 r--p 0003e000 b3:02 9831       /usr/lib/arm-linux-gnueabihf/libpango-1.0.so.0.4000.5
61ee2000-61ee3000 rw-p 00040000 b3:02 9831       /usr/lib/arm-linux-gnueabihf/libpango-1.0.so.0.4000.5
61ee3000-61fc0000 r-xp 00000000 b3:02 9509       /usr/lib/arm-linux-gnueabihf/libcairo.so.2.11400.8
61fc0000-61fd0000 ---p 000dd000 b3:02 9509       /usr/lib/arm-linux-gnueabihf/libcairo.so.2.11400.8
61fd0000-61fd2000 r--p 000dd000 b3:02 9509       /usr/lib/arm-linux-gnueabihf/libcairo.so.2.11400.8
61fd2000-61fd3000 rw-p 000df000 b3:02 9509       /usr/lib/arm-linux-gnueabihf/libcairo.so.2.11400.8
61fd3000-61fd4000 rw-p 00000000 00:00 0 
61fd4000-61ff4000 r-xp 00000000 b3:02 9624       /usr/lib/arm-linux-gnueabihf/libgdk_pixbuf-2.0.so.0.3600.5
61ff4000-62003000 ---p 00020000 b3:02 9624       /usr/lib/arm-linux-gnueabihf/libgdk_pixbuf-2.0.so.0.3600.5
62003000-62004000 r--p 0001f000 b3:02 9624       /usr/lib/arm-linux-gnueabihf/libgdk_pixbuf-2.0.so.0.3600.5
62004000-62005000 rw-p 00020000 b3:02 9624       /usr/lib/arm-linux-gnueabihf/libgdk_pixbuf-2.0.so.0.3600.5
62005000-6200e000 r-xp 00000000 b3:02 9832       /usr/lib/arm-linux-gnueabihf/libpangocairo-1.0.so.0.4000.5
6200e000-6201e000 ---p 00009000 b3:02 9832       /usr/lib/arm-linux-gnueabihf/libpangocairo-1.0.so.0.4000.5
6201e000-6201f000 r--p 00009000 b3:02 9832       /usr/lib/arm-linux-gnueabihf/libpangocairo-1.0.so.0.4000.5
6201f000-62020000 rw-p 0000a000 b3:02 9832       /usr/lib/arm-linux-gnueabihf/libpangocairo-1.0.so.0.4000.5
62020000-62031000 r-xp 00000000 b3:02 9833       /usr/lib/arm-linux-gnueabihf/libpangoft2-1.0.so.0.4000.5
62031000-62040000 ---p 00011000 b3:02 9833       /usr/lib/arm-linux-gnueabihf/libpangoft2-1.0.so.0.4000.5
62040000-62041000 r--p 00010000 b3:02 9833       /usr/lib/arm-linux-gnueabihf/libpangoft2-1.0.so.0.4000.5
62041000-62042000 rw-p 00011000 b3:02 9833       /usr/lib/arm-linux-gnueabihf/libpangoft2-1.0.so.0.4000.5
62042000-62191000 r-xp 00000000 b3:02 9630       /usr/lib/arm-linux-gnueabihf/libgio-2.0.so.0.5000.3
62191000-621a1000 ---p 0014f000 b3:02 9630       /usr/lib/arm-linux-gnueabihf/libgio-2.0.so.0.5000.3
621a1000-621a3000 r--p 0014f000 b3:02 9630       /usr/lib/arm-linux-gnueabihf/libgio-2.0.so.0.5000.3
621a3000-621a5000 rw-p 00151000 b3:02 9630       /usr/lib/arm-linux-gnueabihf/libgio-2.0.so.0.5000.3
621a5000-621a6000 rw-p 00000000 00:00 0 
621a6000-621c1000 r-xp 00000000 b3:02 9469       /usr/lib/arm-linux-gnueabihf/libatk-1.0.so.0.22209.1
621c1000-621d1000 ---p 0001b000 b3:02 9469       /usr/lib/arm-linux-gnueabihf/libatk-1.0.so.0.22209.1
621d1000-621d2000 r--p 0001b000 b3:02 9469       /usr/lib/arm-linux-gnueabihf/libatk-1.0.so.0.22209.1
621d2000-621d3000 rw-p 0001c000 b3:02 9469       /usr/lib/arm-linux-gnueabihf/libatk-1.0.so.0.22209.1
621d3000-62265000 r-xp 00000000 b3:02 9623       /usr/lib/arm-linux-gnueabihf/libgdk-x11-2.0.so.0.2400.31
62265000-62274000 ---p 00092000 b3:02 9623       /usr/lib/arm-linux-gnueabihf/libgdk-x11-2.0.so.0.2400.31
62274000-62276000 r--p 00091000 b3:02 9623       /usr/lib/arm-linux-gnueabihf/libgdk-x11-2.0.so.0.2400.31
62276000-62277000 rw-p 00093000 b3:02 9623       /usr/lib/arm-linux-gnueabihf/libgdk-x11-2.0.so.0.2400.31
62277000-6261f000 r-xp 00000000 b3:02 9700       /usr/lib/arm-linux-gnueabihf/libgtk-x11-2.0.so.0.2400.31
6261f000-6262e000 ---p 003a8000 b3:02 9700       /usr/lib/arm-linux-gnueabihf/libgtk-x11-2.0.so.0.2400.31
6262e000-62632000 r--p 003a7000 b3:02 9700       /usr/lib/arm-linux-gnueabihf/libgtk-x11-2.0.so.0.2400.31
62632000-62635000 rw-p 003ab000 b3:02 9700       /usr/lib/arm-linux-gnueabihf/libgtk-x11-2.0.so.0.2400.31
62635000-62636000 rw-p 00000000 00:00 0 
62636000-62765000 r-xp 00000000 b3:02 9921       /usr/lib/arm-linux-gnueabihf/libstdc++.so.6.0.22
62765000-62775000 ---p 0012f000 b3:02 9921       /usr/lib/arm-linux-gnueabihf/libstdc++.so.6.0.22
62775000-6277a000 r--p 0012f000 b3:02 9921       /usr/lib/arm-linux-gnueabihf/libstdc++.so.6.0.22
6277a000-6277c000 rw-p 00134000 b3:02 9921       /usr/lib/arm-linux-gnueabihf/libstdc++.so.6.0.22
6277c000-6277e000 rw-p 00000000 00:00 0 
6277e000-6277f000 ---p 00000000 00:00 0 
6277f000-64400000 rw-p 00000000 00:00 0 
64400000-644fe000 rw-p 00000000 00:00 0 
644fe000-64500000 ---p 00000000 00:00 0 
64500000-6457d000 rw-p 00000000 00:00 0 
6457d000-64600000 ---p 00000000 00:00 0 
64604000-64626000 r-xp 00000000 b3:02 1050955    /usr/lib/jvm/jdk1.8.0_201/jre/lib/arm/libglass.so
64626000-6462d000 ---p 00022000 b3:02 1050955    /usr/lib/jvm/jdk1.8.0_201/jre/lib/arm/libglass.so
6462d000-6462f000 rw-p 00021000 b3:02 1050955    /usr/lib/jvm/jdk1.8.0_201/jre/lib/arm/libglass.so
6462f000-64632000 ---p 00000000 00:00 0 
64632000-6467f000 rw-p 00000000 00:00 0 
6467f000-64683000 ---p 00000000 00:00 0 
64683000-64700000 rw-p 00000000 00:00 0 
64700000-64800000 rw-p 00000000 00:00 0 
64803000-64808000 r--s 00084000 b3:02 1050815    /usr/lib/jvm/jdk1.8.0_201/jre/lib/jfr.jar
64808000-64809000 r-xp 00000000 b3:02 9698       /usr/lib/arm-linux-gnueabihf/libgthread-2.0.so.0.5000.3
64809000-64818000 ---p 00001000 b3:02 9698       /usr/lib/arm-linux-gnueabihf/libgthread-2.0.so.0.5000.3
64818000-64819000 r--p 00000000 b3:02 9698       /usr/lib/arm-linux-gnueabihf/libgthread-2.0.so.0.5000.3
64819000-6481a000 rw-p 00001000 b3:02 9698       /usr/lib/arm-linux-gnueabihf/libgthread-2.0.so.0.5000.3
6481a000-6481d000 ---p 00000000 00:00 0 
6481d000-6486a000 rw-p 00000000 00:00 0 
6486a000-64900000 r--s 008be000 b3:02 1050969    /usr/lib/jvm/jdk1.8.0_201/jre/lib/ext/jfxrt.jar
64900000-64921000 rw-p 00000000 00:00 0 
64921000-64a00000 ---p 00000000 00:00 0 
64a02000-64a08000 r--s 00000000 b3:02 35451      /var/cache/fontconfig/6094a5c04f012139332b91623dbcb43d-le32d8.cache-4
64a08000-64a0f000 r--s 00000000 b3:02 11737      /usr/lib/arm-linux-gnueabihf/gconv/gconv-modules.cache
64a0f000-64a1e000 r--p 00000000 b3:02 31362      /usr/share/locale/it/LC_MESSAGES/gtk20.mo
64a1e000-64a29000 r-xp 00000000 b3:02 1050968    /usr/lib/jvm/jdk1.8.0_201/jre/lib/arm/libprism_sw.so
64a29000-64a31000 ---p 0000b000 b3:02 1050968    /usr/lib/jvm/jdk1.8.0_201/jre/lib/arm/libprism_sw.so
64a31000-64a32000 rw-p 0000b000 b3:02 1050968    /usr/lib/jvm/jdk1.8.0_201/jre/lib/arm/libprism_sw.so
64a32000-64a40000 r-xp 00000000 b3:02 1050788    /usr/lib/jvm/jdk1.8.0_201/jre/lib/arm/libnio.so
64a40000-64a47000 ---p 0000e000 b3:02 1050788    /usr/lib/jvm/jdk1.8.0_201/jre/lib/arm/libnio.so
64a47000-64a48000 r--p 0000d000 b3:02 1050788    /usr/lib/jvm/jdk1.8.0_201/jre/lib/arm/libnio.so
64a48000-64a49000 rw-p 0000e000 b3:02 1050788    /usr/lib/jvm/jdk1.8.0_201/jre/lib/arm/libnio.so
64a49000-64a5c000 r-xp 00000000 b3:02 1050794    /usr/lib/jvm/jdk1.8.0_201/jre/lib/arm/libnet.so
64a5c000-64a63000 ---p 00013000 b3:02 1050794    /usr/lib/jvm/jdk1.8.0_201/jre/lib/arm/libnet.so
64a63000-64a64000 r--p 00012000 b3:02 1050794    /usr/lib/jvm/jdk1.8.0_201/jre/lib/arm/libnet.so
64a64000-64a65000 rw-p 00013000 b3:02 1050794    /usr/lib/jvm/jdk1.8.0_201/jre/lib/arm/libnet.so
64a65000-64c00000 r--p 00000000 b3:02 328        /usr/lib/locale/locale-archive
64c00000-64d00000 rw-p 00000000 00:00 0 
64d00000-64d21000 rw-p 00000000 00:00 0 
64d21000-64e00000 ---p 00000000 00:00 0 
64e00000-64e05000 r--s 00000000 b3:02 35454      /var/cache/fontconfig/9d2451b1fd30e5bffe8383fd27c35478-le32d8.cache-4
64e05000-64e07000 r-xp 00000000 b3:02 9432       /usr/lib/arm-linux-gnueabihf/libXau.so.6.0.0
64e07000-64e0e000 ---p 00002000 b3:02 9432       /usr/lib/arm-linux-gnueabihf/libXau.so.6.0.0
64e0e000-64e0f000 r--p 00001000 b3:02 9432       /usr/lib/arm-linux-gnueabihf/libXau.so.6.0.0
64e0f000-64e10000 rw-p 00002000 b3:02 9432       /usr/lib/arm-linux-gnueabihf/libXau.so.6.0.0
64e10000-64e13000 ---p 00000000 00:00 0 
64e13000-64e60000 rw-p 00000000 00:00 0 
64e60000-64e63000 ---p 00000000 00:00 0 
64e63000-64eb0000 rw-p 00000000 00:00 0 
64eb0000-64eb3000 ---p 00000000 00:00 0 
64eb3000-64f00000 rw-p 00000000 00:00 0 
64f00000-64f3c000 rw-p 00000000 00:00 0 
64f3c000-65000000 ---p 00000000 00:00 0 
65000000-65004000 r--s 00000000 b3:02 35468      /var/cache/fontconfig/d589a48862398ed80a3d6066f4f56f4c-le32d8.cache-4
65004000-65011000 r--s 00093000 b3:02 263186     /home/pi/Desktop/mina-core-2.0.19.jar
65011000-65014000 ---p 00000000 00:00 0 
65014000-65061000 rw-p 00000000 00:00 0 
65061000-65062000 ---p 00000000 00:00 0 
65062000-65131000 rw-p 00000000 00:00 0 
65131000-6530b000 r--s 03d6f000 b3:02 1050836    /usr/lib/jvm/jdk1.8.0_201/jre/lib/rt.jar
6530b000-657ac000 rw-p 00000000 00:00 0 
657ac000-657b2000 ---p 00000000 00:00 0 
657b2000-657b8000 rw-p 00000000 00:00 0 
657b8000-65800000 ---p 00000000 00:00 0 
65800000-65d40000 rw-p 00000000 00:00 0 
65d40000-6a540000 ---p 00000000 00:00 0 
6a540000-6b000000 rw-p 00000000 00:00 0 
6b000000-74000000 ---p 00000000 00:00 0 
74001000-74002000 r--s 00000000 b3:02 35445      /var/cache/fontconfig/0bd3dc0958fa2205aaaa8ebb13e2872b-le32d8.cache-4
74002000-74006000 r--s 000a1000 b3:02 1050840    /usr/lib/jvm/jdk1.8.0_201/jre/lib/jsse.jar
74006000-7400a000 r--s 00668000 b3:02 931181     /home/pi/Desktop/proo v2/Raspy/sqlite/sqlite-jdbc-3.23.1.jar
7400a000-7401d000 r--s 00345000 b3:02 1050738    /usr/lib/jvm/jdk1.8.0_201/jre/lib/resources.jar
7401d000-74020000 rw-p 00000000 00:00 0 
74020000-74043000 ---p 00000000 00:00 0 
74043000-74049000 rw-p 00000000 00:00 0 
74049000-74091000 ---p 00000000 00:00 0 
74091000-74099000 rw-p 00000000 00:00 0 
74099000-74112000 ---p 00000000 00:00 0 
74112000-7429a000 rwxp 00000000 00:00 0 
7429a000-76112000 ---p 00000000 00:00 0 
76112000-7612a000 r-xp 00000000 b3:02 1050764    /usr/lib/jvm/jdk1.8.0_201/jre/lib/arm/libzip.so
7612a000-76131000 ---p 00018000 b3:02 1050764    /usr/lib/jvm/jdk1.8.0_201/jre/lib/arm/libzip.so
76131000-76132000 r--p 00017000 b3:02 1050764    /usr/lib/jvm/jdk1.8.0_201/jre/lib/arm/libzip.so
76132000-76133000 rw-p 00018000 b3:02 1050764    /usr/lib/jvm/jdk1.8.0_201/jre/lib/arm/libzip.so
76133000-7613c000 r-xp 00000000 b3:02 8380       /lib/arm-linux-gnueabihf/libnss_files-2.24.so
7613c000-7614b000 ---p 00009000 b3:02 8380       /lib/arm-linux-gnueabihf/libnss_files-2.24.so
7614b000-7614c000 r--p 00008000 b3:02 8380       /lib/arm-linux-gnueabihf/libnss_files-2.24.so
7614c000-7614d000 rw-p 00009000 b3:02 8380       /lib/arm-linux-gnueabihf/libnss_files-2.24.so
7614d000-76153000 rw-p 00000000 00:00 0 
76153000-7615c000 r-xp 00000000 b3:02 8382       /lib/arm-linux-gnueabihf/libnss_nis-2.24.so
7615c000-7616b000 ---p 00009000 b3:02 8382       /lib/arm-linux-gnueabihf/libnss_nis-2.24.so
7616b000-7616c000 r--p 00008000 b3:02 8382       /lib/arm-linux-gnueabihf/libnss_nis-2.24.so
7616c000-7616d000 rw-p 00009000 b3:02 8382       /lib/arm-linux-gnueabihf/libnss_nis-2.24.so
7616d000-7617e000 r-xp 00000000 b3:02 8377       /lib/arm-linux-gnueabihf/libnsl-2.24.so
7617e000-7618d000 ---p 00011000 b3:02 8377       /lib/arm-linux-gnueabihf/libnsl-2.24.so
7618d000-7618e000 r--p 00010000 b3:02 8377       /lib/arm-linux-gnueabihf/libnsl-2.24.so
7618e000-7618f000 rw-p 00011000 b3:02 8377       /lib/arm-linux-gnueabihf/libnsl-2.24.so
7618f000-76191000 rw-p 00000000 00:00 0 
76191000-76197000 r-xp 00000000 b3:02 8378       /lib/arm-linux-gnueabihf/libnss_compat-2.24.so
76197000-761a6000 ---p 00006000 b3:02 8378       /lib/arm-linux-gnueabihf/libnss_compat-2.24.so
761a6000-761a7000 r--p 00005000 b3:02 8378       /lib/arm-linux-gnueabihf/libnss_compat-2.24.so
761a7000-761a8000 rw-p 00006000 b3:02 8378       /lib/arm-linux-gnueabihf/libnss_compat-2.24.so
761a8000-761aa000 r--s 0001a000 b3:02 397133     /home/pi/Desktop/idea-IU-183.5912.21/lib/idea_rt.jar
761aa000-761ac000 r--s 00001000 b3:02 267245     /home/pi/Desktop/slf4j-jdk14-1.7.25.jar
761ac000-761b0000 r--s 000a1000 b3:02 1050840    /usr/lib/jvm/jdk1.8.0_201/jre/lib/jsse.jar
761b0000-761b5000 r--s 00084000 b3:02 1050815    /usr/lib/jvm/jdk1.8.0_201/jre/lib/jfr.jar
761b5000-761b8000 r--s 0001a000 b3:02 1050750    /usr/lib/jvm/jdk1.8.0_201/jre/lib/jce.jar
761b8000-761bd000 r--s 002f9000 b3:02 1050739    /usr/lib/jvm/jdk1.8.0_201/jre/lib/charsets.jar
761bd000-761e0000 r-xp 00000000 b3:02 1050783    /usr/lib/jvm/jdk1.8.0_201/jre/lib/arm/libjava.so
761e0000-761e7000 ---p 00023000 b3:02 1050783    /usr/lib/jvm/jdk1.8.0_201/jre/lib/arm/libjava.so
761e7000-761e8000 r--p 00022000 b3:02 1050783    /usr/lib/jvm/jdk1.8.0_201/jre/lib/arm/libjava.so
761e8000-761e9000 rw-p 00023000 b3:02 1050783    /usr/lib/jvm/jdk1.8.0_201/jre/lib/arm/libjava.so
761e9000-761ef000 r-xp 00000000 b3:02 8388       /lib/arm-linux-gnueabihf/librt-2.24.so
761ef000-761fe000 ---p 00006000 b3:02 8388       /lib/arm-linux-gnueabihf/librt-2.24.so
761fe000-761ff000 r--p 00005000 b3:02 8388       /lib/arm-linux-gnueabihf/librt-2.24.so
761ff000-76200000 rw-p 00006000 b3:02 8388       /lib/arm-linux-gnueabihf/librt-2.24.so
76200000-76300000 rw-p 00000000 00:00 0 
76300000-76301000 r--s 00000000 b3:02 35448      /var/cache/fontconfig/3f7329c5293ffd510edef78f73874cfd-le32d8.cache-4
76301000-76309000 r-xp 00000000 b3:02 1050762    /usr/lib/jvm/jdk1.8.0_201/jre/lib/arm/libinstrument.so
76309000-76310000 ---p 00008000 b3:02 1050762    /usr/lib/jvm/jdk1.8.0_201/jre/lib/arm/libinstrument.so
76310000-76311000 r--p 00007000 b3:02 1050762    /usr/lib/jvm/jdk1.8.0_201/jre/lib/arm/libinstrument.so
76311000-76312000 rw-p 00008000 b3:02 1050762    /usr/lib/jvm/jdk1.8.0_201/jre/lib/arm/libinstrument.so
76312000-76316000 ---p 00000000 00:00 0 
76316000-76363000 rw-p 00000000 00:00 0 
76363000-763d0000 r-xp 00000000 b3:02 8373       /lib/arm-linux-gnueabihf/libm-2.24.so
763d0000-763e0000 ---p 0006d000 b3:02 8373       /lib/arm-linux-gnueabihf/libm-2.24.so
763e0000-763e1000 r--p 0006d000 b3:02 8373       /lib/arm-linux-gnueabihf/libm-2.24.so
763e1000-763e2000 rw-p 0006e000 b3:02 8373       /lib/arm-linux-gnueabihf/libm-2.24.so
763e2000-76979000 r-xp 00000000 b3:02 1050798    /usr/lib/jvm/jdk1.8.0_201/jre/lib/arm/client/libjvm.so
76979000-76980000 ---p 00597000 b3:02 1050798    /usr/lib/jvm/jdk1.8.0_201/jre/lib/arm/client/libjvm.so
76980000-76994000 r--p 00596000 b3:02 1050798    /usr/lib/jvm/jdk1.8.0_201/jre/lib/arm/client/libjvm.so
76994000-769ad000 rw-p 005aa000 b3:02 1050798    /usr/lib/jvm/jdk1.8.0_201/jre/lib/arm/client/libjvm.so
769ad000-76dd4000 rw-p 00000000 00:00 0 
76dd4000-76df0000 r-xp 00000000 b3:02 2541       /lib/arm-linux-gnueabihf/libgcc_s.so.1
76df0000-76dff000 ---p 0001c000 b3:02 2541       /lib/arm-linux-gnueabihf/libgcc_s.so.1
76dff000-76e00000 r--p 0001b000 b3:02 2541       /lib/arm-linux-gnueabihf/libgcc_s.so.1
76e00000-76e01000 rw-p 0001c000 b3:02 2541       /lib/arm-linux-gnueabihf/libgcc_s.so.1
76e01000-76f2b000 r-xp 00000000 b3:02 8369       /lib/arm-linux-gnueabihf/libc-2.24.so
76f2b000-76f3a000 ---p 0012a000 b3:02 8369       /lib/arm-linux-gnueabihf/libc-2.24.so
76f3a000-76f3c000 r--p 00129000 b3:02 8369       /lib/arm-linux-gnueabihf/libc-2.24.so
76f3c000-76f3d000 rw-p 0012b000 b3:02 8369       /lib/arm-linux-gnueabihf/libc-2.24.so
76f3d000-76f40000 rw-p 00000000 00:00 0 
76f40000-76f42000 r-xp 00000000 b3:02 8372       /lib/arm-linux-gnueabihf/libdl-2.24.so
76f42000-76f51000 ---p 00002000 b3:02 8372       /lib/arm-linux-gnueabihf/libdl-2.24.so
76f51000-76f52000 r--p 00001000 b3:02 8372       /lib/arm-linux-gnueabihf/libdl-2.24.so
76f52000-76f53000 rw-p 00002000 b3:02 8372       /lib/arm-linux-gnueabihf/libdl-2.24.so
76f53000-76f68000 r-xp 00000000 b3:02 1050859    /usr/lib/jvm/jdk1.8.0_201/lib/arm/jli/libjli.so
76f68000-76f6f000 ---p 00015000 b3:02 1050859    /usr/lib/jvm/jdk1.8.0_201/lib/arm/jli/libjli.so
76f6f000-76f70000 r--p 00014000 b3:02 1050859    /usr/lib/jvm/jdk1.8.0_201/lib/arm/jli/libjli.so
76f70000-76f71000 rw-p 00015000 b3:02 1050859    /usr/lib/jvm/jdk1.8.0_201/lib/arm/jli/libjli.so
76f71000-76f87000 r-xp 00000000 b3:02 8386       /lib/arm-linux-gnueabihf/libpthread-2.24.so
76f87000-76f96000 ---p 00016000 b3:02 8386       /lib/arm-linux-gnueabihf/libpthread-2.24.so
76f96000-76f97000 r--p 00015000 b3:02 8386       /lib/arm-linux-gnueabihf/libpthread-2.24.so
76f97000-76f98000 rw-p 00016000 b3:02 8386       /lib/arm-linux-gnueabihf/libpthread-2.24.so
76f98000-76f9a000 rw-p 00000000 00:00 0 
76f9a000-76f9c000 r--s 00009000 b3:02 267244     /home/pi/Desktop/slf4j-api-1.7.25.jar
76f9c000-76fa5000 r-xp 00000000 b3:02 1050758    /usr/lib/jvm/jdk1.8.0_201/jre/lib/arm/libverify.so
76fa5000-76fad000 ---p 00009000 b3:02 1050758    /usr/lib/jvm/jdk1.8.0_201/jre/lib/arm/libverify.so
76fad000-76fae000 r--p 00009000 b3:02 1050758    /usr/lib/jvm/jdk1.8.0_201/jre/lib/arm/libverify.so
76fae000-76faf000 rw-p 0000a000 b3:02 1050758    /usr/lib/jvm/jdk1.8.0_201/jre/lib/arm/libverify.so
76faf000-76fb4000 r-xp 00000000 b3:02 9462       /usr/lib/arm-linux-gnueabihf/libarmmem.so
76fb4000-76fc3000 ---p 00005000 b3:02 9462       /usr/lib/arm-linux-gnueabihf/libarmmem.so
76fc3000-76fc4000 r--p 00004000 b3:02 9462       /usr/lib/arm-linux-gnueabihf/libarmmem.so
76fc4000-76fc5000 rw-p 00005000 b3:02 9462       /usr/lib/arm-linux-gnueabihf/libarmmem.so
76fc5000-76fe6000 r-xp 00000000 b3:02 8361       /lib/arm-linux-gnueabihf/ld-2.24.so
76fe6000-76fe7000 r--s 00000000 b3:02 1050742    /usr/lib/jvm/jdk1.8.0_201/jre/lib/management-agent.jar
76fe7000-76fe8000 r--s 00000000 b3:02 1050952    /usr/lib/jvm/jdk1.8.0_201/jre/lib/jfxswt.jar
76fe8000-76ff0000 rw-s 00000000 b3:02 1058895    /tmp/hsperfdata_root/1729
76ff0000-76ff1000 r--p 00000000 00:00 0 
76ff1000-76ff5000 rw-p 00000000 00:00 0 
76ff5000-76ff6000 r--p 00020000 b3:02 8361       /lib/arm-linux-gnueabihf/ld-2.24.so
76ff6000-76ff7000 rw-p 00021000 b3:02 8361       /lib/arm-linux-gnueabihf/ld-2.24.so
7ea2e000-7ea4f000 rw-p 00000000 00:00 0          [stack]
7ed10000-7ed11000 r-xp 00000000 00:00 0          [sigpage]
7ed11000-7ed12000 r--p 00000000 00:00 0          [vvar]
7ed12000-7ed13000 r-xp 00000000 00:00 0          [vdso]
ffff0000-ffff1000 r-xp 00000000 00:00 0          [vectors]

VM Arguments:
jvm_args: -Djdk.gtk.verbose=true -Djdk.gtk.version=3 -Djavafx.platform=gtk3 -javaagent:/home/pi/Desktop/idea-IU-183.5912.21/lib/idea_rt.jar=39309:/home/pi/Desktop/idea-IU-183.5912.21/bin -Dfile.encoding=UTF-8 
java_command: sample.Main
java_class_path (initial): /usr/lib/jvm/jdk1.8.0_201/jre/lib/charsets.jar:/usr/lib/jvm/jdk1.8.0_201/jre/lib/ext/cldrdata.jar:/usr/lib/jvm/jdk1.8.0_201/jre/lib/ext/dnsns.jar:/usr/lib/jvm/jdk1.8.0_201/jre/lib/ext/jaccess.jar:/usr/lib/jvm/jdk1.8.0_201/jre/lib/ext/jfxrt.jar:/usr/lib/jvm/jdk1.8.0_201/jre/lib/ext/localedata.jar:/usr/lib/jvm/jdk1.8.0_201/jre/lib/ext/nashorn.jar:/usr/lib/jvm/jdk1.8.0_201/jre/lib/ext/sunec.jar:/usr/lib/jvm/jdk1.8.0_201/jre/lib/ext/sunjce_provider.jar:/usr/lib/jvm/jdk1.8.0_201/jre/lib/ext/sunpkcs11.jar:/usr/lib/jvm/jdk1.8.0_201/jre/lib/ext/zipfs.jar:/usr/lib/jvm/jdk1.8.0_201/jre/lib/jce.jar:/usr/lib/jvm/jdk1.8.0_201/jre/lib/jfr.jar:/usr/lib/jvm/jdk1.8.0_201/jre/lib/jfxswt.jar:/usr/lib/jvm/jdk1.8.0_201/jre/lib/jsse.jar:/usr/lib/jvm/jdk1.8.0_201/jre/lib/management-agent.jar:/usr/lib/jvm/jdk1.8.0_201/jre/lib/resources.jar:/usr/lib/jvm/jdk1.8.0_201/jre/lib/rt.jar:/home/pi/Desktop/proo v2/Raspy/out/production/Raspy:/home/pi/Desktop/mina-core-2.0.19.jar:/home/pi/Desktop/slf4j-api-1.7.25.jar:/home/pi/Desktop/slf4j-jdk14-1.7.25.jar:/home/pi/Desktop/proo v2/Raspy/sqlite/sqlite-jdbc-3.23.1.jar:/home/pi/Desktop/idea-IU-183.5912.21/lib/idea_rt.jar
Launcher Type: SUN_STANDARD

Environment Variables:
JAVA_HOME=/usr/lib/jvm/jdk1.8.0_201
PATH=/usr/local/sbin:/usr/local/bin:/usr/sbin:/usr/bin:/sbin:/bin:/usr/local/games:/usr/games:$JAVA_HOME/bin
USERNAME=root
SHELL=/bin/bash
DISPLAY=:0.0

Signal Handlers:
SIGSEGV: [libjvm.so+0x5177a0], sa_mask[0]=11111111011111111101111111111110, sa_flags=SA_RESTART|SA_SIGINFO
SIGBUS: [libjvm.so+0x5177a0], sa_mask[0]=11111111011111111101111111111110, sa_flags=SA_RESTART|SA_SIGINFO
SIGFPE: [libjvm.so+0x40b2f4], sa_mask[0]=11111111011111111101111111111110, sa_flags=SA_RESTART|SA_SIGINFO
SIGPIPE: SIG_IGN, sa_mask[0]=00000000000010000000000000000000, sa_flags=SA_RESTART
SIGXFSZ: [libjvm.so+0x40b2f4], sa_mask[0]=11111111011111111101111111111110, sa_flags=SA_RESTART|SA_SIGINFO
SIGILL: [libjvm.so+0x40b2f4], sa_mask[0]=11111111011111111101111111111110, sa_flags=SA_RESTART|SA_SIGINFO
SIGUSR1: SIG_DFL, sa_mask[0]=00000000000000000000000000000000, sa_flags=none
SIGUSR2: [libjvm.so+0x40b458], sa_mask[0]=00100000000000000000000000000000, sa_flags=SA_RESTART|SA_SIGINFO
SIGHUP: [libjvm.so+0x40b88c], sa_mask[0]=11111111011111111101111111111110, sa_flags=SA_RESTART|SA_SIGINFO
SIGINT: [libjvm.so+0x40b88c], sa_mask[0]=11111111011111111101111111111110, sa_flags=SA_RESTART|SA_SIGINFO
SIGTERM: [libjvm.so+0x40b88c], sa_mask[0]=11111111011111111101111111111110, sa_flags=SA_RESTART|SA_SIGINFO
SIGQUIT: [libjvm.so+0x40b88c], sa_mask[0]=11111111011111111101111111111110, sa_flags=SA_RESTART|SA_SIGINFO


---------------  S Y S T E M  ---------------

OS:PRETTY_NAME="Raspbian GNU/Linux 9 (stretch)"
NAME="Raspbian GNU/Linux"
VERSION_ID="9"
VERSION="9 (stretch)"
ID=raspbian
ID_LIKE=debian
HOME_URL="http://www.raspbian.org/"
SUPPORT_URL="http://www.raspbian.org/RaspbianForums"
BUG_REPORT_URL="http://www.raspbian.org/RaspbianBugs"

uname:Linux 4.14.98-v7+ #1200 SMP Tue Feb 12 20:27:48 GMT 2019 armv7l
libc:glibc 2.24 NPTL 2.24 
rlimit: STACK 8192k, CORE infinity, NPROC 7345, NOFILE 1048576, AS infinity
load average:2,30 2,51 1,64

/proc/meminfo:
MemTotal:         949448 kB
MemFree:           40888 kB
MemAvailable:     128148 kB
Buffers:            6216 kB
Cached:           135936 kB
SwapCached:        12208 kB
Active:           434468 kB
Inactive:         432860 kB
Active(anon):     370160 kB
Inactive(anon):   371108 kB
Active(file):      64308 kB
Inactive(file):    61752 kB
Unevictable:           0 kB
Mlocked:               0 kB
SwapTotal:        102396 kB
SwapFree:          43516 kB
Dirty:               168 kB
Writeback:             0 kB
AnonPages:        713012 kB
Mapped:            65124 kB
Shmem:             16080 kB
Slab:              23856 kB
SReclaimable:      12500 kB
SUnreclaim:        11356 kB
KernelStack:        2144 kB
PageTables:         4864 kB
NFS_Unstable:          0 kB
Bounce:                0 kB
WritebackTmp:          0 kB
CommitLimit:      577120 kB
Committed_AS:    1625920 kB
VmallocTotal:    1114112 kB
VmallocUsed:           0 kB
VmallocChunk:          0 kB
CmaTotal:           8192 kB
CmaFree:            6232 kB


CPU:total 4 (initial active 4) (ARMv7), vfp

/proc/cpuinfo:
processor	: 0
model name	: ARMv7 Processor rev 4 (v7l)
BogoMIPS	: 38.40
Features	: half thumb fastmult vfp edsp neon vfpv3 tls vfpv4 idiva idivt vfpd32 lpae evtstrm crc32 
CPU implementer	: 0x41
CPU architecture: 7
CPU variant	: 0x0
CPU part	: 0xd03
CPU revision	: 4

processor	: 1
model name	: ARMv7 Processor rev 4 (v7l)
BogoMIPS	: 38.40
Features	: half thumb fastmult vfp edsp neon vfpv3 tls vfpv4 idiva idivt vfpd32 lpae evtstrm crc32 
CPU implementer	: 0x41
CPU architecture: 7
CPU variant	: 0x0
CPU part	: 0xd03
CPU revision	: 4

processor	: 2
model name	: ARMv7 Processor rev 4 (v7l)
BogoMIPS	: 38.40
Features	: half thumb fastmult vfp edsp neon vfpv3 tls vfpv4 idiva idivt vfpd32 lpae evtstrm crc32 
CPU implementer	: 0x41
CPU architecture: 7
CPU variant	: 0x0
CPU part	: 0xd03
CPU revision	: 4

processor	: 3
model name	: ARMv7 Processor rev 4 (v7l)
BogoMIPS	: 38.40
Features	: half thumb fastmult vfp edsp neon vfpv3 tls vfpv4 idiva idivt vfpd32 lpae evtstrm crc32 
CPU implementer	: 0x41
CPU architecture: 7
CPU variant	: 0x0
CPU part	: 0xd03
CPU revision	: 4

Hardware	: BCM2835
Revision	: a22082
Serial		: 0000000020d3221b


Memory: 4k page, physical 949448k(40888k free), swap 102396k(43516k free)

vm_info: Java HotSpot(TM) Client VM (25.201-b09) for linux-arm-vfp-hflt JRE (1.8.0_201-b09), built on Dec 15 2018 19:16:37 by "java_re" with gcc 4.7.2 20120910 (prerelease)

time: Tue Mar 12 09:39:36 2019
timezone: CET
elapsed time: 53 seconds (0d 0h 0m 53s)

