#
# A fatal error has been detected by the Java Runtime Environment:
#
#  SIGSEGV (0xb) at pc=0x6143cbe4, pid=2668, tid=0x611af470
#
# JRE version: Java(TM) SE Runtime Environment (8.0_201-b09) (build 1.8.0_201-b09)
# Java VM: Java HotSpot(TM) Client VM (25.201-b09 mixed mode linux-arm )
# Problematic frame:
# C  [Reader.so+0xbe4]  Java_sample_NFC_readNfc+0x288
#
# Core dump written. Default location: /home/pi/Desktop/proo v2/Raspy/core or core.2668
#
# If you would like to submit a bug report, please visit:
#   http://bugreport.java.com/bugreport/crash.jsp
# The crash happened outside the Java Virtual Machine in native code.
# See problematic frame for where to report the bug.
#

---------------  T H R E A D  ---------------

Current thread (0x61345000):  JavaThread "Thread-2" [_thread_in_native, id=2696, stack(0x61160000,0x611b0000)]

siginfo: si_signo: 11 (SIGSEGV), si_code: 1 (SEGV_MAPERR), si_addr: 0x00000024

Registers:
  r0  = 0x0000000a
  r1  = 0x00000000
  r2  = 0x00000009
  r3  = 0x00000000
  r4  = 0x00000080
  r5  = 0x00000000
  r6  = 0x00000080
  r7  = 0x00000000
  r8  = 0x611aea70
  r9  = 0x653dd458
  r10 = 0x61345000
  fp  = 0x611aeaac
  r12 = 0x0000000a
  sp  = 0x611aea58
  lr  = 0x76db9a8c
  pc  = 0x6143cbe4
  cpsr = 0x20000010

Top of Stack: (sp=0x611aea58)
0x611aea58:   740a859c 6143c95c 0000009d 00000061
0x611aea68:   00000010 0000007c 00000000 00000000
0x611aea78:   00000000 00000000 00000000 00000003
0x611aea88:   00000009 64e0d668 60f1f018 740a859c
0x611aea98:   6143c95c ffffffff 00000000 611aeb28
0x611aeaa8:   611aeb20 74077a2c ffffffff 65a2e968
0x611aeab8:   00000000 6a6da7b0 611aeac0 655d2e62
0x611aeac8:   611aeae8 60f1f018 00000000 655d2e70 

Instructions: (pc=0x6143cbe4)
0x6143cbc4:   e59f2118 e51b3024 e0823003 e2833007
0x6143cbd4:   e5d33000 e1a01003 e51b302c e51b2024
0x6143cbe4:   e7831102 e51b3024 e2833001 e50b3024
0x6143cbf4:   e59f30e8 e5d32003 e5d31004 e1a01401 

Register to memory mapping:

  r0  = 0x0000000a
0x0000000a is an unknown value

  r1  = 0x00000000
0x00000000 is an unknown value

  r2  = 0x00000009
0x00000009 is an unknown value

  r3  = 0x00000000
0x00000000 is an unknown value

  r4  = 0x00000080
0x00000080 is an unknown value

  r5  = 0x00000000
0x00000000 is an unknown value

  r6  = 0x00000080
0x00000080 is an unknown value

  r7  = 0x00000000
0x00000000 is an unknown value

  r8  = 0x611aea70
0x611aea70 is pointing into the stack for thread: 0x61345000

  r9  = 0x653dd458
{method} {0x653dd458} 'readNfc' '()[I' in 'sample/NFC'

  r10 = 0x61345000
0x61345000 is a thread

  fp  = 0x611aeaac
0x611aeaac is pointing into the stack for thread: 0x61345000

  r12 = 0x0000000a
0x0000000a is an unknown value

  sp  = 0x611aea58
0x611aea58 is pointing into the stack for thread: 0x61345000

  lr  = 0x76db9a8c
0x76db9a8c: putchar+0x2c in /lib/arm-linux-gnueabihf/libc.so.6 at 0x76d5a000

  pc  = 0x6143cbe4
0x6143cbe4: Java_sample_NFC_readNfc+0x288 in /home/pi/Desktop/proo v2/Raspy/out/production/Raspy/sample/Reader.so at 0x6143c000



Stack: [0x61160000,0x611b0000],  sp=0x611aea58,  free space=314k
Native frames: (J=compiled Java code, j=interpreted, Vv=VM code, C=native code)
C  [Reader.so+0xbe4]  Java_sample_NFC_readNfc+0x288

Java frames: (J=compiled Java code, j=interpreted, Vv=VM code)
j  sample.NFC.readNfc()[I+0
j  sample.NFC.run()V+16
j  java.lang.Thread.run()V+11
v  ~StubRoutines::call_stub

---------------  P R O C E S S  ---------------

Java Threads: ( => current thread )
  0x607f7400 JavaThread "Prism Font Disposer" daemon [_thread_blocked, id=2707, stack(0x60b50000,0x60ba0000)]
  0x610d0000 JavaThread "process reaper" daemon [_thread_blocked, id=2702, stack(0x60e49000,0x60e60000)]
  0x61098800 JavaThread "JavaFX-Launcher" [_thread_blocked, id=2700, stack(0x60e60000,0x60eb0000)]
  0x61096000 JavaThread "Thread-4" [_thread_blocked, id=2699, stack(0x60eb0000,0x60f00000)]
=>0x61345000 JavaThread "Thread-2" [_thread_in_native, id=2696, stack(0x61160000,0x611b0000)]
  0x61342c00 JavaThread "JavaFX Application Thread" [_thread_in_native, id=2695, stack(0x612b0000,0x61300000)]
  0x61340400 JavaThread "Thread-1" daemon [_thread_blocked, id=2694, stack(0x6144f000,0x6149f000)]
  0x647c5000 JavaThread "QuantumRenderer-0" daemon [_thread_blocked, id=2693, stack(0x626de000,0x6272e000)]
  0x64900800 JavaThread "Attach Listener" daemon [_thread_blocked, id=2692, stack(0x6272e000,0x6277e000)]
  0x64706800 JavaThread "Service Thread" daemon [_thread_blocked, id=2688, stack(0x64613000,0x64663000)]
  0x64708000 JavaThread "C1 CompilerThread0" daemon [_thread_blocked, id=2687, stack(0x64680000,0x64700000)]
  0x64703800 JavaThread "Monitor Ctrl-Break" daemon [_thread_in_native, id=2686, stack(0x6481a000,0x6486a000)]
  0x76181c00 JavaThread "Signal Dispatcher" daemon [_thread_blocked, id=2681, stack(0x64a15000,0x64a65000)]
  0x76166800 JavaThread "Finalizer" daemon [_thread_blocked, id=2679, stack(0x64f09000,0x64f59000)]
  0x76164c00 JavaThread "Reference Handler" daemon [_thread_blocked, id=2677, stack(0x73e2d000,0x73e7d000)]
  0x76109000 JavaThread "main" [_thread_blocked, id=2671, stack(0x7626c000,0x762bc000)]

Other Threads:
  0x7615f400 VMThread [stack: 0x64f5a000,0x64fda000] [id=2674]
  0x64712400 WatcherThread [stack: 0x6277f000,0x627ff000] [id=2689]

VM state:not at safepoint (normal execution)

VM Mutex/Monitor currently owned by a thread: None

Heap:
 def new generation   total 4864K, used 609K [0x65600000, 0x65b40000, 0x6a340000)
  eden space 4352K,   4% used [0x65600000, 0x6562c560, 0x65a40000)
  from space 512K,  84% used [0x65a40000, 0x65aac1e8, 0x65ac0000)
  to   space 512K,   0% used [0x65ac0000, 0x65ac0000, 0x65b40000)
 tenured generation   total 11008K, used 9713K [0x6a340000, 0x6ae00000, 0x73e00000)
   the space 11008K,  88% used [0x6a340000, 0x6acbc6c0, 0x6acbc800, 0x6ae00000)
 Metaspace       used 11552K, capacity 12083K, committed 12184K, reserved 12592K

Card table byte_map: [0x73f75000,0x73fea000] byte_map_base: 0x73c4a000

Polling page: 0x76f49000

CodeCache: size=32768Kb used=1561Kb max_used=1561Kb free=31207Kb
 bounds [0x7406a000, 0x741f2000, 0x7606a000]
 total_blobs=1054 nmethods=726 adapters=260
 compilation: enabled

Compilation events (10 events):
Event: 43,383 Thread 0x64708000  737             javafx.scene.layout.Region::snapSize (9 bytes)
Event: 43,384 Thread 0x64708000 nmethod 737 0x741f0008 code [0x741f00f0, 0x741f01b4]
Event: 44,326 Thread 0x64708000  738             com.sun.javafx.geom.RectBounds::getBoundsType (4 bytes)
Event: 44,326 Thread 0x64708000 nmethod 738 0x741f0248 code [0x741f0330, 0x741f03b8]
Event: 44,327 Thread 0x64708000  739             com.sun.javafx.geom.transform.BaseTransform::almostZero (22 bytes)
Event: 44,328 Thread 0x64708000 nmethod 739 0x741f0408 code [0x741f04e0, 0x741f05a8]
Event: 48,036 Thread 0x64708000  740             java.util.zip.ZipFile$ZipFileInputStream::finalize (5 bytes)
Event: 48,036 Thread 0x64708000 nmethod 740 0x741f0608 code [0x741f06f0, 0x741f0784]
Event: 48,328 Thread 0x64708000  741             java.nio.Buffer::position (43 bytes)
Event: 48,329 Thread 0x64708000 nmethod 741 0x741f0808 code [0x741f08f0, 0x741f0a14]

GC Heap History (10 events):
Event: 4,224 GC heap before
{Heap before GC invocations=7 (full 0):
 def new generation   total 4864K, used 4862K [0x65600000, 0x65b40000, 0x6a340000)
  eden space 4352K,  99% used [0x65600000, 0x65a3f8b8, 0x65a40000)
  from space 512K, 100% used [0x65ac0000, 0x65b40000, 0x65b40000)
  to   space 512K,   0% used [0x65a40000, 0x65a40000, 0x65ac0000)
 tenured generation   total 11008K, used 5323K [0x6a340000, 0x6ae00000, 0x73e00000)
   the space 11008K,  48% used [0x6a340000, 0x6a872c98, 0x6a872e00, 0x6ae00000)
 Metaspace       used 9269K, capacity 9620K, committed 9752K, reserved 10544K
Event: 4,247 GC heap after
Heap after GC invocations=8 (full 0):
 def new generation   total 4864K, used 511K [0x65600000, 0x65b40000, 0x6a340000)
  eden space 4352K,   0% used [0x65600000, 0x65600000, 0x65a40000)
  from space 512K,  99% used [0x65a40000, 0x65abfff8, 0x65ac0000)
  to   space 512K,   0% used [0x65ac0000, 0x65ac0000, 0x65b40000)
 tenured generation   total 11008K, used 6627K [0x6a340000, 0x6ae00000, 0x73e00000)
   the space 11008K,  60% used [0x6a340000, 0x6a9b8fc8, 0x6a9b9000, 0x6ae00000)
 Metaspace       used 9269K, capacity 9620K, committed 9752K, reserved 10544K
}
Event: 4,764 GC heap before
{Heap before GC invocations=8 (full 0):
 def new generation   total 4864K, used 4863K [0x65600000, 0x65b40000, 0x6a340000)
  eden space 4352K, 100% used [0x65600000, 0x65a40000, 0x65a40000)
  from space 512K,  99% used [0x65a40000, 0x65abfff8, 0x65ac0000)
  to   space 512K,   0% used [0x65ac0000, 0x65ac0000, 0x65b40000)
 tenured generation   total 11008K, used 6627K [0x6a340000, 0x6ae00000, 0x73e00000)
   the space 11008K,  60% used [0x6a340000, 0x6a9b8fc8, 0x6a9b9000, 0x6ae00000)
 Metaspace       used 10026K, capacity 10488K, committed 10520K, reserved 10544K
Event: 4,781 GC heap after
Heap after GC invocations=9 (full 0):
 def new generation   total 4864K, used 512K [0x65600000, 0x65b40000, 0x6a340000)
  eden space 4352K,   0% used [0x65600000, 0x65600000, 0x65a40000)
  from space 512K, 100% used [0x65ac0000, 0x65b40000, 0x65b40000)
  to   space 512K,   0% used [0x65a40000, 0x65a40000, 0x65ac0000)
 tenured generation   total 11008K, used 7509K [0x6a340000, 0x6ae00000, 0x73e00000)
   the space 11008K,  68% used [0x6a340000, 0x6aa95770, 0x6aa95800, 0x6ae00000)
 Metaspace       used 10026K, capacity 10488K, committed 10520K, reserved 10544K
}
Event: 5,353 GC heap before
{Heap before GC invocations=9 (full 0):
 def new generation   total 4864K, used 4864K [0x65600000, 0x65b40000, 0x6a340000)
  eden space 4352K, 100% used [0x65600000, 0x65a40000, 0x65a40000)
  from space 512K, 100% used [0x65ac0000, 0x65b40000, 0x65b40000)
  to   space 512K,   0% used [0x65a40000, 0x65a40000, 0x65ac0000)
 tenured generation   total 11008K, used 7509K [0x6a340000, 0x6ae00000, 0x73e00000)
   the space 11008K,  68% used [0x6a340000, 0x6aa95770, 0x6aa95800, 0x6ae00000)
 Metaspace       used 10796K, capacity 11235K, committed 11288K, reserved 11568K
Event: 5,365 GC heap after
Heap after GC invocations=10 (full 0):
 def new generation   total 4864K, used 512K [0x65600000, 0x65b40000, 0x6a340000)
  eden space 4352K,   0% used [0x65600000, 0x65600000, 0x65a40000)
  from space 512K, 100% used [0x65a40000, 0x65ac0000, 0x65ac0000)
  to   space 512K,   0% used [0x65ac0000, 0x65ac0000, 0x65b40000)
 tenured generation   total 11008K, used 8170K [0x6a340000, 0x6ae00000, 0x73e00000)
   the space 11008K,  74% used [0x6a340000, 0x6ab3a9f0, 0x6ab3aa00, 0x6ae00000)
 Metaspace       used 10796K, capacity 11235K, committed 11288K, reserved 11568K
}
Event: 6,006 GC heap before
{Heap before GC invocations=10 (full 0):
 def new generation   total 4864K, used 4864K [0x65600000, 0x65b40000, 0x6a340000)
  eden space 4352K, 100% used [0x65600000, 0x65a40000, 0x65a40000)
  from space 512K, 100% used [0x65a40000, 0x65ac0000, 0x65ac0000)
  to   space 512K,   0% used [0x65ac0000, 0x65ac0000, 0x65b40000)
 tenured generation   total 11008K, used 8170K [0x6a340000, 0x6ae00000, 0x73e00000)
   the space 11008K,  74% used [0x6a340000, 0x6ab3a9f0, 0x6ab3aa00, 0x6ae00000)
 Metaspace       used 11444K, capacity 11940K, committed 12056K, reserved 12592K
Event: 6,023 GC heap after
Heap after GC invocations=11 (full 0):
 def new generation   total 4864K, used 511K [0x65600000, 0x65b40000, 0x6a340000)
  eden space 4352K,   0% used [0x65600000, 0x65600000, 0x65a40000)
  from space 512K,  99% used [0x65ac0000, 0x65b3fff8, 0x65b40000)
  to   space 512K,   0% used [0x65a40000, 0x65a40000, 0x65ac0000)
 tenured generation   total 11008K, used 9474K [0x6a340000, 0x6ae00000, 0x73e00000)
   the space 11008K,  86% used [0x6a340000, 0x6ac809b8, 0x6ac80a00, 0x6ae00000)
 Metaspace       used 11444K, capacity 11940K, committed 12056K, reserved 12592K
}
Event: 48,027 GC heap before
{Heap before GC invocations=11 (full 0):
 def new generation   total 4864K, used 4863K [0x65600000, 0x65b40000, 0x6a340000)
  eden space 4352K, 100% used [0x65600000, 0x65a40000, 0x65a40000)
  from space 512K,  99% used [0x65ac0000, 0x65b3fff8, 0x65b40000)
  to   space 512K,   0% used [0x65a40000, 0x65a40000, 0x65ac0000)
 tenured generation   total 11008K, used 9474K [0x6a340000, 0x6ae00000, 0x73e00000)
   the space 11008K,  86% used [0x6a340000, 0x6ac809b8, 0x6ac80a00, 0x6ae00000)
 Metaspace       used 11551K, capacity 12083K, committed 12184K, reserved 12592K
Event: 48,034 GC heap after
Heap after GC invocations=12 (full 0):
 def new generation   total 4864K, used 432K [0x65600000, 0x65b40000, 0x6a340000)
  eden space 4352K,   0% used [0x65600000, 0x65600000, 0x65a40000)
  from space 512K,  84% used [0x65a40000, 0x65aac1e8, 0x65ac0000)
  to   space 512K,   0% used [0x65ac0000, 0x65ac0000, 0x65b40000)
 tenured generation   total 11008K, used 9713K [0x6a340000, 0x6ae00000, 0x73e00000)
   the space 11008K,  88% used [0x6a340000, 0x6acbc6c0, 0x6acbc800, 0x6ae00000)
 Metaspace       used 11551K, capacity 12083K, committed 12184K, reserved 12592K
}

Deoptimization events (0 events):
No events

Classes redefined (0 events):
No events

Internal exceptions (10 events):
Event: 1,403 Thread 0x647c5000 Exception <a 'java/lang/UnsatisfiedLinkError'> (0x6582d018) thrown at [/HUDSON/workspace/8-2-build-glinux-arm-vfp-hflt/jdk8u201/12322/hotspot/src/share/vm/oops/instanceKlass.cpp, line 959]
Event: 2,968 Thread 0x61342c00 Exception <a 'java/lang/NullPointerException'> (0x6591a330) thrown at [/HUDSON/workspace/8-2-build-glinux-arm-vfp-hflt/jdk8u201/12322/hotspot/src/share/vm/interpreter/linkResolver.cpp, line 1185]
Event: 2,968 Thread 0x61342c00 Exception <a 'java/lang/NullPointerException'> (0x6591a330) thrown at [/HUDSON/workspace/8-2-build-glinux-arm-vfp-hflt/jdk8u201/12322/hotspot/src/share/vm/prims/jvm.cpp, line 1506]
Event: 3,295 Thread 0x61342c00 Exception <a 'java/lang/ArrayIndexOutOfBoundsException': 78> (0x6579cfb8) thrown at [/HUDSON/workspace/8-2-build-glinux-arm-vfp-hflt/jdk8u201/12322/hotspot/src/share/vm/interpreter/interpreterRuntime.cpp, line 368]
Event: 3,297 Thread 0x61342c00 Exception <a 'java/lang/ArrayIndexOutOfBoundsException': 18> (0x6579f430) thrown at [/HUDSON/workspace/8-2-build-glinux-arm-vfp-hflt/jdk8u201/12322/hotspot/src/share/vm/interpreter/interpreterRuntime.cpp, line 368]
Event: 3,298 Thread 0x61342c00 Exception <a 'java/lang/ArrayIndexOutOfBoundsException': 86> (0x657a1078) thrown at [/HUDSON/workspace/8-2-build-glinux-arm-vfp-hflt/jdk8u201/12322/hotspot/src/share/vm/interpreter/interpreterRuntime.cpp, line 368]
Event: 3,334 Thread 0x61342c00 Exception <a 'java/lang/ArrayIndexOutOfBoundsException'> (0x657cf838) thrown at [/HUDSON/workspace/8-2-build-glinux-arm-vfp-hflt/jdk8u201/12322/hotspot/src/share/vm/runtime/sharedRuntime.cpp, line 605]
Event: 3,605 Thread 0x61342c00 Exception <a 'java/lang/ArrayIndexOutOfBoundsException'> (0x6599bde8) thrown at [/HUDSON/workspace/8-2-build-glinux-arm-vfp-hflt/jdk8u201/12322/hotspot/src/share/vm/runtime/sharedRuntime.cpp, line 605]
Event: 4,166 Thread 0x61342c00 Exception <a 'java/lang/ArrayIndexOutOfBoundsException'> (0x6599fb48) thrown at [/HUDSON/workspace/8-2-build-glinux-arm-vfp-hflt/jdk8u201/12322/hotspot/src/share/vm/runtime/sharedRuntime.cpp, line 605]
Event: 4,502 Thread 0x61342c00 Exception <a 'java/io/FileNotFoundException'> (0x65831c30) thrown at [/HUDSON/workspace/8-2-build-glinux-arm-vfp-hflt/jdk8u201/12322/hotspot/src/share/vm/prims/jni.cpp, line 709]

Events (10 events):
Event: 47,216 Executing VM operation: RevokeBias done
Event: 47,216 Thread 0x64e0f000 Thread exited: 0x64e0f000
Event: 47,219 Thread 0x64e0f000 Thread added: 0x64e0f000
Event: 47,220 Executing VM operation: RevokeBias
Event: 47,221 Executing VM operation: RevokeBias done
Event: 47,221 Thread 0x64e0f000 Thread exited: 0x64e0f000
Event: 48,026 Executing VM operation: GenCollectForAllocation
Event: 48,035 Executing VM operation: GenCollectForAllocation done
Event: 48,036 Executing VM operation: RevokeBias
Event: 48,036 Executing VM operation: RevokeBias done


Dynamic libraries:
00008000-00009000 r-xp 00000000 b3:02 1050657    /usr/lib/jvm/jdk1.8.0_201/bin/java
00010000-00011000 r--p 00000000 b3:02 1050657    /usr/lib/jvm/jdk1.8.0_201/bin/java
00011000-00012000 rw-p 00001000 b3:02 1050657    /usr/lib/jvm/jdk1.8.0_201/bin/java
00c1c000-00c3d000 rw-p 00000000 00:00 0          [heap]
5fe00000-5fe88000 rw-p 00000000 00:00 0 
5fe88000-5ff00000 ---p 00000000 00:00 0 
5ff7d000-5ff80000 ---p 00000000 00:00 0 
5ff80000-600a0000 rw-p 00000000 00:00 0 
600a0000-60100000 rw-s 00000000 00:05 18317321   /SYSV00000000 (deleted)
60100000-601a0000 rw-p 00000000 00:00 0 
601a0000-60200000 ---p 00000000 00:00 0 
60200000-60260000 rw-p 00000000 00:00 0 
60260000-60300000 ---p 00000000 00:00 0 
60310000-6031d000 r-xp 00000000 b3:02 1050953    /usr/lib/jvm/jdk1.8.0_201/jre/lib/arm/libdecora_sse.so
6031d000-60324000 ---p 0000d000 b3:02 1050953    /usr/lib/jvm/jdk1.8.0_201/jre/lib/arm/libdecora_sse.so
60324000-60325000 rw-p 0000c000 b3:02 1050953    /usr/lib/jvm/jdk1.8.0_201/jre/lib/arm/libdecora_sse.so
60325000-6032b000 r--p 00000000 b3:02 31338      /usr/share/locale/it/LC_MESSAGES/gdk-pixbuf.mo
6032b000-603e4000 r--p 00000000 b3:02 150082     /usr/share/fonts/truetype/dejavu/DejaVuSans.ttf
603e4000-603f7000 r--p 00000000 b3:02 1050809    /usr/lib/jvm/jdk1.8.0_201/jre/lib/fonts/LucidaBrightDemiBold.ttf
603f7000-6040b000 r--p 00000000 b3:02 1050807    /usr/lib/jvm/jdk1.8.0_201/jre/lib/fonts/LucidaBrightItalic.ttf
6040b000-604b6000 r--p 00000000 b3:02 1050804    /usr/lib/jvm/jdk1.8.0_201/jre/lib/fonts/LucidaSansRegular.ttf
604b6000-604f0000 r--p 00000000 b3:02 1050812    /usr/lib/jvm/jdk1.8.0_201/jre/lib/fonts/LucidaTypewriterBold.ttf
604f0000-6052c000 r--p 00000000 b3:02 1050808    /usr/lib/jvm/jdk1.8.0_201/jre/lib/fonts/LucidaTypewriterRegular.ttf
6052c000-6057a000 r--p 00000000 b3:02 1050806    /usr/lib/jvm/jdk1.8.0_201/jre/lib/fonts/LucidaSansDemiBold.ttf
6057a000-605cf000 r--p 00000000 b3:02 1050810    /usr/lib/jvm/jdk1.8.0_201/jre/lib/fonts/LucidaBrightRegular.ttf
605cf000-605ef000 r-xp 00000000 b3:02 3250       /usr/lib/arm-linux-gnueabihf/gtk-2.0/2.10.0/engines/libclearlookspix.so
605ef000-605fe000 ---p 00020000 b3:02 3250       /usr/lib/arm-linux-gnueabihf/gtk-2.0/2.10.0/engines/libclearlookspix.so
605fe000-605ff000 r--p 0001f000 b3:02 3250       /usr/lib/arm-linux-gnueabihf/gtk-2.0/2.10.0/engines/libclearlookspix.so
605ff000-60600000 rw-p 00020000 b3:02 3250       /usr/lib/arm-linux-gnueabihf/gtk-2.0/2.10.0/engines/libclearlookspix.so
60600000-60700000 rw-p 00000000 00:00 0 
60700000-60800000 rw-p 00000000 00:00 0 
60800000-60900000 rw-p 00000000 00:00 0 
60900000-60a00000 rw-p 00000000 00:00 0 
60a00000-60a3e000 rw-p 00000000 00:00 0 
60a3e000-60b00000 ---p 00000000 00:00 0 
60b00000-60b13000 r--p 00000000 b3:02 1050811    /usr/lib/jvm/jdk1.8.0_201/jre/lib/fonts/LucidaBrightDemiItalic.ttf
60b13000-60b16000 r-xp 00000000 b3:02 1050961    /usr/lib/jvm/jdk1.8.0_201/jre/lib/arm/libjavafx_font_pango.so
60b16000-60b1e000 ---p 00003000 b3:02 1050961    /usr/lib/jvm/jdk1.8.0_201/jre/lib/arm/libjavafx_font_pango.so
60b1e000-60b1f000 rw-p 00003000 b3:02 1050961    /usr/lib/jvm/jdk1.8.0_201/jre/lib/arm/libjavafx_font_pango.so
60b1f000-60b24000 r--s 00084000 b3:02 1050815    /usr/lib/jvm/jdk1.8.0_201/jre/lib/jfr.jar
60b24000-60b2c000 r-xp 00000000 b3:02 10635      /usr/lib/arm-linux-gnueabihf/gtk-2.0/2.10.0/engines/libpixmap.so
60b2c000-60b3b000 ---p 00008000 b3:02 10635      /usr/lib/arm-linux-gnueabihf/gtk-2.0/2.10.0/engines/libpixmap.so
60b3b000-60b3c000 r--p 00007000 b3:02 10635      /usr/lib/arm-linux-gnueabihf/gtk-2.0/2.10.0/engines/libpixmap.so
60b3c000-60b3d000 rw-p 00008000 b3:02 10635      /usr/lib/arm-linux-gnueabihf/gtk-2.0/2.10.0/engines/libpixmap.so
60b3d000-60b50000 r--s 00000000 b3:02 35457      /var/cache/fontconfig/d52a8644073d54c13679302ca1180695-le32d8.cache-4
60b50000-60b53000 ---p 00000000 00:00 0 
60b53000-60ba0000 rw-p 00000000 00:00 0 
60ba0000-60c36000 r-xp 00000000 b3:02 4202       /tmp/sqlite-3.23.1-d4c90007-133f-4374-a8b2-1ed401fdff24-libsqlitejdbc.so
60c36000-60c46000 ---p 00096000 b3:02 4202       /tmp/sqlite-3.23.1-d4c90007-133f-4374-a8b2-1ed401fdff24-libsqlitejdbc.so
60c46000-60c49000 rw-p 00096000 b3:02 4202       /tmp/sqlite-3.23.1-d4c90007-133f-4374-a8b2-1ed401fdff24-libsqlitejdbc.so
60c49000-60d49000 rw-p 00000000 00:00 0 
60d49000-60e49000 rw-p 00000000 00:00 0 
60e49000-60e4c000 ---p 00000000 00:00 0 
60e4c000-60e60000 rw-p 00000000 00:00 0 
60e60000-60e63000 ---p 00000000 00:00 0 
60e63000-60eb0000 rw-p 00000000 00:00 0 
60eb0000-60eb3000 ---p 00000000 00:00 0 
60eb3000-61000000 rw-p 00000000 00:00 0 
61000000-610ef000 rw-p 00000000 00:00 0 
610ef000-61100000 ---p 00000000 00:00 0 
61104000-6110a000 r--s 00000000 b3:02 35451      /var/cache/fontconfig/6094a5c04f012139332b91623dbcb43d-le32d8.cache-4
6110a000-6110f000 r--s 00000000 b3:02 35454      /var/cache/fontconfig/9d2451b1fd30e5bffe8383fd27c35478-le32d8.cache-4
6110f000-61113000 r--s 00000000 b3:02 35468      /var/cache/fontconfig/d589a48862398ed80a3d6066f4f56f4c-le32d8.cache-4
61113000-6112f000 r--s 00393000 b3:02 1050710    /usr/lib/jvm/jdk1.8.0_201/jre/lib/ext/cldrdata.jar
6112f000-6114d000 r-xp 00000000 b3:02 3273       /usr/lib/arm-linux-gnueabihf/libnfc.so.5.0.1
6114d000-6115d000 ---p 0001e000 b3:02 3273       /usr/lib/arm-linux-gnueabihf/libnfc.so.5.0.1
6115d000-6115e000 r--p 0001e000 b3:02 3273       /usr/lib/arm-linux-gnueabihf/libnfc.so.5.0.1
6115e000-61160000 rw-p 0001f000 b3:02 3273       /usr/lib/arm-linux-gnueabihf/libnfc.so.5.0.1
61160000-61163000 ---p 00000000 00:00 0 
61163000-612b0000 rw-p 00000000 00:00 0 
612b0000-612b3000 ---p 00000000 00:00 0 
612b3000-61300000 rw-p 00000000 00:00 0 
61300000-613eb000 rw-p 00000000 00:00 0 
613eb000-61400000 ---p 00000000 00:00 0 
61402000-61406000 r-xp 00000000 b3:02 1050960    /usr/lib/jvm/jdk1.8.0_201/jre/lib/arm/libjavafx_font_freetype.so
61406000-6140e000 ---p 00004000 b3:02 1050960    /usr/lib/jvm/jdk1.8.0_201/jre/lib/arm/libjavafx_font_freetype.so
6140e000-6140f000 rw-p 00004000 b3:02 1050960    /usr/lib/jvm/jdk1.8.0_201/jre/lib/arm/libjavafx_font_freetype.so
6140f000-61415000 r-xp 00000000 b3:02 2608       /lib/arm-linux-gnueabihf/libusb-0.1.so.4.4.4
61415000-61424000 ---p 00006000 b3:02 2608       /lib/arm-linux-gnueabihf/libusb-0.1.so.4.4.4
61424000-61425000 r--p 00005000 b3:02 2608       /lib/arm-linux-gnueabihf/libusb-0.1.so.4.4.4
61425000-61426000 rw-p 00006000 b3:02 2608       /lib/arm-linux-gnueabihf/libusb-0.1.so.4.4.4
61426000-61427000 rw-p 00000000 00:00 0 
61427000-6142a000 r-xp 00000000 b3:02 1050959    /usr/lib/jvm/jdk1.8.0_201/jre/lib/arm/libjavafx_font.so
6142a000-61431000 ---p 00003000 b3:02 1050959    /usr/lib/jvm/jdk1.8.0_201/jre/lib/arm/libjavafx_font.so
61431000-61432000 rw-p 00002000 b3:02 1050959    /usr/lib/jvm/jdk1.8.0_201/jre/lib/arm/libjavafx_font.so
61432000-6143c000 r--s 00116000 b3:02 1050706    /usr/lib/jvm/jdk1.8.0_201/jre/lib/ext/localedata.jar
6143c000-6143d000 r-xp 00000000 b3:02 792338     /home/pi/Desktop/proo v2/Raspy/out/production/Raspy/sample/Reader.so
6143d000-6144d000 ---p 00001000 b3:02 792338     /home/pi/Desktop/proo v2/Raspy/out/production/Raspy/sample/Reader.so
6144d000-6144e000 r--p 00001000 b3:02 792338     /home/pi/Desktop/proo v2/Raspy/out/production/Raspy/sample/Reader.so
6144e000-6144f000 rw-p 00002000 b3:02 792338     /home/pi/Desktop/proo v2/Raspy/out/production/Raspy/sample/Reader.so
6144f000-61452000 ---p 00000000 00:00 0 
61452000-6149f000 rw-p 00000000 00:00 0 
6149f000-614c9000 r--p 00000000 b3:02 31361      /usr/share/locale/it/LC_MESSAGES/gtk20-properties.mo
614c9000-614eb000 r--p 00000000 b3:02 9879       /usr/share/locale/it/LC_MESSAGES/libc.mo
614eb000-61503000 r-xp 00000000 b3:02 2523       /lib/arm-linux-gnueabihf/libbsd.so.0.8.3
61503000-61512000 ---p 00018000 b3:02 2523       /lib/arm-linux-gnueabihf/libbsd.so.0.8.3
61512000-61513000 r--p 00017000 b3:02 2523       /lib/arm-linux-gnueabihf/libbsd.so.0.8.3
61513000-61514000 rw-p 00018000 b3:02 2523       /lib/arm-linux-gnueabihf/libbsd.so.0.8.3
61514000-61517000 r-xp 00000000 b3:02 2611       /lib/arm-linux-gnueabihf/libuuid.so.1.3.0
61517000-61526000 ---p 00003000 b3:02 2611       /lib/arm-linux-gnueabihf/libuuid.so.1.3.0
61526000-61527000 r--p 00002000 b3:02 2611       /lib/arm-linux-gnueabihf/libuuid.so.1.3.0
61527000-61528000 rw-p 00003000 b3:02 2611       /lib/arm-linux-gnueabihf/libuuid.so.1.3.0
61528000-6152d000 r-xp 00000000 b3:02 9533       /usr/lib/arm-linux-gnueabihf/libdatrie.so.1.3.3
6152d000-6153c000 ---p 00005000 b3:02 9533       /usr/lib/arm-linux-gnueabihf/libdatrie.so.1.3.3
6153c000-6153d000 r--p 00004000 b3:02 9533       /usr/lib/arm-linux-gnueabihf/libdatrie.so.1.3.3
6153d000-6153e000 rw-p 00005000 b3:02 9533       /usr/lib/arm-linux-gnueabihf/libdatrie.so.1.3.3
6153e000-61542000 r-xp 00000000 b3:02 9437       /usr/lib/arm-linux-gnueabihf/libXdmcp.so.6.0.0
61542000-61551000 ---p 00004000 b3:02 9437       /usr/lib/arm-linux-gnueabihf/libXdmcp.so.6.0.0
61551000-61552000 r--p 00003000 b3:02 9437       /usr/lib/arm-linux-gnueabihf/libXdmcp.so.6.0.0
61552000-61553000 rw-p 00004000 b3:02 9437       /usr/lib/arm-linux-gnueabihf/libXdmcp.so.6.0.0
61553000-61574000 r-xp 00000000 b3:02 9645       /usr/lib/arm-linux-gnueabihf/libgraphite2.so.3.0.1
61574000-61584000 ---p 00021000 b3:02 9645       /usr/lib/arm-linux-gnueabihf/libgraphite2.so.3.0.1
61584000-61585000 r--p 00021000 b3:02 9645       /usr/lib/arm-linux-gnueabihf/libgraphite2.so.3.0.1
61585000-61586000 rw-p 00022000 b3:02 9645       /usr/lib/arm-linux-gnueabihf/libgraphite2.so.3.0.1
61586000-615bf000 r-xp 00000000 b3:02 2522       /lib/arm-linux-gnueabihf/libblkid.so.1.1.0
615bf000-615cf000 ---p 00039000 b3:02 2522       /lib/arm-linux-gnueabihf/libblkid.so.1.1.0
615cf000-615d1000 r--p 00039000 b3:02 2522       /lib/arm-linux-gnueabihf/libblkid.so.1.1.0
615d1000-615d2000 rw-p 0003b000 b3:02 2522       /lib/arm-linux-gnueabihf/libblkid.so.1.1.0
615d2000-615d3000 rw-p 00000000 00:00 0 
615d3000-6163b000 r-xp 00000000 b3:02 2581       /lib/arm-linux-gnueabihf/libpcre.so.3.13.3
6163b000-6164a000 ---p 00068000 b3:02 2581       /lib/arm-linux-gnueabihf/libpcre.so.3.13.3
6164a000-6164b000 r--p 00067000 b3:02 2581       /lib/arm-linux-gnueabihf/libpcre.so.3.13.3
6164b000-6164c000 rw-p 00068000 b3:02 2581       /lib/arm-linux-gnueabihf/libpcre.so.3.13.3
6164c000-61653000 r-xp 00000000 b3:02 9580       /usr/lib/arm-linux-gnueabihf/libffi.so.6.0.4
61653000-61662000 ---p 00007000 b3:02 9580       /usr/lib/arm-linux-gnueabihf/libffi.so.6.0.4
61662000-61663000 r--p 00006000 b3:02 9580       /usr/lib/arm-linux-gnueabihf/libffi.so.6.0.4
61663000-61664000 rw-p 00007000 b3:02 9580       /usr/lib/arm-linux-gnueabihf/libffi.so.6.0.4
61664000-61683000 r-xp 00000000 b3:02 2537       /lib/arm-linux-gnueabihf/libexpat.so.1.6.2
61683000-61693000 ---p 0001f000 b3:02 2537       /lib/arm-linux-gnueabihf/libexpat.so.1.6.2
61693000-61695000 r--p 0001f000 b3:02 2537       /lib/arm-linux-gnueabihf/libexpat.so.1.6.2
61695000-61696000 rw-p 00021000 b3:02 2537       /lib/arm-linux-gnueabihf/libexpat.so.1.6.2
61696000-6169d000 r-xp 00000000 b3:02 9931       /usr/lib/arm-linux-gnueabihf/libthai.so.0.3.0
6169d000-616ac000 ---p 00007000 b3:02 9931       /usr/lib/arm-linux-gnueabihf/libthai.so.0.3.0
616ac000-616ad000 r--p 00006000 b3:02 9931       /usr/lib/arm-linux-gnueabihf/libthai.so.0.3.0
616ad000-616ae000 rw-p 00007000 b3:02 9931       /usr/lib/arm-linux-gnueabihf/libthai.so.0.3.0
616ae000-616b8000 r-xp 00000000 b3:02 9992       /usr/lib/arm-linux-gnueabihf/libxcb-render.so.0.0.0
616b8000-616c7000 ---p 0000a000 b3:02 9992       /usr/lib/arm-linux-gnueabihf/libxcb-render.so.0.0.0
616c7000-616c8000 r--p 00009000 b3:02 9992       /usr/lib/arm-linux-gnueabihf/libxcb-render.so.0.0.0
616c8000-616c9000 rw-p 0000a000 b3:02 9992       /usr/lib/arm-linux-gnueabihf/libxcb-render.so.0.0.0
616c9000-616e7000 r-xp 00000000 b3:02 10001      /usr/lib/arm-linux-gnueabihf/libxcb.so.1.1.0
616e7000-616f6000 ---p 0001e000 b3:02 10001      /usr/lib/arm-linux-gnueabihf/libxcb.so.1.1.0
616f6000-616f7000 r--p 0001d000 b3:02 10001      /usr/lib/arm-linux-gnueabihf/libxcb.so.1.1.0
616f7000-616f8000 rw-p 0001e000 b3:02 10001      /usr/lib/arm-linux-gnueabihf/libxcb.so.1.1.0
616f8000-616fa000 r-xp 00000000 b3:02 9994       /usr/lib/arm-linux-gnueabihf/libxcb-shm.so.0.0.0
616fa000-61709000 ---p 00002000 b3:02 9994       /usr/lib/arm-linux-gnueabihf/libxcb-shm.so.0.0.0
61709000-6170a000 r--p 00001000 b3:02 9994       /usr/lib/arm-linux-gnueabihf/libxcb-shm.so.0.0.0
6170a000-6170b000 rw-p 00002000 b3:02 9994       /usr/lib/arm-linux-gnueabihf/libxcb-shm.so.0.0.0
6170b000-61797000 r-xp 00000000 b3:02 9844       /usr/lib/arm-linux-gnueabihf/libpixman-1.so.0.34.0
61797000-617a6000 ---p 0008c000 b3:02 9844       /usr/lib/arm-linux-gnueabihf/libpixman-1.so.0.34.0
617a6000-617ac000 r--p 0008b000 b3:02 9844       /usr/lib/arm-linux-gnueabihf/libpixman-1.so.0.34.0
617ac000-617ad000 rw-p 00091000 b3:02 9844       /usr/lib/arm-linux-gnueabihf/libpixman-1.so.0.34.0
617ad000-617d6000 r-xp 00000000 b3:02 9849       /usr/lib/arm-linux-gnueabihf/libpng16.so.16.28.0
617d6000-617e5000 ---p 00029000 b3:02 9849       /usr/lib/arm-linux-gnueabihf/libpng16.so.16.28.0
617e5000-617e6000 r--p 00028000 b3:02 9849       /usr/lib/arm-linux-gnueabihf/libpng16.so.16.28.0
617e6000-617e7000 rw-p 00029000 b3:02 9849       /usr/lib/arm-linux-gnueabihf/libpng16.so.16.28.0
617e7000-6186d000 r-xp 00000000 b3:02 9704       /usr/lib/arm-linux-gnueabihf/libharfbuzz.so.0.10400.2
6186d000-6187c000 ---p 00086000 b3:02 9704       /usr/lib/arm-linux-gnueabihf/libharfbuzz.so.0.10400.2
6187c000-6187d000 r--p 00085000 b3:02 9704       /usr/lib/arm-linux-gnueabihf/libharfbuzz.so.0.10400.2
6187d000-6187e000 rw-p 00086000 b3:02 9704       /usr/lib/arm-linux-gnueabihf/libharfbuzz.so.0.10400.2
6187e000-618be000 r-xp 00000000 b3:02 2557       /lib/arm-linux-gnueabihf/libmount.so.1.1.0
618be000-618ce000 ---p 00040000 b3:02 2557       /lib/arm-linux-gnueabihf/libmount.so.1.1.0
618ce000-618cf000 r--p 00040000 b3:02 2557       /lib/arm-linux-gnueabihf/libmount.so.1.1.0
618cf000-618d0000 rw-p 00041000 b3:02 2557       /lib/arm-linux-gnueabihf/libmount.so.1.1.0
618d0000-618d1000 rw-p 00000000 00:00 0 
618d1000-618e2000 r-xp 00000000 b3:02 8387       /lib/arm-linux-gnueabihf/libresolv-2.24.so
618e2000-618f2000 ---p 00011000 b3:02 8387       /lib/arm-linux-gnueabihf/libresolv-2.24.so
618f2000-618f3000 r--p 00011000 b3:02 8387       /lib/arm-linux-gnueabihf/libresolv-2.24.so
618f3000-618f4000 rw-p 00012000 b3:02 8387       /lib/arm-linux-gnueabihf/libresolv-2.24.so
618f4000-618f6000 rw-p 00000000 00:00 0 
618f6000-61916000 r-xp 00000000 b3:02 2595       /lib/arm-linux-gnueabihf/libselinux.so.1
61916000-61926000 ---p 00020000 b3:02 2595       /lib/arm-linux-gnueabihf/libselinux.so.1
61926000-61927000 r--p 00020000 b3:02 2595       /lib/arm-linux-gnueabihf/libselinux.so.1
61927000-61928000 rw-p 00021000 b3:02 2595       /lib/arm-linux-gnueabihf/libselinux.so.1
61928000-61929000 rw-p 00000000 00:00 0 
61929000-6193f000 r-xp 00000000 b3:02 2613       /lib/arm-linux-gnueabihf/libz.so.1.2.8
6193f000-6194e000 ---p 00016000 b3:02 2613       /lib/arm-linux-gnueabihf/libz.so.1.2.8
6194e000-6194f000 r--p 00015000 b3:02 2613       /lib/arm-linux-gnueabihf/libz.so.1.2.8
6194f000-61950000 rw-p 00016000 b3:02 2613       /lib/arm-linux-gnueabihf/libz.so.1.2.8
61950000-6195e000 r-xp 00000000 b3:02 9438       /usr/lib/arm-linux-gnueabihf/libXext.so.6.4.0
6195e000-6196d000 ---p 0000e000 b3:02 9438       /usr/lib/arm-linux-gnueabihf/libXext.so.6.4.0
6196d000-6196e000 r--p 0000d000 b3:02 9438       /usr/lib/arm-linux-gnueabihf/libXext.so.6.4.0
6196e000-6196f000 rw-p 0000e000 b3:02 9438       /usr/lib/arm-linux-gnueabihf/libXext.so.6.4.0
6196f000-61977000 r-xp 00000000 b3:02 9435       /usr/lib/arm-linux-gnueabihf/libXcursor.so.1.0.2
61977000-61986000 ---p 00008000 b3:02 9435       /usr/lib/arm-linux-gnueabihf/libXcursor.so.1.0.2
61986000-61987000 r--p 00007000 b3:02 9435       /usr/lib/arm-linux-gnueabihf/libXcursor.so.1.0.2
61987000-61988000 rw-p 00008000 b3:02 9435       /usr/lib/arm-linux-gnueabihf/libXcursor.so.1.0.2
61988000-61990000 r-xp 00000000 b3:02 9447       /usr/lib/arm-linux-gnueabihf/libXrandr.so.2.2.0
61990000-6199f000 ---p 00008000 b3:02 9447       /usr/lib/arm-linux-gnueabihf/libXrandr.so.2.2.0
6199f000-619a0000 r--p 00007000 b3:02 9447       /usr/lib/arm-linux-gnueabihf/libXrandr.so.2.2.0
619a0000-619a1000 rw-p 00008000 b3:02 9447       /usr/lib/arm-linux-gnueabihf/libXrandr.so.2.2.0
619a1000-619ae000 r-xp 00000000 b3:02 9442       /usr/lib/arm-linux-gnueabihf/libXi.so.6.1.0
619ae000-619bd000 ---p 0000d000 b3:02 9442       /usr/lib/arm-linux-gnueabihf/libXi.so.6.1.0
619bd000-619be000 r--p 0000c000 b3:02 9442       /usr/lib/arm-linux-gnueabihf/libXi.so.6.1.0
619be000-619bf000 rw-p 0000d000 b3:02 9442       /usr/lib/arm-linux-gnueabihf/libXi.so.6.1.0
619bf000-619c1000 r-xp 00000000 b3:02 9443       /usr/lib/arm-linux-gnueabihf/libXinerama.so.1.0.0
619c1000-619d0000 ---p 00002000 b3:02 9443       /usr/lib/arm-linux-gnueabihf/libXinerama.so.1.0.0
619d0000-619d1000 r--p 00001000 b3:02 9443       /usr/lib/arm-linux-gnueabihf/libXinerama.so.1.0.0
619d1000-619d2000 rw-p 00002000 b3:02 9443       /usr/lib/arm-linux-gnueabihf/libXinerama.so.1.0.0
619d2000-619da000 r-xp 00000000 b3:02 9448       /usr/lib/arm-linux-gnueabihf/libXrender.so.1.3.0
619da000-619e9000 ---p 00008000 b3:02 9448       /usr/lib/arm-linux-gnueabihf/libXrender.so.1.3.0
619e9000-619ea000 r--p 00007000 b3:02 9448       /usr/lib/arm-linux-gnueabihf/libXrender.so.1.3.0
619ea000-619eb000 rw-p 00008000 b3:02 9448       /usr/lib/arm-linux-gnueabihf/libXrender.so.1.3.0
619eb000-619ef000 r-xp 00000000 b3:02 9439       /usr/lib/arm-linux-gnueabihf/libXfixes.so.3.1.0
619ef000-619fe000 ---p 00004000 b3:02 9439       /usr/lib/arm-linux-gnueabihf/libXfixes.so.3.1.0
619fe000-619ff000 r--p 00003000 b3:02 9439       /usr/lib/arm-linux-gnueabihf/libXfixes.so.3.1.0
619ff000-61a00000 rw-p 00004000 b3:02 9439       /usr/lib/arm-linux-gnueabihf/libXfixes.so.3.1.0
61a00000-61a02000 r-xp 00000000 b3:02 9436       /usr/lib/arm-linux-gnueabihf/libXdamage.so.1.1.0
61a02000-61a11000 ---p 00002000 b3:02 9436       /usr/lib/arm-linux-gnueabihf/libXdamage.so.1.1.0
61a11000-61a12000 r--p 00001000 b3:02 9436       /usr/lib/arm-linux-gnueabihf/libXdamage.so.1.1.0
61a12000-61a13000 rw-p 00002000 b3:02 9436       /usr/lib/arm-linux-gnueabihf/libXdamage.so.1.1.0
61a13000-61a15000 r-xp 00000000 b3:02 9434       /usr/lib/arm-linux-gnueabihf/libXcomposite.so.1.0.0
61a15000-61a24000 ---p 00002000 b3:02 9434       /usr/lib/arm-linux-gnueabihf/libXcomposite.so.1.0.0
61a24000-61a25000 r--p 00001000 b3:02 9434       /usr/lib/arm-linux-gnueabihf/libXcomposite.so.1.0.0
61a25000-61a26000 rw-p 00002000 b3:02 9434       /usr/lib/arm-linux-gnueabihf/libXcomposite.so.1.0.0
61a26000-61b35000 r-xp 00000000 b3:02 9430       /usr/lib/arm-linux-gnueabihf/libX11.so.6.3.0
61b35000-61b45000 ---p 0010f000 b3:02 9430       /usr/lib/arm-linux-gnueabihf/libX11.so.6.3.0
61b45000-61b46000 r--p 0010f000 b3:02 9430       /usr/lib/arm-linux-gnueabihf/libX11.so.6.3.0
61b46000-61b49000 rw-p 00110000 b3:02 9430       /usr/lib/arm-linux-gnueabihf/libX11.so.6.3.0
61b49000-61b4c000 r-xp 00000000 b3:02 9634       /usr/lib/arm-linux-gnueabihf/libgmodule-2.0.so.0.5000.3
61b4c000-61b5b000 ---p 00003000 b3:02 9634       /usr/lib/arm-linux-gnueabihf/libgmodule-2.0.so.0.5000.3
61b5b000-61b5c000 r--p 00002000 b3:02 9634       /usr/lib/arm-linux-gnueabihf/libgmodule-2.0.so.0.5000.3
61b5c000-61b5d000 rw-p 00003000 b3:02 9634       /usr/lib/arm-linux-gnueabihf/libgmodule-2.0.so.0.5000.3
61b5d000-61b61000 r-xp 00000000 b3:02 9451       /usr/lib/arm-linux-gnueabihf/libXtst.so.6.1.0
61b61000-61b70000 ---p 00004000 b3:02 9451       /usr/lib/arm-linux-gnueabihf/libXtst.so.6.1.0
61b70000-61b71000 r--p 00003000 b3:02 9451       /usr/lib/arm-linux-gnueabihf/libXtst.so.6.1.0
61b71000-61b72000 rw-p 00004000 b3:02 9451       /usr/lib/arm-linux-gnueabihf/libXtst.so.6.1.0
61b72000-61c69000 r-xp 00000000 b3:02 2543       /lib/arm-linux-gnueabihf/libglib-2.0.so.0.5000.3
61c69000-61c78000 ---p 000f7000 b3:02 2543       /lib/arm-linux-gnueabihf/libglib-2.0.so.0.5000.3
61c78000-61c79000 r--p 000f6000 b3:02 2543       /lib/arm-linux-gnueabihf/libglib-2.0.so.0.5000.3
61c79000-61c7a000 rw-p 000f7000 b3:02 2543       /lib/arm-linux-gnueabihf/libglib-2.0.so.0.5000.3
61c7a000-61cc3000 r-xp 00000000 b3:02 9640       /usr/lib/arm-linux-gnueabihf/libgobject-2.0.so.0.5000.3
61cc3000-61cd2000 ---p 00049000 b3:02 9640       /usr/lib/arm-linux-gnueabihf/libgobject-2.0.so.0.5000.3
61cd2000-61cd3000 r--p 00048000 b3:02 9640       /usr/lib/arm-linux-gnueabihf/libgobject-2.0.so.0.5000.3
61cd3000-61cd4000 rw-p 00049000 b3:02 9640       /usr/lib/arm-linux-gnueabihf/libgobject-2.0.so.0.5000.3
61cd4000-61d06000 r-xp 00000000 b3:02 9605       /usr/lib/arm-linux-gnueabihf/libfontconfig.so.1.8.0
61d06000-61d15000 ---p 00032000 b3:02 9605       /usr/lib/arm-linux-gnueabihf/libfontconfig.so.1.8.0
61d15000-61d16000 r--p 00031000 b3:02 9605       /usr/lib/arm-linux-gnueabihf/libfontconfig.so.1.8.0
61d16000-61d17000 rw-p 00032000 b3:02 9605       /usr/lib/arm-linux-gnueabihf/libfontconfig.so.1.8.0
61d17000-61d9e000 r-xp 00000000 b3:02 9611       /usr/lib/arm-linux-gnueabihf/libfreetype.so.6.12.3
61d9e000-61dad000 ---p 00087000 b3:02 9611       /usr/lib/arm-linux-gnueabihf/libfreetype.so.6.12.3
61dad000-61db1000 r--p 00086000 b3:02 9611       /usr/lib/arm-linux-gnueabihf/libfreetype.so.6.12.3
61db1000-61db2000 rw-p 0008a000 b3:02 9611       /usr/lib/arm-linux-gnueabihf/libfreetype.so.6.12.3
61db2000-61df1000 r-xp 00000000 b3:02 9831       /usr/lib/arm-linux-gnueabihf/libpango-1.0.so.0.4000.5
61df1000-61e00000 ---p 0003f000 b3:02 9831       /usr/lib/arm-linux-gnueabihf/libpango-1.0.so.0.4000.5
61e00000-61e02000 r--p 0003e000 b3:02 9831       /usr/lib/arm-linux-gnueabihf/libpango-1.0.so.0.4000.5
61e02000-61e03000 rw-p 00040000 b3:02 9831       /usr/lib/arm-linux-gnueabihf/libpango-1.0.so.0.4000.5
61e03000-61ee0000 r-xp 00000000 b3:02 9509       /usr/lib/arm-linux-gnueabihf/libcairo.so.2.11400.8
61ee0000-61ef0000 ---p 000dd000 b3:02 9509       /usr/lib/arm-linux-gnueabihf/libcairo.so.2.11400.8
61ef0000-61ef2000 r--p 000dd000 b3:02 9509       /usr/lib/arm-linux-gnueabihf/libcairo.so.2.11400.8
61ef2000-61ef3000 rw-p 000df000 b3:02 9509       /usr/lib/arm-linux-gnueabihf/libcairo.so.2.11400.8
61ef3000-61ef4000 rw-p 00000000 00:00 0 
61ef4000-61f14000 r-xp 00000000 b3:02 9624       /usr/lib/arm-linux-gnueabihf/libgdk_pixbuf-2.0.so.0.3600.5
61f14000-61f23000 ---p 00020000 b3:02 9624       /usr/lib/arm-linux-gnueabihf/libgdk_pixbuf-2.0.so.0.3600.5
61f23000-61f24000 r--p 0001f000 b3:02 9624       /usr/lib/arm-linux-gnueabihf/libgdk_pixbuf-2.0.so.0.3600.5
61f24000-61f25000 rw-p 00020000 b3:02 9624       /usr/lib/arm-linux-gnueabihf/libgdk_pixbuf-2.0.so.0.3600.5
61f25000-61f2e000 r-xp 00000000 b3:02 9832       /usr/lib/arm-linux-gnueabihf/libpangocairo-1.0.so.0.4000.5
61f2e000-61f3e000 ---p 00009000 b3:02 9832       /usr/lib/arm-linux-gnueabihf/libpangocairo-1.0.so.0.4000.5
61f3e000-61f3f000 r--p 00009000 b3:02 9832       /usr/lib/arm-linux-gnueabihf/libpangocairo-1.0.so.0.4000.5
61f3f000-61f40000 rw-p 0000a000 b3:02 9832       /usr/lib/arm-linux-gnueabihf/libpangocairo-1.0.so.0.4000.5
61f40000-61f51000 r-xp 00000000 b3:02 9833       /usr/lib/arm-linux-gnueabihf/libpangoft2-1.0.so.0.4000.5
61f51000-61f60000 ---p 00011000 b3:02 9833       /usr/lib/arm-linux-gnueabihf/libpangoft2-1.0.so.0.4000.5
61f60000-61f61000 r--p 00010000 b3:02 9833       /usr/lib/arm-linux-gnueabihf/libpangoft2-1.0.so.0.4000.5
61f61000-61f62000 rw-p 00011000 b3:02 9833       /usr/lib/arm-linux-gnueabihf/libpangoft2-1.0.so.0.4000.5
61f62000-620b1000 r-xp 00000000 b3:02 9630       /usr/lib/arm-linux-gnueabihf/libgio-2.0.so.0.5000.3
620b1000-620c1000 ---p 0014f000 b3:02 9630       /usr/lib/arm-linux-gnueabihf/libgio-2.0.so.0.5000.3
620c1000-620c3000 r--p 0014f000 b3:02 9630       /usr/lib/arm-linux-gnueabihf/libgio-2.0.so.0.5000.3
620c3000-620c5000 rw-p 00151000 b3:02 9630       /usr/lib/arm-linux-gnueabihf/libgio-2.0.so.0.5000.3
620c5000-620c6000 rw-p 00000000 00:00 0 
620c6000-620e1000 r-xp 00000000 b3:02 9469       /usr/lib/arm-linux-gnueabihf/libatk-1.0.so.0.22209.1
620e1000-620f1000 ---p 0001b000 b3:02 9469       /usr/lib/arm-linux-gnueabihf/libatk-1.0.so.0.22209.1
620f1000-620f2000 r--p 0001b000 b3:02 9469       /usr/lib/arm-linux-gnueabihf/libatk-1.0.so.0.22209.1
620f2000-620f3000 rw-p 0001c000 b3:02 9469       /usr/lib/arm-linux-gnueabihf/libatk-1.0.so.0.22209.1
620f3000-62185000 r-xp 00000000 b3:02 9623       /usr/lib/arm-linux-gnueabihf/libgdk-x11-2.0.so.0.2400.31
62185000-62194000 ---p 00092000 b3:02 9623       /usr/lib/arm-linux-gnueabihf/libgdk-x11-2.0.so.0.2400.31
62194000-62196000 r--p 00091000 b3:02 9623       /usr/lib/arm-linux-gnueabihf/libgdk-x11-2.0.so.0.2400.31
62196000-62197000 rw-p 00093000 b3:02 9623       /usr/lib/arm-linux-gnueabihf/libgdk-x11-2.0.so.0.2400.31
62197000-6253f000 r-xp 00000000 b3:02 9700       /usr/lib/arm-linux-gnueabihf/libgtk-x11-2.0.so.0.2400.31
6253f000-6254e000 ---p 003a8000 b3:02 9700       /usr/lib/arm-linux-gnueabihf/libgtk-x11-2.0.so.0.2400.31
6254e000-62552000 r--p 003a7000 b3:02 9700       /usr/lib/arm-linux-gnueabihf/libgtk-x11-2.0.so.0.2400.31
62552000-62555000 rw-p 003ab000 b3:02 9700       /usr/lib/arm-linux-gnueabihf/libgtk-x11-2.0.so.0.2400.31
62555000-62556000 rw-p 00000000 00:00 0 
62556000-62578000 r-xp 00000000 b3:02 1050955    /usr/lib/jvm/jdk1.8.0_201/jre/lib/arm/libglass.so
62578000-6257f000 ---p 00022000 b3:02 1050955    /usr/lib/jvm/jdk1.8.0_201/jre/lib/arm/libglass.so
6257f000-62581000 rw-p 00021000 b3:02 1050955    /usr/lib/jvm/jdk1.8.0_201/jre/lib/arm/libglass.so
62581000-626b0000 r-xp 00000000 b3:02 9921       /usr/lib/arm-linux-gnueabihf/libstdc++.so.6.0.22
626b0000-626c0000 ---p 0012f000 b3:02 9921       /usr/lib/arm-linux-gnueabihf/libstdc++.so.6.0.22
626c0000-626c5000 r--p 0012f000 b3:02 9921       /usr/lib/arm-linux-gnueabihf/libstdc++.so.6.0.22
626c5000-626c7000 rw-p 00134000 b3:02 9921       /usr/lib/arm-linux-gnueabihf/libstdc++.so.6.0.22
626c7000-626c9000 rw-p 00000000 00:00 0 
626cb000-626cf000 r--s 000a1000 b3:02 1050840    /usr/lib/jvm/jdk1.8.0_201/jre/lib/jsse.jar
626cf000-626de000 r--p 00000000 b3:02 31362      /usr/share/locale/it/LC_MESSAGES/gtk20.mo
626de000-626e1000 ---p 00000000 00:00 0 
626e1000-6272e000 rw-p 00000000 00:00 0 
6272e000-62731000 ---p 00000000 00:00 0 
62731000-6277e000 rw-p 00000000 00:00 0 
6277e000-6277f000 ---p 00000000 00:00 0 
6277f000-64400000 rw-p 00000000 00:00 0 
64400000-64500000 rw-p 00000000 00:00 0 
64500000-64583000 rw-p 00000000 00:00 0 
64583000-64600000 ---p 00000000 00:00 0 
64601000-64602000 r-xp 00000000 b3:02 9698       /usr/lib/arm-linux-gnueabihf/libgthread-2.0.so.0.5000.3
64602000-64611000 ---p 00001000 b3:02 9698       /usr/lib/arm-linux-gnueabihf/libgthread-2.0.so.0.5000.3
64611000-64612000 r--p 00000000 b3:02 9698       /usr/lib/arm-linux-gnueabihf/libgthread-2.0.so.0.5000.3
64612000-64613000 rw-p 00001000 b3:02 9698       /usr/lib/arm-linux-gnueabihf/libgthread-2.0.so.0.5000.3
64613000-64616000 ---p 00000000 00:00 0 
64616000-64663000 rw-p 00000000 00:00 0 
64663000-64676000 r-xp 00000000 b3:02 1050794    /usr/lib/jvm/jdk1.8.0_201/jre/lib/arm/libnet.so
64676000-6467d000 ---p 00013000 b3:02 1050794    /usr/lib/jvm/jdk1.8.0_201/jre/lib/arm/libnet.so
6467d000-6467e000 r--p 00012000 b3:02 1050794    /usr/lib/jvm/jdk1.8.0_201/jre/lib/arm/libnet.so
6467e000-6467f000 rw-p 00013000 b3:02 1050794    /usr/lib/jvm/jdk1.8.0_201/jre/lib/arm/libnet.so
6467f000-64683000 ---p 00000000 00:00 0 
64683000-64700000 rw-p 00000000 00:00 0 
64700000-647ff000 rw-p 00000000 00:00 0 
647ff000-64800000 ---p 00000000 00:00 0 
64803000-64811000 r-xp 00000000 b3:02 1050788    /usr/lib/jvm/jdk1.8.0_201/jre/lib/arm/libnio.so
64811000-64818000 ---p 0000e000 b3:02 1050788    /usr/lib/jvm/jdk1.8.0_201/jre/lib/arm/libnio.so
64818000-64819000 r--p 0000d000 b3:02 1050788    /usr/lib/jvm/jdk1.8.0_201/jre/lib/arm/libnio.so
64819000-6481a000 rw-p 0000e000 b3:02 1050788    /usr/lib/jvm/jdk1.8.0_201/jre/lib/arm/libnio.so
6481a000-6481d000 ---p 00000000 00:00 0 
6481d000-6486a000 rw-p 00000000 00:00 0 
6486a000-64900000 r--s 008be000 b3:02 1050969    /usr/lib/jvm/jdk1.8.0_201/jre/lib/ext/jfxrt.jar
64900000-6496a000 rw-p 00000000 00:00 0 
6496a000-64a00000 ---p 00000000 00:00 0 
64a01000-64a0c000 r-xp 00000000 b3:02 1050968    /usr/lib/jvm/jdk1.8.0_201/jre/lib/arm/libprism_sw.so
64a0c000-64a14000 ---p 0000b000 b3:02 1050968    /usr/lib/jvm/jdk1.8.0_201/jre/lib/arm/libprism_sw.so
64a14000-64a15000 rw-p 0000b000 b3:02 1050968    /usr/lib/jvm/jdk1.8.0_201/jre/lib/arm/libprism_sw.so
64a15000-64a18000 ---p 00000000 00:00 0 
64a18000-64a65000 rw-p 00000000 00:00 0 
64a65000-64c00000 r--p 00000000 b3:02 328        /usr/lib/locale/locale-archive
64c00000-64cfb000 rw-p 00000000 00:00 0 
64cfb000-64d00000 ---p 00000000 00:00 0 
64d00000-64d21000 rw-p 00000000 00:00 0 
64d21000-64e00000 ---p 00000000 00:00 0 
64e00000-64e36000 rw-p 00000000 00:00 0 
64e36000-64f00000 ---p 00000000 00:00 0 
64f00000-64f01000 r--s 00000000 b3:02 35445      /var/cache/fontconfig/0bd3dc0958fa2205aaaa8ebb13e2872b-le32d8.cache-4
64f01000-64f02000 r--s 00000000 b3:02 35448      /var/cache/fontconfig/3f7329c5293ffd510edef78f73874cfd-le32d8.cache-4
64f02000-64f09000 r--s 00000000 b3:02 11737      /usr/lib/arm-linux-gnueabihf/gconv/gconv-modules.cache
64f09000-64f0c000 ---p 00000000 00:00 0 
64f0c000-64f59000 rw-p 00000000 00:00 0 
64f59000-64f5a000 ---p 00000000 00:00 0 
64f5a000-64fda000 rw-p 00000000 00:00 0 
64fda000-651b4000 r--s 03d6f000 b3:02 1050836    /usr/lib/jvm/jdk1.8.0_201/jre/lib/rt.jar
651b4000-655fa000 rw-p 00000000 00:00 0 
655fa000-65600000 ---p 00000000 00:00 0 
65600000-65b40000 rw-p 00000000 00:00 0 
65b40000-6a340000 ---p 00000000 00:00 0 
6a340000-6ae00000 rw-p 00000000 00:00 0 
6ae00000-73e00000 ---p 00000000 00:00 0 
73e00000-73e02000 r-xp 00000000 b3:02 9432       /usr/lib/arm-linux-gnueabihf/libXau.so.6.0.0
73e02000-73e09000 ---p 00002000 b3:02 9432       /usr/lib/arm-linux-gnueabihf/libXau.so.6.0.0
73e09000-73e0a000 r--p 00001000 b3:02 9432       /usr/lib/arm-linux-gnueabihf/libXau.so.6.0.0
73e0a000-73e0b000 rw-p 00002000 b3:02 9432       /usr/lib/arm-linux-gnueabihf/libXau.so.6.0.0
73e0b000-73e0d000 r--s 0001a000 b3:02 397133     /home/pi/Desktop/idea-IU-183.5912.21/lib/idea_rt.jar
73e0d000-73e1a000 r--s 00093000 b3:02 263186     /home/pi/Desktop/mina-core-2.0.19.jar
73e1a000-73e2d000 r--s 00345000 b3:02 1050738    /usr/lib/jvm/jdk1.8.0_201/jre/lib/resources.jar
73e2d000-73e30000 ---p 00000000 00:00 0 
73e30000-73f2d000 rw-p 00000000 00:00 0 
73f2d000-73f75000 ---p 00000000 00:00 0 
73f75000-73f78000 rw-p 00000000 00:00 0 
73f78000-73f9b000 ---p 00000000 00:00 0 
73f9b000-73fa1000 rw-p 00000000 00:00 0 
73fa1000-73fe9000 ---p 00000000 00:00 0 
73fe9000-73ff1000 rw-p 00000000 00:00 0 
73ff1000-7406a000 ---p 00000000 00:00 0 
7406a000-741f2000 rwxp 00000000 00:00 0 
741f2000-7606a000 ---p 00000000 00:00 0 
7606a000-76082000 r-xp 00000000 b3:02 1050764    /usr/lib/jvm/jdk1.8.0_201/jre/lib/arm/libzip.so
76082000-76089000 ---p 00018000 b3:02 1050764    /usr/lib/jvm/jdk1.8.0_201/jre/lib/arm/libzip.so
76089000-7608a000 r--p 00017000 b3:02 1050764    /usr/lib/jvm/jdk1.8.0_201/jre/lib/arm/libzip.so
7608a000-7608b000 rw-p 00018000 b3:02 1050764    /usr/lib/jvm/jdk1.8.0_201/jre/lib/arm/libzip.so
7608b000-76094000 r-xp 00000000 b3:02 8380       /lib/arm-linux-gnueabihf/libnss_files-2.24.so
76094000-760a3000 ---p 00009000 b3:02 8380       /lib/arm-linux-gnueabihf/libnss_files-2.24.so
760a3000-760a4000 r--p 00008000 b3:02 8380       /lib/arm-linux-gnueabihf/libnss_files-2.24.so
760a4000-760a5000 rw-p 00009000 b3:02 8380       /lib/arm-linux-gnueabihf/libnss_files-2.24.so
760a5000-760ab000 rw-p 00000000 00:00 0 
760ab000-760b4000 r-xp 00000000 b3:02 8382       /lib/arm-linux-gnueabihf/libnss_nis-2.24.so
760b4000-760c3000 ---p 00009000 b3:02 8382       /lib/arm-linux-gnueabihf/libnss_nis-2.24.so
760c3000-760c4000 r--p 00008000 b3:02 8382       /lib/arm-linux-gnueabihf/libnss_nis-2.24.so
760c4000-760c5000 rw-p 00009000 b3:02 8382       /lib/arm-linux-gnueabihf/libnss_nis-2.24.so
760c5000-760d6000 r-xp 00000000 b3:02 8377       /lib/arm-linux-gnueabihf/libnsl-2.24.so
760d6000-760e5000 ---p 00011000 b3:02 8377       /lib/arm-linux-gnueabihf/libnsl-2.24.so
760e5000-760e6000 r--p 00010000 b3:02 8377       /lib/arm-linux-gnueabihf/libnsl-2.24.so
760e6000-760e7000 rw-p 00011000 b3:02 8377       /lib/arm-linux-gnueabihf/libnsl-2.24.so
760e7000-760e9000 rw-p 00000000 00:00 0 
760e9000-760ef000 r-xp 00000000 b3:02 8378       /lib/arm-linux-gnueabihf/libnss_compat-2.24.so
760ef000-760fe000 ---p 00006000 b3:02 8378       /lib/arm-linux-gnueabihf/libnss_compat-2.24.so
760fe000-760ff000 r--p 00005000 b3:02 8378       /lib/arm-linux-gnueabihf/libnss_compat-2.24.so
760ff000-76100000 rw-p 00006000 b3:02 8378       /lib/arm-linux-gnueabihf/libnss_compat-2.24.so
76100000-76200000 rw-p 00000000 00:00 0 
76200000-76204000 r--s 00668000 b3:02 931181     /home/pi/Desktop/proo v2/Raspy/sqlite/sqlite-jdbc-3.23.1.jar
76204000-76206000 r--s 00001000 b3:02 267245     /home/pi/Desktop/slf4j-jdk14-1.7.25.jar
76206000-7620a000 r--s 000a1000 b3:02 1050840    /usr/lib/jvm/jdk1.8.0_201/jre/lib/jsse.jar
7620a000-7620f000 r--s 00084000 b3:02 1050815    /usr/lib/jvm/jdk1.8.0_201/jre/lib/jfr.jar
7620f000-76212000 r--s 0001a000 b3:02 1050750    /usr/lib/jvm/jdk1.8.0_201/jre/lib/jce.jar
76212000-76217000 r--s 002f9000 b3:02 1050739    /usr/lib/jvm/jdk1.8.0_201/jre/lib/charsets.jar
76217000-7621f000 r-xp 00000000 b3:02 1050762    /usr/lib/jvm/jdk1.8.0_201/jre/lib/arm/libinstrument.so
7621f000-76226000 ---p 00008000 b3:02 1050762    /usr/lib/jvm/jdk1.8.0_201/jre/lib/arm/libinstrument.so
76226000-76227000 r--p 00007000 b3:02 1050762    /usr/lib/jvm/jdk1.8.0_201/jre/lib/arm/libinstrument.so
76227000-76228000 rw-p 00008000 b3:02 1050762    /usr/lib/jvm/jdk1.8.0_201/jre/lib/arm/libinstrument.so
76228000-7624b000 r-xp 00000000 b3:02 1050783    /usr/lib/jvm/jdk1.8.0_201/jre/lib/arm/libjava.so
7624b000-76252000 ---p 00023000 b3:02 1050783    /usr/lib/jvm/jdk1.8.0_201/jre/lib/arm/libjava.so
76252000-76253000 r--p 00022000 b3:02 1050783    /usr/lib/jvm/jdk1.8.0_201/jre/lib/arm/libjava.so
76253000-76254000 rw-p 00023000 b3:02 1050783    /usr/lib/jvm/jdk1.8.0_201/jre/lib/arm/libjava.so
76254000-7625a000 r-xp 00000000 b3:02 8388       /lib/arm-linux-gnueabihf/librt-2.24.so
7625a000-76269000 ---p 00006000 b3:02 8388       /lib/arm-linux-gnueabihf/librt-2.24.so
76269000-7626a000 r--p 00005000 b3:02 8388       /lib/arm-linux-gnueabihf/librt-2.24.so
7626a000-7626b000 rw-p 00006000 b3:02 8388       /lib/arm-linux-gnueabihf/librt-2.24.so
7626b000-7626f000 ---p 00000000 00:00 0 
7626f000-762bc000 rw-p 00000000 00:00 0 
762bc000-76329000 r-xp 00000000 b3:02 8373       /lib/arm-linux-gnueabihf/libm-2.24.so
76329000-76339000 ---p 0006d000 b3:02 8373       /lib/arm-linux-gnueabihf/libm-2.24.so
76339000-7633a000 r--p 0006d000 b3:02 8373       /lib/arm-linux-gnueabihf/libm-2.24.so
7633a000-7633b000 rw-p 0006e000 b3:02 8373       /lib/arm-linux-gnueabihf/libm-2.24.so
7633b000-768d2000 r-xp 00000000 b3:02 1050798    /usr/lib/jvm/jdk1.8.0_201/jre/lib/arm/client/libjvm.so
768d2000-768d9000 ---p 00597000 b3:02 1050798    /usr/lib/jvm/jdk1.8.0_201/jre/lib/arm/client/libjvm.so
768d9000-768ed000 r--p 00596000 b3:02 1050798    /usr/lib/jvm/jdk1.8.0_201/jre/lib/arm/client/libjvm.so
768ed000-76906000 rw-p 005aa000 b3:02 1050798    /usr/lib/jvm/jdk1.8.0_201/jre/lib/arm/client/libjvm.so
76906000-76d2d000 rw-p 00000000 00:00 0 
76d2d000-76d49000 r-xp 00000000 b3:02 2541       /lib/arm-linux-gnueabihf/libgcc_s.so.1
76d49000-76d58000 ---p 0001c000 b3:02 2541       /lib/arm-linux-gnueabihf/libgcc_s.so.1
76d58000-76d59000 r--p 0001b000 b3:02 2541       /lib/arm-linux-gnueabihf/libgcc_s.so.1
76d59000-76d5a000 rw-p 0001c000 b3:02 2541       /lib/arm-linux-gnueabihf/libgcc_s.so.1
76d5a000-76e84000 r-xp 00000000 b3:02 8369       /lib/arm-linux-gnueabihf/libc-2.24.so
76e84000-76e93000 ---p 0012a000 b3:02 8369       /lib/arm-linux-gnueabihf/libc-2.24.so
76e93000-76e95000 r--p 00129000 b3:02 8369       /lib/arm-linux-gnueabihf/libc-2.24.so
76e95000-76e96000 rw-p 0012b000 b3:02 8369       /lib/arm-linux-gnueabihf/libc-2.24.so
76e96000-76e99000 rw-p 00000000 00:00 0 
76e99000-76e9b000 r-xp 00000000 b3:02 8372       /lib/arm-linux-gnueabihf/libdl-2.24.so
76e9b000-76eaa000 ---p 00002000 b3:02 8372       /lib/arm-linux-gnueabihf/libdl-2.24.so
76eaa000-76eab000 r--p 00001000 b3:02 8372       /lib/arm-linux-gnueabihf/libdl-2.24.so
76eab000-76eac000 rw-p 00002000 b3:02 8372       /lib/arm-linux-gnueabihf/libdl-2.24.so
76eac000-76ec1000 r-xp 00000000 b3:02 1050859    /usr/lib/jvm/jdk1.8.0_201/lib/arm/jli/libjli.so
76ec1000-76ec8000 ---p 00015000 b3:02 1050859    /usr/lib/jvm/jdk1.8.0_201/lib/arm/jli/libjli.so
76ec8000-76ec9000 r--p 00014000 b3:02 1050859    /usr/lib/jvm/jdk1.8.0_201/lib/arm/jli/libjli.so
76ec9000-76eca000 rw-p 00015000 b3:02 1050859    /usr/lib/jvm/jdk1.8.0_201/lib/arm/jli/libjli.so
76eca000-76ee0000 r-xp 00000000 b3:02 8386       /lib/arm-linux-gnueabihf/libpthread-2.24.so
76ee0000-76eef000 ---p 00016000 b3:02 8386       /lib/arm-linux-gnueabihf/libpthread-2.24.so
76eef000-76ef0000 r--p 00015000 b3:02 8386       /lib/arm-linux-gnueabihf/libpthread-2.24.so
76ef0000-76ef1000 rw-p 00016000 b3:02 8386       /lib/arm-linux-gnueabihf/libpthread-2.24.so
76ef1000-76ef3000 rw-p 00000000 00:00 0 
76ef3000-76ef5000 r--s 00009000 b3:02 267244     /home/pi/Desktop/slf4j-api-1.7.25.jar
76ef5000-76efe000 r-xp 00000000 b3:02 1050758    /usr/lib/jvm/jdk1.8.0_201/jre/lib/arm/libverify.so
76efe000-76f06000 ---p 00009000 b3:02 1050758    /usr/lib/jvm/jdk1.8.0_201/jre/lib/arm/libverify.so
76f06000-76f07000 r--p 00009000 b3:02 1050758    /usr/lib/jvm/jdk1.8.0_201/jre/lib/arm/libverify.so
76f07000-76f08000 rw-p 0000a000 b3:02 1050758    /usr/lib/jvm/jdk1.8.0_201/jre/lib/arm/libverify.so
76f08000-76f0d000 r-xp 00000000 b3:02 9462       /usr/lib/arm-linux-gnueabihf/libarmmem.so
76f0d000-76f1c000 ---p 00005000 b3:02 9462       /usr/lib/arm-linux-gnueabihf/libarmmem.so
76f1c000-76f1d000 r--p 00004000 b3:02 9462       /usr/lib/arm-linux-gnueabihf/libarmmem.so
76f1d000-76f1e000 rw-p 00005000 b3:02 9462       /usr/lib/arm-linux-gnueabihf/libarmmem.so
76f1e000-76f3f000 r-xp 00000000 b3:02 8361       /lib/arm-linux-gnueabihf/ld-2.24.so
76f3f000-76f40000 r--s 00000000 b3:02 1050742    /usr/lib/jvm/jdk1.8.0_201/jre/lib/management-agent.jar
76f40000-76f41000 r--s 00000000 b3:02 1050952    /usr/lib/jvm/jdk1.8.0_201/jre/lib/jfxswt.jar
76f41000-76f49000 rw-s 00000000 b3:02 1058895    /tmp/hsperfdata_root/2668
76f49000-76f4a000 r--p 00000000 00:00 0 
76f4a000-76f4e000 rw-p 00000000 00:00 0 
76f4e000-76f4f000 r--p 00020000 b3:02 8361       /lib/arm-linux-gnueabihf/ld-2.24.so
76f4f000-76f50000 rw-p 00021000 b3:02 8361       /lib/arm-linux-gnueabihf/ld-2.24.so
7ee35000-7ee56000 rw-p 00000000 00:00 0          [stack]
7ee6b000-7ee6c000 r-xp 00000000 00:00 0          [sigpage]
7ee6c000-7ee6d000 r--p 00000000 00:00 0          [vvar]
7ee6d000-7ee6e000 r-xp 00000000 00:00 0          [vdso]
ffff0000-ffff1000 r-xp 00000000 00:00 0          [vectors]

VM Arguments:
jvm_args: -Djdk.gtk.verbose=true -Djdk.gtk.version=3 -Djavafx.platform=gtk3 -javaagent:/home/pi/Desktop/idea-IU-183.5912.21/lib/idea_rt.jar=37535:/home/pi/Desktop/idea-IU-183.5912.21/bin -Dfile.encoding=UTF-8 
java_command: sample.Main
java_class_path (initial): /usr/lib/jvm/jdk1.8.0_201/jre/lib/charsets.jar:/usr/lib/jvm/jdk1.8.0_201/jre/lib/ext/cldrdata.jar:/usr/lib/jvm/jdk1.8.0_201/jre/lib/ext/dnsns.jar:/usr/lib/jvm/jdk1.8.0_201/jre/lib/ext/jaccess.jar:/usr/lib/jvm/jdk1.8.0_201/jre/lib/ext/jfxrt.jar:/usr/lib/jvm/jdk1.8.0_201/jre/lib/ext/localedata.jar:/usr/lib/jvm/jdk1.8.0_201/jre/lib/ext/nashorn.jar:/usr/lib/jvm/jdk1.8.0_201/jre/lib/ext/sunec.jar:/usr/lib/jvm/jdk1.8.0_201/jre/lib/ext/sunjce_provider.jar:/usr/lib/jvm/jdk1.8.0_201/jre/lib/ext/sunpkcs11.jar:/usr/lib/jvm/jdk1.8.0_201/jre/lib/ext/zipfs.jar:/usr/lib/jvm/jdk1.8.0_201/jre/lib/jce.jar:/usr/lib/jvm/jdk1.8.0_201/jre/lib/jfr.jar:/usr/lib/jvm/jdk1.8.0_201/jre/lib/jfxswt.jar:/usr/lib/jvm/jdk1.8.0_201/jre/lib/jsse.jar:/usr/lib/jvm/jdk1.8.0_201/jre/lib/management-agent.jar:/usr/lib/jvm/jdk1.8.0_201/jre/lib/resources.jar:/usr/lib/jvm/jdk1.8.0_201/jre/lib/rt.jar:/home/pi/Desktop/proo v2/Raspy/out/production/Raspy:/home/pi/Desktop/mina-core-2.0.19.jar:/home/pi/Desktop/slf4j-api-1.7.25.jar:/home/pi/Desktop/slf4j-jdk14-1.7.25.jar:/home/pi/Desktop/proo v2/Raspy/sqlite/sqlite-jdbc-3.23.1.jar:/home/pi/Desktop/idea-IU-183.5912.21/lib/idea_rt.jar
Launcher Type: SUN_STANDARD

Environment Variables:
JAVA_HOME=/usr/lib/jvm/jdk1.8.0_201
PATH=/usr/local/sbin:/usr/local/bin:/usr/sbin:/usr/bin:/sbin:/bin:/usr/local/games:/usr/games:$JAVA_HOME/bin
USERNAME=root
SHELL=/bin/bash
DISPLAY=:0.0

Signal Handlers:
SIGSEGV: [libjvm.so+0x5177a0], sa_mask[0]=11111111011111111101111111111110, sa_flags=SA_RESTART|SA_SIGINFO
SIGBUS: [libjvm.so+0x5177a0], sa_mask[0]=11111111011111111101111111111110, sa_flags=SA_RESTART|SA_SIGINFO
SIGFPE: [libjvm.so+0x40b2f4], sa_mask[0]=11111111011111111101111111111110, sa_flags=SA_RESTART|SA_SIGINFO
SIGPIPE: SIG_IGN, sa_mask[0]=00000000000010000000000000000000, sa_flags=SA_RESTART
SIGXFSZ: [libjvm.so+0x40b2f4], sa_mask[0]=11111111011111111101111111111110, sa_flags=SA_RESTART|SA_SIGINFO
SIGILL: [libjvm.so+0x40b2f4], sa_mask[0]=11111111011111111101111111111110, sa_flags=SA_RESTART|SA_SIGINFO
SIGUSR1: SIG_DFL, sa_mask[0]=00000000000000000000000000000000, sa_flags=none
SIGUSR2: [libjvm.so+0x40b458], sa_mask[0]=00100000000000000000000000000000, sa_flags=SA_RESTART|SA_SIGINFO
SIGHUP: [libjvm.so+0x40b88c], sa_mask[0]=11111111011111111101111111111110, sa_flags=SA_RESTART|SA_SIGINFO
SIGINT: [libjvm.so+0x40b88c], sa_mask[0]=11111111011111111101111111111110, sa_flags=SA_RESTART|SA_SIGINFO
SIGTERM: [libjvm.so+0x40b88c], sa_mask[0]=11111111011111111101111111111110, sa_flags=SA_RESTART|SA_SIGINFO
SIGQUIT: [libjvm.so+0x40b88c], sa_mask[0]=11111111011111111101111111111110, sa_flags=SA_RESTART|SA_SIGINFO


---------------  S Y S T E M  ---------------

OS:PRETTY_NAME="Raspbian GNU/Linux 9 (stretch)"
NAME="Raspbian GNU/Linux"
VERSION_ID="9"
VERSION="9 (stretch)"
ID=raspbian
ID_LIKE=debian
HOME_URL="http://www.raspbian.org/"
SUPPORT_URL="http://www.raspbian.org/RaspbianForums"
BUG_REPORT_URL="http://www.raspbian.org/RaspbianBugs"

uname:Linux 4.14.98-v7+ #1200 SMP Tue Feb 12 20:27:48 GMT 2019 armv7l
libc:glibc 2.24 NPTL 2.24 
rlimit: STACK 8192k, CORE infinity, NPROC 7345, NOFILE 1048576, AS infinity
load average:0,99 0,69 0,70

/proc/meminfo:
MemTotal:         949448 kB
MemFree:           39828 kB
MemAvailable:     124636 kB
Buffers:           10040 kB
Cached:           123132 kB
SwapCached:         2648 kB
Active:           444984 kB
Inactive:         423576 kB
Active(anon):     373032 kB
Inactive(anon):   371532 kB
Active(file):      71952 kB
Inactive(file):    52044 kB
Unevictable:           0 kB
Mlocked:               0 kB
SwapTotal:        102396 kB
SwapFree:              0 kB
Dirty:               160 kB
Writeback:             0 kB
AnonPages:        732768 kB
Mapped:            65952 kB
Shmem:              9176 kB
Slab:              23856 kB
SReclaimable:      11724 kB
SUnreclaim:        12132 kB
KernelStack:        2200 kB
PageTables:         5132 kB
NFS_Unstable:          0 kB
Bounce:                0 kB
WritebackTmp:          0 kB
CommitLimit:      577120 kB
Committed_AS:    1697136 kB
VmallocTotal:    1114112 kB
VmallocUsed:           0 kB
VmallocChunk:          0 kB
CmaTotal:           8192 kB
CmaFree:            6792 kB


CPU:total 4 (initial active 4) (ARMv7), vfp

/proc/cpuinfo:
processor	: 0
model name	: ARMv7 Processor rev 4 (v7l)
BogoMIPS	: 38.40
Features	: half thumb fastmult vfp edsp neon vfpv3 tls vfpv4 idiva idivt vfpd32 lpae evtstrm crc32 
CPU implementer	: 0x41
CPU architecture: 7
CPU variant	: 0x0
CPU part	: 0xd03
CPU revision	: 4

processor	: 1
model name	: ARMv7 Processor rev 4 (v7l)
BogoMIPS	: 38.40
Features	: half thumb fastmult vfp edsp neon vfpv3 tls vfpv4 idiva idivt vfpd32 lpae evtstrm crc32 
CPU implementer	: 0x41
CPU architecture: 7
CPU variant	: 0x0
CPU part	: 0xd03
CPU revision	: 4

processor	: 2
model name	: ARMv7 Processor rev 4 (v7l)
BogoMIPS	: 38.40
Features	: half thumb fastmult vfp edsp neon vfpv3 tls vfpv4 idiva idivt vfpd32 lpae evtstrm crc32 
CPU implementer	: 0x41
CPU architecture: 7
CPU variant	: 0x0
CPU part	: 0xd03
CPU revision	: 4

processor	: 3
model name	: ARMv7 Processor rev 4 (v7l)
BogoMIPS	: 38.40
Features	: half thumb fastmult vfp edsp neon vfpv3 tls vfpv4 idiva idivt vfpd32 lpae evtstrm crc32 
CPU implementer	: 0x41
CPU architecture: 7
CPU variant	: 0x0
CPU part	: 0xd03
CPU revision	: 4

Hardware	: BCM2835
Revision	: a22082
Serial		: 0000000020d3221b


Memory: 4k page, physical 949448k(39828k free), swap 102396k(0k free)

vm_info: Java HotSpot(TM) Client VM (25.201-b09) for linux-arm-vfp-hflt JRE (1.8.0_201-b09), built on Dec 15 2018 19:16:37 by "java_re" with gcc 4.7.2 20120910 (prerelease)

time: Tue Mar 12 10:46:50 2019
timezone: CET
elapsed time: 49 seconds (0d 0h 0m 49s)

