#
# A fatal error has been detected by the Java Runtime Environment:
#
#  SIGSEGV (0xb) at pc=0x740eca94, pid=3572, tid=0x61160470
#
# JRE version: Java(TM) SE Runtime Environment (8.0_201-b09) (build 1.8.0_201-b09)
# Java VM: Java HotSpot(TM) Client VM (25.201-b09 mixed mode linux-arm )
# Problematic frame:
# j  sample.NFC.readNfc()[I+0
#
# Core dump written. Default location: /home/pi/Desktop/proo v2/Raspy/core or core.3572
#
# If you would like to submit a bug report, please visit:
#   http://bugreport.java.com/bugreport/crash.jsp
#

---------------  T H R E A D  ---------------

Current thread (0x62347c00):  JavaThread "Thread-2" [_thread_in_Java, id=3598, stack(0x61111000,0x61161000)]

siginfo: si_signo: 11 (SIGSEGV), si_code: 1 (SEGV_MAPERR), si_addr: 0xfffffffe

Registers:
  r0  = 0xfffffffe
  r1  = 0x00000000
  r2  = 0x00000000
  r3  = 0x64f0b2e8
  r4  = 0xfffffffe
  r5  = 0x00000000
  r6  = 0xffffffff
  r7  = 0x00000000
  r8  = 0x6115fb28
  r9  = 0x655685f0
  r10 = 0x62347c00
  fp  = 0x6115fb20
  r12 = 0x00000000
  sp  = 0x6115fab0
  lr  = 0x610fe9c8
  pc  = 0x740eca94
  cpsr = 0xa0000010

Top of Stack: (sp=0x6115fab0)
0x6115fab0:   ffffffff 65ae0c90 00000000 6a7a63e0
0x6115fac0:   6115fac0 6575d1a2 6115fae8 60e19418
0x6115fad0:   00000000 6575d1b0 00000000 6115fae8
0x6115fae0:   6115fb14 740e41c0 6a7a63e0 00000009
0x6115faf0:   00000000 6115faec 65567d98 6115fb28
0x6115fb00:   6115fb00 00000000 6115fb28 65568938
0x6115fb10:   00000000 655685f0 00000000 6115fb2c
0x6115fb20:   6115fb4c 740e40b0 6a6ed7a0 6115fb2c 

Instructions: (pc=0x740eca94)
0x740eca74:   e3a0c000 e58ac12c e58ac134 e58ac130
0x740eca84:   e59a3020 e3a0c000 e583c080 e1140006
0x740eca94:   15944000 e3560000 158b4008 e59ac198
0x740ecaa4:   e35c0001 0303ed50 0347e682 012fff3e 

Register to memory mapping:

  r0  = 0xfffffffe
0xfffffffe is an unknown value

  r1  = 0x00000000
0x00000000 is an unknown value

  r2  = 0x00000000
0x00000000 is an unknown value

  r3  = 0x64f0b2e8
0x64f0b2e8 is an unknown value

  r4  = 0xfffffffe
0xfffffffe is an unknown value

  r5  = 0x00000000
0x00000000 is an unknown value

  r6  = 0xffffffff
0xffffffff is an unknown value

  r7  = 0x00000000
0x00000000 is an unknown value

  r8  = 0x6115fb28
0x6115fb28 is pointing into the stack for thread: 0x62347c00

  r9  = 0x655685f0
{method} {0x655685f0} 'readNfc' '()[I' in 'sample/NFC'

  r10 = 0x62347c00
0x62347c00 is a thread

  fp  = 0x6115fb20
0x6115fb20 is pointing into the stack for thread: 0x62347c00

  r12 = 0x00000000
0x00000000 is an unknown value

  sp  = 0x6115fab0
0x6115fab0 is pointing into the stack for thread: 0x62347c00

  lr  = 0x610fe9c8
0x610fe9c8: Java_sample_NFC_readNfc+0x78 in /home/pi/Desktop/proo v2/Raspy/out/production/Raspy/sample/Reader.so at 0x610fe000

  pc  = 0x740eca94
0x740eca94 is at code_begin+644 in an Interpreter codelet
method entry point (kind = native)  [0x740ec810, 0x740ecb50]  832 bytes



Stack: [0x61111000,0x61161000],  sp=0x6115fab0,  free space=314k
Native frames: (J=compiled Java code, j=interpreted, Vv=VM code, C=native code)
j  sample.NFC.readNfc()[I+0
j  sample.NFC.run()V+16
j  java.lang.Thread.run()V+11
v  ~StubRoutines::call_stub
C  0x6115fd78


---------------  P R O C E S S  ---------------

Java Threads: ( => current thread )
  0x64471c00 JavaThread "pool-2-thread-3" [_thread_blocked, id=3677, stack(0x5fb1e000,0x5fb6e000)]
  0x60101800 JavaThread "Prism Font Disposer" daemon [_thread_blocked, id=3608, stack(0x608b0000,0x60900000)]
  0x60fa3000 JavaThread "JavaFX-Launcher" [_thread_blocked, id=3600, stack(0x60db0000,0x60e00000)]
  0x60f96400 JavaThread "Thread-4" [_thread_blocked, id=3599, stack(0x61034000,0x61084000)]
=>0x62347c00 JavaThread "Thread-2" [_thread_in_Java, id=3598, stack(0x61111000,0x61161000)]
  0x62345c00 JavaThread "JavaFX Application Thread" [_thread_in_native, id=3597, stack(0x61261000,0x612b1000)]
  0x62343400 JavaThread "Thread-1" daemon [_thread_blocked, id=3596, stack(0x612b1000,0x61301000)]
  0x647be800 JavaThread "QuantumRenderer-0" daemon [_thread_in_native, id=3595, stack(0x6272e000,0x6277e000)]
  0x64c00800 JavaThread "Attach Listener" daemon [_thread_blocked, id=3594, stack(0x6462f000,0x6467f000)]
  0x64712800 JavaThread "Service Thread" daemon [_thread_blocked, id=3592, stack(0x6482f000,0x6487f000)]
  0x64713c00 JavaThread "C1 CompilerThread0" daemon [_thread_blocked, id=3591, stack(0x64680000,0x64700000)]
  0x6470f800 JavaThread "Monitor Ctrl-Break" daemon [_thread_in_native, id=3590, stack(0x6487f000,0x648cf000)]
  0x76182000 JavaThread "Signal Dispatcher" daemon [_thread_blocked, id=3587, stack(0x64e10000,0x64e60000)]
  0x76166800 JavaThread "Finalizer" daemon [_thread_blocked, id=3584, stack(0x64e60000,0x64eb0000)]
  0x76164c00 JavaThread "Reference Handler" daemon [_thread_blocked, id=3581, stack(0x64eb0000,0x64f00000)]
  0x76109000 JavaThread "main" [_thread_blocked, id=3575, stack(0x762e5000,0x76335000)]

Other Threads:
  0x7615f400 VMThread [stack: 0x6503b000,0x650bb000] [id=3577]
  0x6471e400 WatcherThread [stack: 0x6277f000,0x627ff000] [id=3593]

VM state:not at safepoint (normal execution)

VM Mutex/Monitor currently owned by a thread: None

Heap:
 def new generation   total 6912K, used 3834K [0x65800000, 0x65f80000, 0x6a540000)
  eden space 6144K,  58% used [0x65800000, 0x65b89700, 0x65e00000)
  from space 768K,  27% used [0x65e00000, 0x65e351a0, 0x65ec0000)
  to   space 768K,   0% used [0x65ec0000, 0x65ec0000, 0x65f80000)
 tenured generation   total 15120K, used 11031K [0x6a540000, 0x6b404000, 0x74000000)
   the space 15120K,  72% used [0x6a540000, 0x6b005f98, 0x6b006000, 0x6b404000)
 Metaspace       used 12332K, capacity 12861K, committed 12928K, reserved 13616K

Card table byte_map: [0x6578b000,0x65800000] byte_map_base: 0x6545f000

Polling page: 0x76fc2000

CodeCache: size=32768Kb used=2617Kb max_used=2617Kb free=30150Kb
 bounds [0x740df000, 0x7436f000, 0x760df000]
 total_blobs=1787 nmethods=1433 adapters=285
 compilation: enabled

Compilation events (10 events):
Event: 252,339 Thread 0x64713c00 1449             com.sun.javafx.text.PrismTextLayout::setWrapWidth (106 bytes)
Event: 252,340 Thread 0x64713c00 nmethod 1449 0x74369dc8 code [0x74369ec0, 0x7436a0e0]
Event: 254,335 Thread 0x64713c00 1450             java.lang.Integer::parseInt (261 bytes)
Event: 254,354 Thread 0x64713c00 nmethod 1450 0x7436a188 code [0x7436a560, 0x7436b8c4]
Event: 259,341 Thread 0x64713c00 1451             sun.reflect.Reflection::quickCheckMemberAccess (10 bytes)
Event: 259,342 Thread 0x64713c00 nmethod 1451 0x7436d1c8 code [0x7436d2b0, 0x7436d354]
Event: 259,343 Thread 0x64713c00 1452   !         java.util.ArrayList$Itr::remove (68 bytes)
Event: 259,345 Thread 0x64713c00 nmethod 1452 0x7436d3c8 code [0x7436d4f0, 0x7436d788]
Event: 264,092 Thread 0x64713c00 1453             java.io.PrintStream::ensureOpen (18 bytes)
Event: 264,093 Thread 0x64713c00 nmethod 1453 0x7436d9c8 code [0x7436dac0, 0x7436dbd4]

GC Heap History (10 events):
Event: 67,914 GC heap before
{Heap before GC invocations=14 (full 1):
 def new generation   total 6912K, used 6912K [0x65800000, 0x65f80000, 0x6a540000)
  eden space 6144K, 100% used [0x65800000, 0x65e00000, 0x65e00000)
  from space 768K, 100% used [0x65ec0000, 0x65f80000, 0x65f80000)
  to   space 768K,   0% used [0x65e00000, 0x65e00000, 0x65ec0000)
 tenured generation   total 15120K, used 10301K [0x6a540000, 0x6b404000, 0x74000000)
   the space 15120K,  68% used [0x6a540000, 0x6af4f498, 0x6af4f600, 0x6b404000)
 Metaspace       used 12325K, capacity 12861K, committed 12928K, reserved 13616K
Event: 67,931 GC heap after
Heap after GC invocations=15 (full 1):
 def new generation   total 6912K, used 302K [0x65800000, 0x65f80000, 0x6a540000)
  eden space 6144K,   0% used [0x65800000, 0x65800000, 0x65e00000)
  from space 768K,  39% used [0x65e00000, 0x65e4ba58, 0x65ec0000)
  to   space 768K,   0% used [0x65ec0000, 0x65ec0000, 0x65f80000)
 tenured generation   total 15120K, used 11031K [0x6a540000, 0x6b404000, 0x74000000)
   the space 15120K,  72% used [0x6a540000, 0x6b005f98, 0x6b006000, 0x6b404000)
 Metaspace       used 12325K, capacity 12861K, committed 12928K, reserved 13616K
}
Event: 111,780 GC heap before
{Heap before GC invocations=15 (full 1):
 def new generation   total 6912K, used 6446K [0x65800000, 0x65f80000, 0x6a540000)
  eden space 6144K, 100% used [0x65800000, 0x65e00000, 0x65e00000)
  from space 768K,  39% used [0x65e00000, 0x65e4ba58, 0x65ec0000)
  to   space 768K,   0% used [0x65ec0000, 0x65ec0000, 0x65f80000)
 tenured generation   total 15120K, used 11031K [0x6a540000, 0x6b404000, 0x74000000)
   the space 15120K,  72% used [0x6a540000, 0x6b005f98, 0x6b006000, 0x6b404000)
 Metaspace       used 12332K, capacity 12861K, committed 12928K, reserved 13616K
Event: 111,785 GC heap after
Heap after GC invocations=16 (full 1):
 def new generation   total 6912K, used 130K [0x65800000, 0x65f80000, 0x6a540000)
  eden space 6144K,   0% used [0x65800000, 0x65800000, 0x65e00000)
  from space 768K,  17% used [0x65ec0000, 0x65ee0a60, 0x65f80000)
  to   space 768K,   0% used [0x65e00000, 0x65e00000, 0x65ec0000)
 tenured generation   total 15120K, used 11031K [0x6a540000, 0x6b404000, 0x74000000)
   the space 15120K,  72% used [0x6a540000, 0x6b005f98, 0x6b006000, 0x6b404000)
 Metaspace       used 12332K, capacity 12861K, committed 12928K, reserved 13616K
}
Event: 155,606 GC heap before
{Heap before GC invocations=16 (full 1):
 def new generation   total 6912K, used 6274K [0x65800000, 0x65f80000, 0x6a540000)
  eden space 6144K, 100% used [0x65800000, 0x65e00000, 0x65e00000)
  from space 768K,  17% used [0x65ec0000, 0x65ee0a60, 0x65f80000)
  to   space 768K,   0% used [0x65e00000, 0x65e00000, 0x65ec0000)
 tenured generation   total 15120K, used 11031K [0x6a540000, 0x6b404000, 0x74000000)
   the space 15120K,  72% used [0x6a540000, 0x6b005f98, 0x6b006000, 0x6b404000)
 Metaspace       used 12332K, capacity 12861K, committed 12928K, reserved 13616K
Event: 155,615 GC heap after
Heap after GC invocations=17 (full 1):
 def new generation   total 6912K, used 159K [0x65800000, 0x65f80000, 0x6a540000)
  eden space 6144K,   0% used [0x65800000, 0x65800000, 0x65e00000)
  from space 768K,  20% used [0x65e00000, 0x65e27dc8, 0x65ec0000)
  to   space 768K,   0% used [0x65ec0000, 0x65ec0000, 0x65f80000)
 tenured generation   total 15120K, used 11031K [0x6a540000, 0x6b404000, 0x74000000)
   the space 15120K,  72% used [0x6a540000, 0x6b005f98, 0x6b006000, 0x6b404000)
 Metaspace       used 12332K, capacity 12861K, committed 12928K, reserved 13616K
}
Event: 200,122 GC heap before
{Heap before GC invocations=17 (full 1):
 def new generation   total 6912K, used 6303K [0x65800000, 0x65f80000, 0x6a540000)
  eden space 6144K, 100% used [0x65800000, 0x65e00000, 0x65e00000)
  from space 768K,  20% used [0x65e00000, 0x65e27dc8, 0x65ec0000)
  to   space 768K,   0% used [0x65ec0000, 0x65ec0000, 0x65f80000)
 tenured generation   total 15120K, used 11031K [0x6a540000, 0x6b404000, 0x74000000)
   the space 15120K,  72% used [0x6a540000, 0x6b005f98, 0x6b006000, 0x6b404000)
 Metaspace       used 12332K, capacity 12861K, committed 12928K, reserved 13616K
Event: 200,132 GC heap after
Heap after GC invocations=18 (full 1):
 def new generation   total 6912K, used 184K [0x65800000, 0x65f80000, 0x6a540000)
  eden space 6144K,   0% used [0x65800000, 0x65800000, 0x65e00000)
  from space 768K,  24% used [0x65ec0000, 0x65eee310, 0x65f80000)
  to   space 768K,   0% used [0x65e00000, 0x65e00000, 0x65ec0000)
 tenured generation   total 15120K, used 11031K [0x6a540000, 0x6b404000, 0x74000000)
   the space 15120K,  72% used [0x6a540000, 0x6b005f98, 0x6b006000, 0x6b404000)
 Metaspace       used 12332K, capacity 12861K, committed 12928K, reserved 13616K
}
Event: 242,554 GC heap before
{Heap before GC invocations=18 (full 1):
 def new generation   total 6912K, used 6328K [0x65800000, 0x65f80000, 0x6a540000)
  eden space 6144K, 100% used [0x65800000, 0x65e00000, 0x65e00000)
  from space 768K,  24% used [0x65ec0000, 0x65eee310, 0x65f80000)
  to   space 768K,   0% used [0x65e00000, 0x65e00000, 0x65ec0000)
 tenured generation   total 15120K, used 11031K [0x6a540000, 0x6b404000, 0x74000000)
   the space 15120K,  72% used [0x6a540000, 0x6b005f98, 0x6b006000, 0x6b404000)
 Metaspace       used 12332K, capacity 12861K, committed 12928K, reserved 13616K
Event: 242,559 GC heap after
Heap after GC invocations=19 (full 1):
 def new generation   total 6912K, used 212K [0x65800000, 0x65f80000, 0x6a540000)
  eden space 6144K,   0% used [0x65800000, 0x65800000, 0x65e00000)
  from space 768K,  27% used [0x65e00000, 0x65e351a0, 0x65ec0000)
  to   space 768K,   0% used [0x65ec0000, 0x65ec0000, 0x65f80000)
 tenured generation   total 15120K, used 11031K [0x6a540000, 0x6b404000, 0x74000000)
   the space 15120K,  72% used [0x6a540000, 0x6b005f98, 0x6b006000, 0x6b404000)
 Metaspace       used 12332K, capacity 12861K, committed 12928K, reserved 13616K
}

Deoptimization events (0 events):
No events

Classes redefined (0 events):
No events

Internal exceptions (10 events):
Event: 1,811 Thread 0x647be800 Exception <a 'java/lang/UnsatisfiedLinkError'> (0x65b085a0) thrown at [/HUDSON/workspace/8-2-build-glinux-arm-vfp-hflt/jdk8u201/12322/hotspot/src/share/vm/oops/instanceKlass.cpp, line 959]
Event: 3,985 Thread 0x62345c00 Exception <a 'java/lang/NullPointerException'> (0x65958838) thrown at [/HUDSON/workspace/8-2-build-glinux-arm-vfp-hflt/jdk8u201/12322/hotspot/src/share/vm/interpreter/linkResolver.cpp, line 1185]
Event: 3,985 Thread 0x62345c00 Exception <a 'java/lang/NullPointerException'> (0x65958838) thrown at [/HUDSON/workspace/8-2-build-glinux-arm-vfp-hflt/jdk8u201/12322/hotspot/src/share/vm/prims/jvm.cpp, line 1506]
Event: 4,300 Thread 0x62345c00 Exception <a 'java/lang/ArrayIndexOutOfBoundsException': 78> (0x65839dd0) thrown at [/HUDSON/workspace/8-2-build-glinux-arm-vfp-hflt/jdk8u201/12322/hotspot/src/share/vm/interpreter/interpreterRuntime.cpp, line 368]
Event: 4,302 Thread 0x62345c00 Exception <a 'java/lang/ArrayIndexOutOfBoundsException': 18> (0x6583c040) thrown at [/HUDSON/workspace/8-2-build-glinux-arm-vfp-hflt/jdk8u201/12322/hotspot/src/share/vm/interpreter/interpreterRuntime.cpp, line 368]
Event: 4,304 Thread 0x62345c00 Exception <a 'java/lang/ArrayIndexOutOfBoundsException': 86> (0x6583dc88) thrown at [/HUDSON/workspace/8-2-build-glinux-arm-vfp-hflt/jdk8u201/12322/hotspot/src/share/vm/interpreter/interpreterRuntime.cpp, line 368]
Event: 4,338 Thread 0x62345c00 Exception <a 'java/lang/ArrayIndexOutOfBoundsException'> (0x6586c5b0) thrown at [/HUDSON/workspace/8-2-build-glinux-arm-vfp-hflt/jdk8u201/12322/hotspot/src/share/vm/runtime/sharedRuntime.cpp, line 605]
Event: 4,606 Thread 0x62345c00 Exception <a 'java/lang/ArrayIndexOutOfBoundsException'> (0x65a37910) thrown at [/HUDSON/workspace/8-2-build-glinux-arm-vfp-hflt/jdk8u201/12322/hotspot/src/share/vm/runtime/sharedRuntime.cpp, line 605]
Event: 5,211 Thread 0x62345c00 Exception <a 'java/lang/ArrayIndexOutOfBoundsException'> (0x65a3a520) thrown at [/HUDSON/workspace/8-2-build-glinux-arm-vfp-hflt/jdk8u201/12322/hotspot/src/share/vm/runtime/sharedRuntime.cpp, line 605]
Event: 5,535 Thread 0x62345c00 Exception <a 'java/io/FileNotFoundException'> (0x658cc3a0) thrown at [/HUDSON/workspace/8-2-build-glinux-arm-vfp-hflt/jdk8u201/12322/hotspot/src/share/vm/prims/jni.cpp, line 709]

Events (10 events):
Event: 258,389 Thread 0x64f3d000 Thread exited: 0x64f3d000
Event: 264,054 Thread 0x64f3d000 Thread added: 0x64f3d000
Event: 264,089 Executing VM operation: RevokeBias
Event: 264,090 Executing VM operation: RevokeBias done
Event: 264,090 Thread 0x64f3d000 Thread exited: 0x64f3d000
Event: 264,091 Thread 0x64f3d000 Thread added: 0x64f3d000
Event: 264,092 Executing VM operation: RevokeBias
Event: 264,092 Executing VM operation: RevokeBias done
Event: 264,092 Thread 0x64f3d000 Thread exited: 0x64f3d000
Event: 265,506 Thread 0x64767800 Thread exited: 0x64767800


Dynamic libraries:
00008000-00009000 r-xp 00000000 b3:02 1050657    /usr/lib/jvm/jdk1.8.0_201/bin/java
00010000-00011000 r--p 00000000 b3:02 1050657    /usr/lib/jvm/jdk1.8.0_201/bin/java
00011000-00012000 rw-p 00001000 b3:02 1050657    /usr/lib/jvm/jdk1.8.0_201/bin/java
00084000-000a5000 rw-p 00000000 00:00 0          [heap]
5fa00000-5fa9b000 rw-p 00000000 00:00 0 
5fa9b000-5fb00000 ---p 00000000 00:00 0 
5fb1e000-5fb21000 ---p 00000000 00:00 0 
5fb21000-5fbce000 rw-p 00000000 00:00 0 
5fbce000-5fc6e000 ---p 00000000 00:00 0 
5fd51000-5fd54000 ---p 00000000 00:00 0 
5fd54000-5fda1000 rw-p 00000000 00:00 0 
5fda1000-5fda4000 ---p 00000000 00:00 0 
5fda4000-5fdf1000 rw-p 00000000 00:00 0 
5fec4000-5fec7000 ---p 00000000 00:00 0 
5fec7000-5ffe7000 rw-p 00000000 00:00 0 
5ffe7000-60047000 rw-s 00000000 00:05 1147830280  /SYSV00000000 (deleted)
60047000-60100000 r--p 00000000 b3:02 150082     /usr/share/fonts/truetype/dejavu/DejaVuSans.ttf
60100000-601b8000 rw-p 00000000 00:00 0 
601b8000-60200000 ---p 00000000 00:00 0 
60227000-60234000 r-xp 00000000 b3:02 1050953    /usr/lib/jvm/jdk1.8.0_201/jre/lib/arm/libdecora_sse.so
60234000-6023b000 ---p 0000d000 b3:02 1050953    /usr/lib/jvm/jdk1.8.0_201/jre/lib/arm/libdecora_sse.so
6023b000-6023c000 rw-p 0000c000 b3:02 1050953    /usr/lib/jvm/jdk1.8.0_201/jre/lib/arm/libdecora_sse.so
6023c000-602e7000 r--p 00000000 b3:02 1050804    /usr/lib/jvm/jdk1.8.0_201/jre/lib/fonts/LucidaSansRegular.ttf
602e7000-60321000 r--p 00000000 b3:02 1050812    /usr/lib/jvm/jdk1.8.0_201/jre/lib/fonts/LucidaTypewriterBold.ttf
60321000-6035d000 r--p 00000000 b3:02 1050808    /usr/lib/jvm/jdk1.8.0_201/jre/lib/fonts/LucidaTypewriterRegular.ttf
6035d000-603ab000 r--p 00000000 b3:02 1050806    /usr/lib/jvm/jdk1.8.0_201/jre/lib/fonts/LucidaSansDemiBold.ttf
603ab000-60400000 r--p 00000000 b3:02 1050810    /usr/lib/jvm/jdk1.8.0_201/jre/lib/fonts/LucidaBrightRegular.ttf
60400000-604fa000 rw-p 00000000 00:00 0 
604fa000-60500000 ---p 00000000 00:00 0 
60500000-60600000 rw-p 00000000 00:00 0 
60600000-606fe000 rw-p 00000000 00:00 0 
606fe000-60700000 ---p 00000000 00:00 0 
6070d000-60720000 r--p 00000000 b3:02 1050809    /usr/lib/jvm/jdk1.8.0_201/jre/lib/fonts/LucidaBrightDemiBold.ttf
60720000-60734000 r--p 00000000 b3:02 1050807    /usr/lib/jvm/jdk1.8.0_201/jre/lib/fonts/LucidaBrightItalic.ttf
60734000-60747000 r--p 00000000 b3:02 1050811    /usr/lib/jvm/jdk1.8.0_201/jre/lib/fonts/LucidaBrightDemiItalic.ttf
60747000-6074a000 r-xp 00000000 b3:02 1050961    /usr/lib/jvm/jdk1.8.0_201/jre/lib/arm/libjavafx_font_pango.so
6074a000-60752000 ---p 00003000 b3:02 1050961    /usr/lib/jvm/jdk1.8.0_201/jre/lib/arm/libjavafx_font_pango.so
60752000-60753000 rw-p 00003000 b3:02 1050961    /usr/lib/jvm/jdk1.8.0_201/jre/lib/arm/libjavafx_font_pango.so
60753000-60773000 r-xp 00000000 b3:02 3250       /usr/lib/arm-linux-gnueabihf/gtk-2.0/2.10.0/engines/libclearlookspix.so
60773000-60782000 ---p 00020000 b3:02 3250       /usr/lib/arm-linux-gnueabihf/gtk-2.0/2.10.0/engines/libclearlookspix.so
60782000-60783000 r--p 0001f000 b3:02 3250       /usr/lib/arm-linux-gnueabihf/gtk-2.0/2.10.0/engines/libclearlookspix.so
60783000-60784000 rw-p 00020000 b3:02 3250       /usr/lib/arm-linux-gnueabihf/gtk-2.0/2.10.0/engines/libclearlookspix.so
60784000-6078c000 r-xp 00000000 b3:02 10635      /usr/lib/arm-linux-gnueabihf/gtk-2.0/2.10.0/engines/libpixmap.so
6078c000-6079b000 ---p 00008000 b3:02 10635      /usr/lib/arm-linux-gnueabihf/gtk-2.0/2.10.0/engines/libpixmap.so
6079b000-6079c000 r--p 00007000 b3:02 10635      /usr/lib/arm-linux-gnueabihf/gtk-2.0/2.10.0/engines/libpixmap.so
6079c000-6079d000 rw-p 00008000 b3:02 10635      /usr/lib/arm-linux-gnueabihf/gtk-2.0/2.10.0/engines/libpixmap.so
6079d000-607b0000 r--s 00000000 b3:02 35457      /var/cache/fontconfig/d52a8644073d54c13679302ca1180695-le32d8.cache-4
607b0000-608b0000 rw-p 00000000 00:00 0 
608b0000-608b3000 ---p 00000000 00:00 0 
608b3000-60a00000 rw-p 00000000 00:00 0 
60a00000-60a40000 rw-p 00000000 00:00 0 
60a40000-60b00000 ---p 00000000 00:00 0 
60b07000-60b9d000 r-xp 00000000 b3:02 4083       /tmp/sqlite-3.23.1-0c424783-d444-430e-98fc-7507f2e39813-libsqlitejdbc.so
60b9d000-60bad000 ---p 00096000 b3:02 4083       /tmp/sqlite-3.23.1-0c424783-d444-430e-98fc-7507f2e39813-libsqlitejdbc.so
60bad000-60bb0000 rw-p 00096000 b3:02 4083       /tmp/sqlite-3.23.1-0c424783-d444-430e-98fc-7507f2e39813-libsqlitejdbc.so
60bb0000-60cb0000 rw-p 00000000 00:00 0 
60cb0000-60db0000 rw-p 00000000 00:00 0 
60db0000-60db3000 ---p 00000000 00:00 0 
60db3000-60f00000 rw-p 00000000 00:00 0 
60f00000-60ffe000 rw-p 00000000 00:00 0 
60ffe000-61000000 ---p 00000000 00:00 0 
61005000-6100b000 r--p 00000000 b3:02 31338      /usr/share/locale/it/LC_MESSAGES/gdk-pixbuf.mo
6100b000-61010000 r--s 00084000 b3:02 1050815    /usr/lib/jvm/jdk1.8.0_201/jre/lib/jfr.jar
61010000-61014000 r-xp 00000000 b3:02 1050960    /usr/lib/jvm/jdk1.8.0_201/jre/lib/arm/libjavafx_font_freetype.so
61014000-6101c000 ---p 00004000 b3:02 1050960    /usr/lib/jvm/jdk1.8.0_201/jre/lib/arm/libjavafx_font_freetype.so
6101c000-6101d000 rw-p 00004000 b3:02 1050960    /usr/lib/jvm/jdk1.8.0_201/jre/lib/arm/libjavafx_font_freetype.so
6101d000-61020000 ---p 00000000 00:00 0 
61020000-61034000 rw-p 00000000 00:00 0 
61034000-61037000 ---p 00000000 00:00 0 
61037000-61084000 rw-p 00000000 00:00 0 
61084000-610a0000 r--s 00393000 b3:02 1050710    /usr/lib/jvm/jdk1.8.0_201/jre/lib/ext/cldrdata.jar
610a0000-610a6000 r-xp 00000000 b3:02 2608       /lib/arm-linux-gnueabihf/libusb-0.1.so.4.4.4
610a6000-610b5000 ---p 00006000 b3:02 2608       /lib/arm-linux-gnueabihf/libusb-0.1.so.4.4.4
610b5000-610b6000 r--p 00005000 b3:02 2608       /lib/arm-linux-gnueabihf/libusb-0.1.so.4.4.4
610b6000-610b7000 rw-p 00006000 b3:02 2608       /lib/arm-linux-gnueabihf/libusb-0.1.so.4.4.4
610b7000-610b8000 rw-p 00000000 00:00 0 
610b8000-610d6000 r-xp 00000000 b3:02 3273       /usr/lib/arm-linux-gnueabihf/libnfc.so.5.0.1
610d6000-610e6000 ---p 0001e000 b3:02 3273       /usr/lib/arm-linux-gnueabihf/libnfc.so.5.0.1
610e6000-610e7000 r--p 0001e000 b3:02 3273       /usr/lib/arm-linux-gnueabihf/libnfc.so.5.0.1
610e7000-610e9000 rw-p 0001f000 b3:02 3273       /usr/lib/arm-linux-gnueabihf/libnfc.so.5.0.1
610e9000-610ec000 r-xp 00000000 b3:02 1050959    /usr/lib/jvm/jdk1.8.0_201/jre/lib/arm/libjavafx_font.so
610ec000-610f3000 ---p 00003000 b3:02 1050959    /usr/lib/jvm/jdk1.8.0_201/jre/lib/arm/libjavafx_font.so
610f3000-610f4000 rw-p 00002000 b3:02 1050959    /usr/lib/jvm/jdk1.8.0_201/jre/lib/arm/libjavafx_font.so
610f4000-610fe000 r--s 00116000 b3:02 1050706    /usr/lib/jvm/jdk1.8.0_201/jre/lib/ext/localedata.jar
610fe000-610ff000 r-xp 00000000 b3:02 792238     /home/pi/Desktop/proo v2/Raspy/out/production/Raspy/sample/Reader.so
610ff000-6110f000 ---p 00001000 b3:02 792238     /home/pi/Desktop/proo v2/Raspy/out/production/Raspy/sample/Reader.so
6110f000-61110000 r--p 00001000 b3:02 792238     /home/pi/Desktop/proo v2/Raspy/out/production/Raspy/sample/Reader.so
61110000-61111000 rw-p 00002000 b3:02 792238     /home/pi/Desktop/proo v2/Raspy/out/production/Raspy/sample/Reader.so
61111000-61114000 ---p 00000000 00:00 0 
61114000-61261000 rw-p 00000000 00:00 0 
61261000-61264000 ---p 00000000 00:00 0 
61264000-612b1000 rw-p 00000000 00:00 0 
612b1000-612b4000 ---p 00000000 00:00 0 
612b4000-61301000 rw-p 00000000 00:00 0 
61301000-6132b000 r--p 00000000 b3:02 31361      /usr/share/locale/it/LC_MESSAGES/gtk20-properties.mo
6132b000-6134d000 r--p 00000000 b3:02 9879       /usr/share/locale/it/LC_MESSAGES/libc.mo
6134d000-61365000 r-xp 00000000 b3:02 2523       /lib/arm-linux-gnueabihf/libbsd.so.0.8.3
61365000-61374000 ---p 00018000 b3:02 2523       /lib/arm-linux-gnueabihf/libbsd.so.0.8.3
61374000-61375000 r--p 00017000 b3:02 2523       /lib/arm-linux-gnueabihf/libbsd.so.0.8.3
61375000-61376000 rw-p 00018000 b3:02 2523       /lib/arm-linux-gnueabihf/libbsd.so.0.8.3
61376000-61379000 r-xp 00000000 b3:02 2611       /lib/arm-linux-gnueabihf/libuuid.so.1.3.0
61379000-61388000 ---p 00003000 b3:02 2611       /lib/arm-linux-gnueabihf/libuuid.so.1.3.0
61388000-61389000 r--p 00002000 b3:02 2611       /lib/arm-linux-gnueabihf/libuuid.so.1.3.0
61389000-6138a000 rw-p 00003000 b3:02 2611       /lib/arm-linux-gnueabihf/libuuid.so.1.3.0
6138a000-6138f000 r-xp 00000000 b3:02 9533       /usr/lib/arm-linux-gnueabihf/libdatrie.so.1.3.3
6138f000-6139e000 ---p 00005000 b3:02 9533       /usr/lib/arm-linux-gnueabihf/libdatrie.so.1.3.3
6139e000-6139f000 r--p 00004000 b3:02 9533       /usr/lib/arm-linux-gnueabihf/libdatrie.so.1.3.3
6139f000-613a0000 rw-p 00005000 b3:02 9533       /usr/lib/arm-linux-gnueabihf/libdatrie.so.1.3.3
613a0000-613a4000 r-xp 00000000 b3:02 9437       /usr/lib/arm-linux-gnueabihf/libXdmcp.so.6.0.0
613a4000-613b3000 ---p 00004000 b3:02 9437       /usr/lib/arm-linux-gnueabihf/libXdmcp.so.6.0.0
613b3000-613b4000 r--p 00003000 b3:02 9437       /usr/lib/arm-linux-gnueabihf/libXdmcp.so.6.0.0
613b4000-613b5000 rw-p 00004000 b3:02 9437       /usr/lib/arm-linux-gnueabihf/libXdmcp.so.6.0.0
613b5000-613d6000 r-xp 00000000 b3:02 9645       /usr/lib/arm-linux-gnueabihf/libgraphite2.so.3.0.1
613d6000-613e6000 ---p 00021000 b3:02 9645       /usr/lib/arm-linux-gnueabihf/libgraphite2.so.3.0.1
613e6000-613e7000 r--p 00021000 b3:02 9645       /usr/lib/arm-linux-gnueabihf/libgraphite2.so.3.0.1
613e7000-613e8000 rw-p 00022000 b3:02 9645       /usr/lib/arm-linux-gnueabihf/libgraphite2.so.3.0.1
613e8000-61421000 r-xp 00000000 b3:02 2522       /lib/arm-linux-gnueabihf/libblkid.so.1.1.0
61421000-61431000 ---p 00039000 b3:02 2522       /lib/arm-linux-gnueabihf/libblkid.so.1.1.0
61431000-61433000 r--p 00039000 b3:02 2522       /lib/arm-linux-gnueabihf/libblkid.so.1.1.0
61433000-61434000 rw-p 0003b000 b3:02 2522       /lib/arm-linux-gnueabihf/libblkid.so.1.1.0
61434000-61435000 rw-p 00000000 00:00 0 
61435000-6149d000 r-xp 00000000 b3:02 2581       /lib/arm-linux-gnueabihf/libpcre.so.3.13.3
6149d000-614ac000 ---p 00068000 b3:02 2581       /lib/arm-linux-gnueabihf/libpcre.so.3.13.3
614ac000-614ad000 r--p 00067000 b3:02 2581       /lib/arm-linux-gnueabihf/libpcre.so.3.13.3
614ad000-614ae000 rw-p 00068000 b3:02 2581       /lib/arm-linux-gnueabihf/libpcre.so.3.13.3
614ae000-614b5000 r-xp 00000000 b3:02 9580       /usr/lib/arm-linux-gnueabihf/libffi.so.6.0.4
614b5000-614c4000 ---p 00007000 b3:02 9580       /usr/lib/arm-linux-gnueabihf/libffi.so.6.0.4
614c4000-614c5000 r--p 00006000 b3:02 9580       /usr/lib/arm-linux-gnueabihf/libffi.so.6.0.4
614c5000-614c6000 rw-p 00007000 b3:02 9580       /usr/lib/arm-linux-gnueabihf/libffi.so.6.0.4
614c6000-614e5000 r-xp 00000000 b3:02 2537       /lib/arm-linux-gnueabihf/libexpat.so.1.6.2
614e5000-614f5000 ---p 0001f000 b3:02 2537       /lib/arm-linux-gnueabihf/libexpat.so.1.6.2
614f5000-614f7000 r--p 0001f000 b3:02 2537       /lib/arm-linux-gnueabihf/libexpat.so.1.6.2
614f7000-614f8000 rw-p 00021000 b3:02 2537       /lib/arm-linux-gnueabihf/libexpat.so.1.6.2
614f8000-614ff000 r-xp 00000000 b3:02 9931       /usr/lib/arm-linux-gnueabihf/libthai.so.0.3.0
614ff000-6150e000 ---p 00007000 b3:02 9931       /usr/lib/arm-linux-gnueabihf/libthai.so.0.3.0
6150e000-6150f000 r--p 00006000 b3:02 9931       /usr/lib/arm-linux-gnueabihf/libthai.so.0.3.0
6150f000-61510000 rw-p 00007000 b3:02 9931       /usr/lib/arm-linux-gnueabihf/libthai.so.0.3.0
61510000-6151a000 r-xp 00000000 b3:02 9992       /usr/lib/arm-linux-gnueabihf/libxcb-render.so.0.0.0
6151a000-61529000 ---p 0000a000 b3:02 9992       /usr/lib/arm-linux-gnueabihf/libxcb-render.so.0.0.0
61529000-6152a000 r--p 00009000 b3:02 9992       /usr/lib/arm-linux-gnueabihf/libxcb-render.so.0.0.0
6152a000-6152b000 rw-p 0000a000 b3:02 9992       /usr/lib/arm-linux-gnueabihf/libxcb-render.so.0.0.0
6152b000-61549000 r-xp 00000000 b3:02 10001      /usr/lib/arm-linux-gnueabihf/libxcb.so.1.1.0
61549000-61558000 ---p 0001e000 b3:02 10001      /usr/lib/arm-linux-gnueabihf/libxcb.so.1.1.0
61558000-61559000 r--p 0001d000 b3:02 10001      /usr/lib/arm-linux-gnueabihf/libxcb.so.1.1.0
61559000-6155a000 rw-p 0001e000 b3:02 10001      /usr/lib/arm-linux-gnueabihf/libxcb.so.1.1.0
6155a000-6155c000 r-xp 00000000 b3:02 9994       /usr/lib/arm-linux-gnueabihf/libxcb-shm.so.0.0.0
6155c000-6156b000 ---p 00002000 b3:02 9994       /usr/lib/arm-linux-gnueabihf/libxcb-shm.so.0.0.0
6156b000-6156c000 r--p 00001000 b3:02 9994       /usr/lib/arm-linux-gnueabihf/libxcb-shm.so.0.0.0
6156c000-6156d000 rw-p 00002000 b3:02 9994       /usr/lib/arm-linux-gnueabihf/libxcb-shm.so.0.0.0
6156d000-615f9000 r-xp 00000000 b3:02 9844       /usr/lib/arm-linux-gnueabihf/libpixman-1.so.0.34.0
615f9000-61608000 ---p 0008c000 b3:02 9844       /usr/lib/arm-linux-gnueabihf/libpixman-1.so.0.34.0
61608000-6160e000 r--p 0008b000 b3:02 9844       /usr/lib/arm-linux-gnueabihf/libpixman-1.so.0.34.0
6160e000-6160f000 rw-p 00091000 b3:02 9844       /usr/lib/arm-linux-gnueabihf/libpixman-1.so.0.34.0
6160f000-61638000 r-xp 00000000 b3:02 9849       /usr/lib/arm-linux-gnueabihf/libpng16.so.16.28.0
61638000-61647000 ---p 00029000 b3:02 9849       /usr/lib/arm-linux-gnueabihf/libpng16.so.16.28.0
61647000-61648000 r--p 00028000 b3:02 9849       /usr/lib/arm-linux-gnueabihf/libpng16.so.16.28.0
61648000-61649000 rw-p 00029000 b3:02 9849       /usr/lib/arm-linux-gnueabihf/libpng16.so.16.28.0
61649000-616cf000 r-xp 00000000 b3:02 9704       /usr/lib/arm-linux-gnueabihf/libharfbuzz.so.0.10400.2
616cf000-616de000 ---p 00086000 b3:02 9704       /usr/lib/arm-linux-gnueabihf/libharfbuzz.so.0.10400.2
616de000-616df000 r--p 00085000 b3:02 9704       /usr/lib/arm-linux-gnueabihf/libharfbuzz.so.0.10400.2
616df000-616e0000 rw-p 00086000 b3:02 9704       /usr/lib/arm-linux-gnueabihf/libharfbuzz.so.0.10400.2
616e0000-61720000 r-xp 00000000 b3:02 2557       /lib/arm-linux-gnueabihf/libmount.so.1.1.0
61720000-61730000 ---p 00040000 b3:02 2557       /lib/arm-linux-gnueabihf/libmount.so.1.1.0
61730000-61731000 r--p 00040000 b3:02 2557       /lib/arm-linux-gnueabihf/libmount.so.1.1.0
61731000-61732000 rw-p 00041000 b3:02 2557       /lib/arm-linux-gnueabihf/libmount.so.1.1.0
61732000-61733000 rw-p 00000000 00:00 0 
61733000-61744000 r-xp 00000000 b3:02 8387       /lib/arm-linux-gnueabihf/libresolv-2.24.so
61744000-61754000 ---p 00011000 b3:02 8387       /lib/arm-linux-gnueabihf/libresolv-2.24.so
61754000-61755000 r--p 00011000 b3:02 8387       /lib/arm-linux-gnueabihf/libresolv-2.24.so
61755000-61756000 rw-p 00012000 b3:02 8387       /lib/arm-linux-gnueabihf/libresolv-2.24.so
61756000-61758000 rw-p 00000000 00:00 0 
61758000-61778000 r-xp 00000000 b3:02 2595       /lib/arm-linux-gnueabihf/libselinux.so.1
61778000-61788000 ---p 00020000 b3:02 2595       /lib/arm-linux-gnueabihf/libselinux.so.1
61788000-61789000 r--p 00020000 b3:02 2595       /lib/arm-linux-gnueabihf/libselinux.so.1
61789000-6178a000 rw-p 00021000 b3:02 2595       /lib/arm-linux-gnueabihf/libselinux.so.1
6178a000-6178b000 rw-p 00000000 00:00 0 
6178b000-617a1000 r-xp 00000000 b3:02 2613       /lib/arm-linux-gnueabihf/libz.so.1.2.8
617a1000-617b0000 ---p 00016000 b3:02 2613       /lib/arm-linux-gnueabihf/libz.so.1.2.8
617b0000-617b1000 r--p 00015000 b3:02 2613       /lib/arm-linux-gnueabihf/libz.so.1.2.8
617b1000-617b2000 rw-p 00016000 b3:02 2613       /lib/arm-linux-gnueabihf/libz.so.1.2.8
617b2000-617c0000 r-xp 00000000 b3:02 9438       /usr/lib/arm-linux-gnueabihf/libXext.so.6.4.0
617c0000-617cf000 ---p 0000e000 b3:02 9438       /usr/lib/arm-linux-gnueabihf/libXext.so.6.4.0
617cf000-617d0000 r--p 0000d000 b3:02 9438       /usr/lib/arm-linux-gnueabihf/libXext.so.6.4.0
617d0000-617d1000 rw-p 0000e000 b3:02 9438       /usr/lib/arm-linux-gnueabihf/libXext.so.6.4.0
617d1000-617d9000 r-xp 00000000 b3:02 9435       /usr/lib/arm-linux-gnueabihf/libXcursor.so.1.0.2
617d9000-617e8000 ---p 00008000 b3:02 9435       /usr/lib/arm-linux-gnueabihf/libXcursor.so.1.0.2
617e8000-617e9000 r--p 00007000 b3:02 9435       /usr/lib/arm-linux-gnueabihf/libXcursor.so.1.0.2
617e9000-617ea000 rw-p 00008000 b3:02 9435       /usr/lib/arm-linux-gnueabihf/libXcursor.so.1.0.2
617ea000-617f2000 r-xp 00000000 b3:02 9447       /usr/lib/arm-linux-gnueabihf/libXrandr.so.2.2.0
617f2000-61801000 ---p 00008000 b3:02 9447       /usr/lib/arm-linux-gnueabihf/libXrandr.so.2.2.0
61801000-61802000 r--p 00007000 b3:02 9447       /usr/lib/arm-linux-gnueabihf/libXrandr.so.2.2.0
61802000-61803000 rw-p 00008000 b3:02 9447       /usr/lib/arm-linux-gnueabihf/libXrandr.so.2.2.0
61803000-61810000 r-xp 00000000 b3:02 9442       /usr/lib/arm-linux-gnueabihf/libXi.so.6.1.0
61810000-6181f000 ---p 0000d000 b3:02 9442       /usr/lib/arm-linux-gnueabihf/libXi.so.6.1.0
6181f000-61820000 r--p 0000c000 b3:02 9442       /usr/lib/arm-linux-gnueabihf/libXi.so.6.1.0
61820000-61821000 rw-p 0000d000 b3:02 9442       /usr/lib/arm-linux-gnueabihf/libXi.so.6.1.0
61821000-61823000 r-xp 00000000 b3:02 9443       /usr/lib/arm-linux-gnueabihf/libXinerama.so.1.0.0
61823000-61832000 ---p 00002000 b3:02 9443       /usr/lib/arm-linux-gnueabihf/libXinerama.so.1.0.0
61832000-61833000 r--p 00001000 b3:02 9443       /usr/lib/arm-linux-gnueabihf/libXinerama.so.1.0.0
61833000-61834000 rw-p 00002000 b3:02 9443       /usr/lib/arm-linux-gnueabihf/libXinerama.so.1.0.0
61834000-6183c000 r-xp 00000000 b3:02 9448       /usr/lib/arm-linux-gnueabihf/libXrender.so.1.3.0
6183c000-6184b000 ---p 00008000 b3:02 9448       /usr/lib/arm-linux-gnueabihf/libXrender.so.1.3.0
6184b000-6184c000 r--p 00007000 b3:02 9448       /usr/lib/arm-linux-gnueabihf/libXrender.so.1.3.0
6184c000-6184d000 rw-p 00008000 b3:02 9448       /usr/lib/arm-linux-gnueabihf/libXrender.so.1.3.0
6184d000-61851000 r-xp 00000000 b3:02 9439       /usr/lib/arm-linux-gnueabihf/libXfixes.so.3.1.0
61851000-61860000 ---p 00004000 b3:02 9439       /usr/lib/arm-linux-gnueabihf/libXfixes.so.3.1.0
61860000-61861000 r--p 00003000 b3:02 9439       /usr/lib/arm-linux-gnueabihf/libXfixes.so.3.1.0
61861000-61862000 rw-p 00004000 b3:02 9439       /usr/lib/arm-linux-gnueabihf/libXfixes.so.3.1.0
61862000-61864000 r-xp 00000000 b3:02 9436       /usr/lib/arm-linux-gnueabihf/libXdamage.so.1.1.0
61864000-61873000 ---p 00002000 b3:02 9436       /usr/lib/arm-linux-gnueabihf/libXdamage.so.1.1.0
61873000-61874000 r--p 00001000 b3:02 9436       /usr/lib/arm-linux-gnueabihf/libXdamage.so.1.1.0
61874000-61875000 rw-p 00002000 b3:02 9436       /usr/lib/arm-linux-gnueabihf/libXdamage.so.1.1.0
61875000-61877000 r-xp 00000000 b3:02 9434       /usr/lib/arm-linux-gnueabihf/libXcomposite.so.1.0.0
61877000-61886000 ---p 00002000 b3:02 9434       /usr/lib/arm-linux-gnueabihf/libXcomposite.so.1.0.0
61886000-61887000 r--p 00001000 b3:02 9434       /usr/lib/arm-linux-gnueabihf/libXcomposite.so.1.0.0
61887000-61888000 rw-p 00002000 b3:02 9434       /usr/lib/arm-linux-gnueabihf/libXcomposite.so.1.0.0
61888000-61997000 r-xp 00000000 b3:02 9430       /usr/lib/arm-linux-gnueabihf/libX11.so.6.3.0
61997000-619a7000 ---p 0010f000 b3:02 9430       /usr/lib/arm-linux-gnueabihf/libX11.so.6.3.0
619a7000-619a8000 r--p 0010f000 b3:02 9430       /usr/lib/arm-linux-gnueabihf/libX11.so.6.3.0
619a8000-619ab000 rw-p 00110000 b3:02 9430       /usr/lib/arm-linux-gnueabihf/libX11.so.6.3.0
619ab000-619af000 r-xp 00000000 b3:02 9451       /usr/lib/arm-linux-gnueabihf/libXtst.so.6.1.0
619af000-619be000 ---p 00004000 b3:02 9451       /usr/lib/arm-linux-gnueabihf/libXtst.so.6.1.0
619be000-619bf000 r--p 00003000 b3:02 9451       /usr/lib/arm-linux-gnueabihf/libXtst.so.6.1.0
619bf000-619c0000 rw-p 00004000 b3:02 9451       /usr/lib/arm-linux-gnueabihf/libXtst.so.6.1.0
619c0000-61ab7000 r-xp 00000000 b3:02 2543       /lib/arm-linux-gnueabihf/libglib-2.0.so.0.5000.3
61ab7000-61ac6000 ---p 000f7000 b3:02 2543       /lib/arm-linux-gnueabihf/libglib-2.0.so.0.5000.3
61ac6000-61ac7000 r--p 000f6000 b3:02 2543       /lib/arm-linux-gnueabihf/libglib-2.0.so.0.5000.3
61ac7000-61ac8000 rw-p 000f7000 b3:02 2543       /lib/arm-linux-gnueabihf/libglib-2.0.so.0.5000.3
61ac8000-61b11000 r-xp 00000000 b3:02 9640       /usr/lib/arm-linux-gnueabihf/libgobject-2.0.so.0.5000.3
61b11000-61b20000 ---p 00049000 b3:02 9640       /usr/lib/arm-linux-gnueabihf/libgobject-2.0.so.0.5000.3
61b20000-61b21000 r--p 00048000 b3:02 9640       /usr/lib/arm-linux-gnueabihf/libgobject-2.0.so.0.5000.3
61b21000-61b22000 rw-p 00049000 b3:02 9640       /usr/lib/arm-linux-gnueabihf/libgobject-2.0.so.0.5000.3
61b22000-61b54000 r-xp 00000000 b3:02 9605       /usr/lib/arm-linux-gnueabihf/libfontconfig.so.1.8.0
61b54000-61b63000 ---p 00032000 b3:02 9605       /usr/lib/arm-linux-gnueabihf/libfontconfig.so.1.8.0
61b63000-61b64000 r--p 00031000 b3:02 9605       /usr/lib/arm-linux-gnueabihf/libfontconfig.so.1.8.0
61b64000-61b65000 rw-p 00032000 b3:02 9605       /usr/lib/arm-linux-gnueabihf/libfontconfig.so.1.8.0
61b65000-61bec000 r-xp 00000000 b3:02 9611       /usr/lib/arm-linux-gnueabihf/libfreetype.so.6.12.3
61bec000-61bfb000 ---p 00087000 b3:02 9611       /usr/lib/arm-linux-gnueabihf/libfreetype.so.6.12.3
61bfb000-61bff000 r--p 00086000 b3:02 9611       /usr/lib/arm-linux-gnueabihf/libfreetype.so.6.12.3
61bff000-61c00000 rw-p 0008a000 b3:02 9611       /usr/lib/arm-linux-gnueabihf/libfreetype.so.6.12.3
61c00000-61c3f000 r-xp 00000000 b3:02 9831       /usr/lib/arm-linux-gnueabihf/libpango-1.0.so.0.4000.5
61c3f000-61c4e000 ---p 0003f000 b3:02 9831       /usr/lib/arm-linux-gnueabihf/libpango-1.0.so.0.4000.5
61c4e000-61c50000 r--p 0003e000 b3:02 9831       /usr/lib/arm-linux-gnueabihf/libpango-1.0.so.0.4000.5
61c50000-61c51000 rw-p 00040000 b3:02 9831       /usr/lib/arm-linux-gnueabihf/libpango-1.0.so.0.4000.5
61c51000-61d2e000 r-xp 00000000 b3:02 9509       /usr/lib/arm-linux-gnueabihf/libcairo.so.2.11400.8
61d2e000-61d3e000 ---p 000dd000 b3:02 9509       /usr/lib/arm-linux-gnueabihf/libcairo.so.2.11400.8
61d3e000-61d40000 r--p 000dd000 b3:02 9509       /usr/lib/arm-linux-gnueabihf/libcairo.so.2.11400.8
61d40000-61d41000 rw-p 000df000 b3:02 9509       /usr/lib/arm-linux-gnueabihf/libcairo.so.2.11400.8
61d41000-61d42000 rw-p 00000000 00:00 0 
61d42000-61d62000 r-xp 00000000 b3:02 9624       /usr/lib/arm-linux-gnueabihf/libgdk_pixbuf-2.0.so.0.3600.5
61d62000-61d71000 ---p 00020000 b3:02 9624       /usr/lib/arm-linux-gnueabihf/libgdk_pixbuf-2.0.so.0.3600.5
61d71000-61d72000 r--p 0001f000 b3:02 9624       /usr/lib/arm-linux-gnueabihf/libgdk_pixbuf-2.0.so.0.3600.5
61d72000-61d73000 rw-p 00020000 b3:02 9624       /usr/lib/arm-linux-gnueabihf/libgdk_pixbuf-2.0.so.0.3600.5
61d73000-61d7c000 r-xp 00000000 b3:02 9832       /usr/lib/arm-linux-gnueabihf/libpangocairo-1.0.so.0.4000.5
61d7c000-61d8c000 ---p 00009000 b3:02 9832       /usr/lib/arm-linux-gnueabihf/libpangocairo-1.0.so.0.4000.5
61d8c000-61d8d000 r--p 00009000 b3:02 9832       /usr/lib/arm-linux-gnueabihf/libpangocairo-1.0.so.0.4000.5
61d8d000-61d8e000 rw-p 0000a000 b3:02 9832       /usr/lib/arm-linux-gnueabihf/libpangocairo-1.0.so.0.4000.5
61d8e000-61d9f000 r-xp 00000000 b3:02 9833       /usr/lib/arm-linux-gnueabihf/libpangoft2-1.0.so.0.4000.5
61d9f000-61dae000 ---p 00011000 b3:02 9833       /usr/lib/arm-linux-gnueabihf/libpangoft2-1.0.so.0.4000.5
61dae000-61daf000 r--p 00010000 b3:02 9833       /usr/lib/arm-linux-gnueabihf/libpangoft2-1.0.so.0.4000.5
61daf000-61db0000 rw-p 00011000 b3:02 9833       /usr/lib/arm-linux-gnueabihf/libpangoft2-1.0.so.0.4000.5
61db0000-61eff000 r-xp 00000000 b3:02 9630       /usr/lib/arm-linux-gnueabihf/libgio-2.0.so.0.5000.3
61eff000-61f0f000 ---p 0014f000 b3:02 9630       /usr/lib/arm-linux-gnueabihf/libgio-2.0.so.0.5000.3
61f0f000-61f11000 r--p 0014f000 b3:02 9630       /usr/lib/arm-linux-gnueabihf/libgio-2.0.so.0.5000.3
61f11000-61f13000 rw-p 00151000 b3:02 9630       /usr/lib/arm-linux-gnueabihf/libgio-2.0.so.0.5000.3
61f13000-61f14000 rw-p 00000000 00:00 0 
61f14000-61f2f000 r-xp 00000000 b3:02 9469       /usr/lib/arm-linux-gnueabihf/libatk-1.0.so.0.22209.1
61f2f000-61f3f000 ---p 0001b000 b3:02 9469       /usr/lib/arm-linux-gnueabihf/libatk-1.0.so.0.22209.1
61f3f000-61f40000 r--p 0001b000 b3:02 9469       /usr/lib/arm-linux-gnueabihf/libatk-1.0.so.0.22209.1
61f40000-61f41000 rw-p 0001c000 b3:02 9469       /usr/lib/arm-linux-gnueabihf/libatk-1.0.so.0.22209.1
61f41000-622e9000 r-xp 00000000 b3:02 9700       /usr/lib/arm-linux-gnueabihf/libgtk-x11-2.0.so.0.2400.31
622e9000-622f8000 ---p 003a8000 b3:02 9700       /usr/lib/arm-linux-gnueabihf/libgtk-x11-2.0.so.0.2400.31
622f8000-622fc000 r--p 003a7000 b3:02 9700       /usr/lib/arm-linux-gnueabihf/libgtk-x11-2.0.so.0.2400.31
622fc000-622ff000 rw-p 003ab000 b3:02 9700       /usr/lib/arm-linux-gnueabihf/libgtk-x11-2.0.so.0.2400.31
622ff000-62300000 rw-p 00000000 00:00 0 
62300000-623ee000 rw-p 00000000 00:00 0 
623ee000-62400000 ---p 00000000 00:00 0 
62400000-62403000 r-xp 00000000 b3:02 9634       /usr/lib/arm-linux-gnueabihf/libgmodule-2.0.so.0.5000.3
62403000-62412000 ---p 00003000 b3:02 9634       /usr/lib/arm-linux-gnueabihf/libgmodule-2.0.so.0.5000.3
62412000-62413000 r--p 00002000 b3:02 9634       /usr/lib/arm-linux-gnueabihf/libgmodule-2.0.so.0.5000.3
62413000-62414000 rw-p 00003000 b3:02 9634       /usr/lib/arm-linux-gnueabihf/libgmodule-2.0.so.0.5000.3
62414000-624a6000 r-xp 00000000 b3:02 9623       /usr/lib/arm-linux-gnueabihf/libgdk-x11-2.0.so.0.2400.31
624a6000-624b5000 ---p 00092000 b3:02 9623       /usr/lib/arm-linux-gnueabihf/libgdk-x11-2.0.so.0.2400.31
624b5000-624b7000 r--p 00091000 b3:02 9623       /usr/lib/arm-linux-gnueabihf/libgdk-x11-2.0.so.0.2400.31
624b7000-624b8000 rw-p 00093000 b3:02 9623       /usr/lib/arm-linux-gnueabihf/libgdk-x11-2.0.so.0.2400.31
624b8000-625e7000 r-xp 00000000 b3:02 9921       /usr/lib/arm-linux-gnueabihf/libstdc++.so.6.0.22
625e7000-625f7000 ---p 0012f000 b3:02 9921       /usr/lib/arm-linux-gnueabihf/libstdc++.so.6.0.22
625f7000-625fc000 r--p 0012f000 b3:02 9921       /usr/lib/arm-linux-gnueabihf/libstdc++.so.6.0.22
625fc000-625fe000 rw-p 00134000 b3:02 9921       /usr/lib/arm-linux-gnueabihf/libstdc++.so.6.0.22
625fe000-62600000 rw-p 00000000 00:00 0 
62600000-62700000 rw-p 00000000 00:00 0 
62700000-62707000 r--s 00000000 b3:02 11737      /usr/lib/arm-linux-gnueabihf/gconv/gconv-modules.cache
62707000-62708000 r-xp 00000000 b3:02 9698       /usr/lib/arm-linux-gnueabihf/libgthread-2.0.so.0.5000.3
62708000-62717000 ---p 00001000 b3:02 9698       /usr/lib/arm-linux-gnueabihf/libgthread-2.0.so.0.5000.3
62717000-62718000 r--p 00000000 b3:02 9698       /usr/lib/arm-linux-gnueabihf/libgthread-2.0.so.0.5000.3
62718000-62719000 rw-p 00001000 b3:02 9698       /usr/lib/arm-linux-gnueabihf/libgthread-2.0.so.0.5000.3
62719000-6271f000 r--s 00000000 b3:02 35451      /var/cache/fontconfig/6094a5c04f012139332b91623dbcb43d-le32d8.cache-4
6271f000-6272e000 r--p 00000000 b3:02 31362      /usr/share/locale/it/LC_MESSAGES/gtk20.mo
6272e000-62731000 ---p 00000000 00:00 0 
62731000-6277e000 rw-p 00000000 00:00 0 
6277e000-6277f000 ---p 00000000 00:00 0 
6277f000-64400000 rw-p 00000000 00:00 0 
64400000-644fb000 rw-p 00000000 00:00 0 
644fb000-64500000 ---p 00000000 00:00 0 
64500000-64554000 rw-p 00000000 00:00 0 
64554000-64600000 ---p 00000000 00:00 0 
64604000-64626000 r-xp 00000000 b3:02 1050955    /usr/lib/jvm/jdk1.8.0_201/jre/lib/arm/libglass.so
64626000-6462d000 ---p 00022000 b3:02 1050955    /usr/lib/jvm/jdk1.8.0_201/jre/lib/arm/libglass.so
6462d000-6462f000 rw-p 00021000 b3:02 1050955    /usr/lib/jvm/jdk1.8.0_201/jre/lib/arm/libglass.so
6462f000-64632000 ---p 00000000 00:00 0 
64632000-6467f000 rw-p 00000000 00:00 0 
6467f000-64683000 ---p 00000000 00:00 0 
64683000-64700000 rw-p 00000000 00:00 0 
64700000-647fe000 rw-p 00000000 00:00 0 
647fe000-64800000 ---p 00000000 00:00 0 
64804000-6480f000 r-xp 00000000 b3:02 1050968    /usr/lib/jvm/jdk1.8.0_201/jre/lib/arm/libprism_sw.so
6480f000-64817000 ---p 0000b000 b3:02 1050968    /usr/lib/jvm/jdk1.8.0_201/jre/lib/arm/libprism_sw.so
64817000-64818000 rw-p 0000b000 b3:02 1050968    /usr/lib/jvm/jdk1.8.0_201/jre/lib/arm/libprism_sw.so
64818000-64826000 r-xp 00000000 b3:02 1050788    /usr/lib/jvm/jdk1.8.0_201/jre/lib/arm/libnio.so
64826000-6482d000 ---p 0000e000 b3:02 1050788    /usr/lib/jvm/jdk1.8.0_201/jre/lib/arm/libnio.so
6482d000-6482e000 r--p 0000d000 b3:02 1050788    /usr/lib/jvm/jdk1.8.0_201/jre/lib/arm/libnio.so
6482e000-6482f000 rw-p 0000e000 b3:02 1050788    /usr/lib/jvm/jdk1.8.0_201/jre/lib/arm/libnio.so
6482f000-64832000 ---p 00000000 00:00 0 
64832000-6487f000 rw-p 00000000 00:00 0 
6487f000-64882000 ---p 00000000 00:00 0 
64882000-648cf000 rw-p 00000000 00:00 0 
648cf000-64965000 r--s 008be000 b3:02 1050969    /usr/lib/jvm/jdk1.8.0_201/jre/lib/ext/jfxrt.jar
64965000-64b00000 r--p 00000000 b3:02 328        /usr/lib/locale/locale-archive
64b00000-64b21000 rw-p 00000000 00:00 0 
64b21000-64c00000 ---p 00000000 00:00 0 
64c00000-64c4f000 rw-p 00000000 00:00 0 
64c4f000-64d00000 ---p 00000000 00:00 0 
64d00000-64dff000 rw-p 00000000 00:00 0 
64dff000-64e00000 ---p 00000000 00:00 0 
64e00000-64e05000 r--s 00000000 b3:02 35454      /var/cache/fontconfig/9d2451b1fd30e5bffe8383fd27c35478-le32d8.cache-4
64e05000-64e07000 r-xp 00000000 b3:02 9432       /usr/lib/arm-linux-gnueabihf/libXau.so.6.0.0
64e07000-64e0e000 ---p 00002000 b3:02 9432       /usr/lib/arm-linux-gnueabihf/libXau.so.6.0.0
64e0e000-64e0f000 r--p 00001000 b3:02 9432       /usr/lib/arm-linux-gnueabihf/libXau.so.6.0.0
64e0f000-64e10000 rw-p 00002000 b3:02 9432       /usr/lib/arm-linux-gnueabihf/libXau.so.6.0.0
64e10000-64e13000 ---p 00000000 00:00 0 
64e13000-64e60000 rw-p 00000000 00:00 0 
64e60000-64e63000 ---p 00000000 00:00 0 
64e63000-64eb0000 rw-p 00000000 00:00 0 
64eb0000-64eb3000 ---p 00000000 00:00 0 
64eb3000-64f00000 rw-p 00000000 00:00 0 
64f00000-64f50000 rw-p 00000000 00:00 0 
64f50000-65000000 ---p 00000000 00:00 0 
65002000-65006000 r--s 00000000 b3:02 35468      /var/cache/fontconfig/d589a48862398ed80a3d6066f4f56f4c-le32d8.cache-4
65006000-65019000 r-xp 00000000 b3:02 1050794    /usr/lib/jvm/jdk1.8.0_201/jre/lib/arm/libnet.so
65019000-65020000 ---p 00013000 b3:02 1050794    /usr/lib/jvm/jdk1.8.0_201/jre/lib/arm/libnet.so
65020000-65021000 r--p 00012000 b3:02 1050794    /usr/lib/jvm/jdk1.8.0_201/jre/lib/arm/libnet.so
65021000-65022000 rw-p 00013000 b3:02 1050794    /usr/lib/jvm/jdk1.8.0_201/jre/lib/arm/libnet.so
65022000-65027000 r--s 00036000 b3:02 931125     /home/pi/Desktop/proo v2/Raspy/json/gson-2.8.5.jar
65027000-6503a000 r--s 00345000 b3:02 1050738    /usr/lib/jvm/jdk1.8.0_201/jre/lib/resources.jar
6503a000-6503b000 ---p 00000000 00:00 0 
6503b000-6510a000 rw-p 00000000 00:00 0 
6510a000-652e4000 r--s 03d6f000 b3:02 1050836    /usr/lib/jvm/jdk1.8.0_201/jre/lib/rt.jar
652e4000-65785000 rw-p 00000000 00:00 0 
65785000-6578b000 ---p 00000000 00:00 0 
6578b000-6578f000 rw-p 00000000 00:00 0 
6578f000-657b1000 ---p 00000000 00:00 0 
657b1000-657ba000 rw-p 00000000 00:00 0 
657ba000-657ff000 ---p 00000000 00:00 0 
657ff000-65f80000 rw-p 00000000 00:00 0 
65f80000-6a540000 ---p 00000000 00:00 0 
6a540000-6b404000 rw-p 00000000 00:00 0 
6b404000-74000000 ---p 00000000 00:00 0 
74000000-74004000 r--s 000a1000 b3:02 1050840    /usr/lib/jvm/jdk1.8.0_201/jre/lib/jsse.jar
74004000-74011000 r--s 00093000 b3:02 263186     /home/pi/Desktop/mina-core-2.0.19.jar
74011000-74019000 rw-p 00000000 00:00 0 
74019000-7405f000 ---p 00000000 00:00 0 
7405f000-7406a000 rw-p 00000000 00:00 0 
7406a000-740df000 ---p 00000000 00:00 0 
740df000-7436f000 rwxp 00000000 00:00 0 
7436f000-760df000 ---p 00000000 00:00 0 
760df000-760f7000 r-xp 00000000 b3:02 1050764    /usr/lib/jvm/jdk1.8.0_201/jre/lib/arm/libzip.so
760f7000-760fe000 ---p 00018000 b3:02 1050764    /usr/lib/jvm/jdk1.8.0_201/jre/lib/arm/libzip.so
760fe000-760ff000 r--p 00017000 b3:02 1050764    /usr/lib/jvm/jdk1.8.0_201/jre/lib/arm/libzip.so
760ff000-76100000 rw-p 00018000 b3:02 1050764    /usr/lib/jvm/jdk1.8.0_201/jre/lib/arm/libzip.so
76100000-761ff000 rw-p 00000000 00:00 0 
761ff000-76200000 ---p 00000000 00:00 0 
76200000-76201000 r--s 00000000 b3:02 35445      /var/cache/fontconfig/0bd3dc0958fa2205aaaa8ebb13e2872b-le32d8.cache-4
76201000-76202000 r--s 00000000 b3:02 35448      /var/cache/fontconfig/3f7329c5293ffd510edef78f73874cfd-le32d8.cache-4
76202000-76206000 r--s 00668000 b3:02 931181     /home/pi/Desktop/proo v2/Raspy/sqlite/sqlite-jdbc-3.23.1.jar
76206000-7620f000 r-xp 00000000 b3:02 8380       /lib/arm-linux-gnueabihf/libnss_files-2.24.so
7620f000-7621e000 ---p 00009000 b3:02 8380       /lib/arm-linux-gnueabihf/libnss_files-2.24.so
7621e000-7621f000 r--p 00008000 b3:02 8380       /lib/arm-linux-gnueabihf/libnss_files-2.24.so
7621f000-76220000 rw-p 00009000 b3:02 8380       /lib/arm-linux-gnueabihf/libnss_files-2.24.so
76220000-76226000 rw-p 00000000 00:00 0 
76226000-7622f000 r-xp 00000000 b3:02 8382       /lib/arm-linux-gnueabihf/libnss_nis-2.24.so
7622f000-7623e000 ---p 00009000 b3:02 8382       /lib/arm-linux-gnueabihf/libnss_nis-2.24.so
7623e000-7623f000 r--p 00008000 b3:02 8382       /lib/arm-linux-gnueabihf/libnss_nis-2.24.so
7623f000-76240000 rw-p 00009000 b3:02 8382       /lib/arm-linux-gnueabihf/libnss_nis-2.24.so
76240000-76251000 r-xp 00000000 b3:02 8377       /lib/arm-linux-gnueabihf/libnsl-2.24.so
76251000-76260000 ---p 00011000 b3:02 8377       /lib/arm-linux-gnueabihf/libnsl-2.24.so
76260000-76261000 r--p 00010000 b3:02 8377       /lib/arm-linux-gnueabihf/libnsl-2.24.so
76261000-76262000 rw-p 00011000 b3:02 8377       /lib/arm-linux-gnueabihf/libnsl-2.24.so
76262000-76264000 rw-p 00000000 00:00 0 
76264000-7626a000 r-xp 00000000 b3:02 8378       /lib/arm-linux-gnueabihf/libnss_compat-2.24.so
7626a000-76279000 ---p 00006000 b3:02 8378       /lib/arm-linux-gnueabihf/libnss_compat-2.24.so
76279000-7627a000 r--p 00005000 b3:02 8378       /lib/arm-linux-gnueabihf/libnss_compat-2.24.so
7627a000-7627b000 rw-p 00006000 b3:02 8378       /lib/arm-linux-gnueabihf/libnss_compat-2.24.so
7627b000-7627d000 r--s 0001a000 b3:02 397133     /home/pi/Desktop/idea-IU-183.5912.21/lib/idea_rt.jar
7627d000-7627f000 r--s 00001000 b3:02 267245     /home/pi/Desktop/slf4j-jdk14-1.7.25.jar
7627f000-76283000 r--s 000a1000 b3:02 1050840    /usr/lib/jvm/jdk1.8.0_201/jre/lib/jsse.jar
76283000-76288000 r--s 00084000 b3:02 1050815    /usr/lib/jvm/jdk1.8.0_201/jre/lib/jfr.jar
76288000-7628b000 r--s 0001a000 b3:02 1050750    /usr/lib/jvm/jdk1.8.0_201/jre/lib/jce.jar
7628b000-76290000 r--s 002f9000 b3:02 1050739    /usr/lib/jvm/jdk1.8.0_201/jre/lib/charsets.jar
76290000-76298000 r-xp 00000000 b3:02 1050762    /usr/lib/jvm/jdk1.8.0_201/jre/lib/arm/libinstrument.so
76298000-7629f000 ---p 00008000 b3:02 1050762    /usr/lib/jvm/jdk1.8.0_201/jre/lib/arm/libinstrument.so
7629f000-762a0000 r--p 00007000 b3:02 1050762    /usr/lib/jvm/jdk1.8.0_201/jre/lib/arm/libinstrument.so
762a0000-762a1000 rw-p 00008000 b3:02 1050762    /usr/lib/jvm/jdk1.8.0_201/jre/lib/arm/libinstrument.so
762a1000-762c4000 r-xp 00000000 b3:02 1050783    /usr/lib/jvm/jdk1.8.0_201/jre/lib/arm/libjava.so
762c4000-762cb000 ---p 00023000 b3:02 1050783    /usr/lib/jvm/jdk1.8.0_201/jre/lib/arm/libjava.so
762cb000-762cc000 r--p 00022000 b3:02 1050783    /usr/lib/jvm/jdk1.8.0_201/jre/lib/arm/libjava.so
762cc000-762cd000 rw-p 00023000 b3:02 1050783    /usr/lib/jvm/jdk1.8.0_201/jre/lib/arm/libjava.so
762cd000-762d3000 r-xp 00000000 b3:02 8388       /lib/arm-linux-gnueabihf/librt-2.24.so
762d3000-762e2000 ---p 00006000 b3:02 8388       /lib/arm-linux-gnueabihf/librt-2.24.so
762e2000-762e3000 r--p 00005000 b3:02 8388       /lib/arm-linux-gnueabihf/librt-2.24.so
762e3000-762e4000 rw-p 00006000 b3:02 8388       /lib/arm-linux-gnueabihf/librt-2.24.so
762e4000-762e8000 ---p 00000000 00:00 0 
762e8000-76335000 rw-p 00000000 00:00 0 
76335000-763a2000 r-xp 00000000 b3:02 8373       /lib/arm-linux-gnueabihf/libm-2.24.so
763a2000-763b2000 ---p 0006d000 b3:02 8373       /lib/arm-linux-gnueabihf/libm-2.24.so
763b2000-763b3000 r--p 0006d000 b3:02 8373       /lib/arm-linux-gnueabihf/libm-2.24.so
763b3000-763b4000 rw-p 0006e000 b3:02 8373       /lib/arm-linux-gnueabihf/libm-2.24.so
763b4000-7694b000 r-xp 00000000 b3:02 1050798    /usr/lib/jvm/jdk1.8.0_201/jre/lib/arm/client/libjvm.so
7694b000-76952000 ---p 00597000 b3:02 1050798    /usr/lib/jvm/jdk1.8.0_201/jre/lib/arm/client/libjvm.so
76952000-76966000 r--p 00596000 b3:02 1050798    /usr/lib/jvm/jdk1.8.0_201/jre/lib/arm/client/libjvm.so
76966000-7697f000 rw-p 005aa000 b3:02 1050798    /usr/lib/jvm/jdk1.8.0_201/jre/lib/arm/client/libjvm.so
7697f000-76da6000 rw-p 00000000 00:00 0 
76da6000-76dc2000 r-xp 00000000 b3:02 2541       /lib/arm-linux-gnueabihf/libgcc_s.so.1
76dc2000-76dd1000 ---p 0001c000 b3:02 2541       /lib/arm-linux-gnueabihf/libgcc_s.so.1
76dd1000-76dd2000 r--p 0001b000 b3:02 2541       /lib/arm-linux-gnueabihf/libgcc_s.so.1
76dd2000-76dd3000 rw-p 0001c000 b3:02 2541       /lib/arm-linux-gnueabihf/libgcc_s.so.1
76dd3000-76efd000 r-xp 00000000 b3:02 8369       /lib/arm-linux-gnueabihf/libc-2.24.so
76efd000-76f0c000 ---p 0012a000 b3:02 8369       /lib/arm-linux-gnueabihf/libc-2.24.so
76f0c000-76f0e000 r--p 00129000 b3:02 8369       /lib/arm-linux-gnueabihf/libc-2.24.so
76f0e000-76f0f000 rw-p 0012b000 b3:02 8369       /lib/arm-linux-gnueabihf/libc-2.24.so
76f0f000-76f12000 rw-p 00000000 00:00 0 
76f12000-76f14000 r-xp 00000000 b3:02 8372       /lib/arm-linux-gnueabihf/libdl-2.24.so
76f14000-76f23000 ---p 00002000 b3:02 8372       /lib/arm-linux-gnueabihf/libdl-2.24.so
76f23000-76f24000 r--p 00001000 b3:02 8372       /lib/arm-linux-gnueabihf/libdl-2.24.so
76f24000-76f25000 rw-p 00002000 b3:02 8372       /lib/arm-linux-gnueabihf/libdl-2.24.so
76f25000-76f3a000 r-xp 00000000 b3:02 1050859    /usr/lib/jvm/jdk1.8.0_201/lib/arm/jli/libjli.so
76f3a000-76f41000 ---p 00015000 b3:02 1050859    /usr/lib/jvm/jdk1.8.0_201/lib/arm/jli/libjli.so
76f41000-76f42000 r--p 00014000 b3:02 1050859    /usr/lib/jvm/jdk1.8.0_201/lib/arm/jli/libjli.so
76f42000-76f43000 rw-p 00015000 b3:02 1050859    /usr/lib/jvm/jdk1.8.0_201/lib/arm/jli/libjli.so
76f43000-76f59000 r-xp 00000000 b3:02 8386       /lib/arm-linux-gnueabihf/libpthread-2.24.so
76f59000-76f68000 ---p 00016000 b3:02 8386       /lib/arm-linux-gnueabihf/libpthread-2.24.so
76f68000-76f69000 r--p 00015000 b3:02 8386       /lib/arm-linux-gnueabihf/libpthread-2.24.so
76f69000-76f6a000 rw-p 00016000 b3:02 8386       /lib/arm-linux-gnueabihf/libpthread-2.24.so
76f6a000-76f6c000 rw-p 00000000 00:00 0 
76f6c000-76f6e000 r--s 00009000 b3:02 267244     /home/pi/Desktop/slf4j-api-1.7.25.jar
76f6e000-76f77000 r-xp 00000000 b3:02 1050758    /usr/lib/jvm/jdk1.8.0_201/jre/lib/arm/libverify.so
76f77000-76f7f000 ---p 00009000 b3:02 1050758    /usr/lib/jvm/jdk1.8.0_201/jre/lib/arm/libverify.so
76f7f000-76f80000 r--p 00009000 b3:02 1050758    /usr/lib/jvm/jdk1.8.0_201/jre/lib/arm/libverify.so
76f80000-76f81000 rw-p 0000a000 b3:02 1050758    /usr/lib/jvm/jdk1.8.0_201/jre/lib/arm/libverify.so
76f81000-76f86000 r-xp 00000000 b3:02 9462       /usr/lib/arm-linux-gnueabihf/libarmmem.so
76f86000-76f95000 ---p 00005000 b3:02 9462       /usr/lib/arm-linux-gnueabihf/libarmmem.so
76f95000-76f96000 r--p 00004000 b3:02 9462       /usr/lib/arm-linux-gnueabihf/libarmmem.so
76f96000-76f97000 rw-p 00005000 b3:02 9462       /usr/lib/arm-linux-gnueabihf/libarmmem.so
76f97000-76fb8000 r-xp 00000000 b3:02 8361       /lib/arm-linux-gnueabihf/ld-2.24.so
76fb8000-76fb9000 r--s 00000000 b3:02 1050742    /usr/lib/jvm/jdk1.8.0_201/jre/lib/management-agent.jar
76fb9000-76fba000 r--s 00000000 b3:02 1050952    /usr/lib/jvm/jdk1.8.0_201/jre/lib/jfxswt.jar
76fba000-76fc2000 rw-s 00000000 b3:02 931193     /tmp/hsperfdata_root/3572
76fc2000-76fc3000 r--p 00000000 00:00 0 
76fc3000-76fc7000 rw-p 00000000 00:00 0 
76fc7000-76fc8000 r--p 00020000 b3:02 8361       /lib/arm-linux-gnueabihf/ld-2.24.so
76fc8000-76fc9000 rw-p 00021000 b3:02 8361       /lib/arm-linux-gnueabihf/ld-2.24.so
7ed91000-7edb2000 rw-p 00000000 00:00 0          [stack]
7edbb000-7edbc000 r-xp 00000000 00:00 0          [sigpage]
7edbc000-7edbd000 r--p 00000000 00:00 0          [vvar]
7edbd000-7edbe000 r-xp 00000000 00:00 0          [vdso]
ffff0000-ffff1000 r-xp 00000000 00:00 0          [vectors]

VM Arguments:
jvm_args: -Djdk.gtk.verbose=true -Djdk.gtk.version=3 -Djavafx.platform=gtk3 -javaagent:/home/pi/Desktop/idea-IU-183.5912.21/lib/idea_rt.jar=37699:/home/pi/Desktop/idea-IU-183.5912.21/bin -Dfile.encoding=UTF-8 
java_command: sample.Main
java_class_path (initial): /usr/lib/jvm/jdk1.8.0_201/jre/lib/charsets.jar:/usr/lib/jvm/jdk1.8.0_201/jre/lib/ext/cldrdata.jar:/usr/lib/jvm/jdk1.8.0_201/jre/lib/ext/dnsns.jar:/usr/lib/jvm/jdk1.8.0_201/jre/lib/ext/jaccess.jar:/usr/lib/jvm/jdk1.8.0_201/jre/lib/ext/jfxrt.jar:/usr/lib/jvm/jdk1.8.0_201/jre/lib/ext/localedata.jar:/usr/lib/jvm/jdk1.8.0_201/jre/lib/ext/nashorn.jar:/usr/lib/jvm/jdk1.8.0_201/jre/lib/ext/sunec.jar:/usr/lib/jvm/jdk1.8.0_201/jre/lib/ext/sunjce_provider.jar:/usr/lib/jvm/jdk1.8.0_201/jre/lib/ext/sunpkcs11.jar:/usr/lib/jvm/jdk1.8.0_201/jre/lib/ext/zipfs.jar:/usr/lib/jvm/jdk1.8.0_201/jre/lib/jce.jar:/usr/lib/jvm/jdk1.8.0_201/jre/lib/jfr.jar:/usr/lib/jvm/jdk1.8.0_201/jre/lib/jfxswt.jar:/usr/lib/jvm/jdk1.8.0_201/jre/lib/jsse.jar:/usr/lib/jvm/jdk1.8.0_201/jre/lib/management-agent.jar:/usr/lib/jvm/jdk1.8.0_201/jre/lib/resources.jar:/usr/lib/jvm/jdk1.8.0_201/jre/lib/rt.jar:/home/pi/Desktop/proo v2/Raspy/out/production/Raspy:/home/pi/Desktop/mina-core-2.0.19.jar:/home/pi/Desktop/slf4j-api-1.7.25.jar:/home/pi/Desktop/slf4j-jdk14-1.7.25.jar:/home/pi/Desktop/proo v2/Raspy/sqlite/sqlite-jdbc-3.23.1.jar:/home/pi/Desktop/proo v2/Raspy/json/gson-2.8.5.jar:/home/pi/Desktop/idea-IU-183.5912.21/lib/idea_rt.jar
Launcher Type: SUN_STANDARD

Environment Variables:
JAVA_HOME=/usr/lib/jvm/jdk1.8.0_201
PATH=/usr/local/sbin:/usr/local/bin:/usr/sbin:/usr/bin:/sbin:/bin:/usr/local/games:/usr/games:$JAVA_HOME/bin
USERNAME=root
SHELL=/bin/bash
DISPLAY=:0.0

Signal Handlers:
SIGSEGV: [libjvm.so+0x5177a0], sa_mask[0]=11111111011111111101111111111110, sa_flags=SA_RESTART|SA_SIGINFO
SIGBUS: [libjvm.so+0x5177a0], sa_mask[0]=11111111011111111101111111111110, sa_flags=SA_RESTART|SA_SIGINFO
SIGFPE: [libjvm.so+0x40b2f4], sa_mask[0]=11111111011111111101111111111110, sa_flags=SA_RESTART|SA_SIGINFO
SIGPIPE: SIG_IGN, sa_mask[0]=00000000000010000000000000000000, sa_flags=SA_RESTART
SIGXFSZ: [libjvm.so+0x40b2f4], sa_mask[0]=11111111011111111101111111111110, sa_flags=SA_RESTART|SA_SIGINFO
SIGILL: [libjvm.so+0x40b2f4], sa_mask[0]=11111111011111111101111111111110, sa_flags=SA_RESTART|SA_SIGINFO
SIGUSR1: SIG_DFL, sa_mask[0]=00000000000000000000000000000000, sa_flags=none
SIGUSR2: [libjvm.so+0x40b458], sa_mask[0]=00100000000000000000000000000000, sa_flags=SA_RESTART|SA_SIGINFO
SIGHUP: [libjvm.so+0x40b88c], sa_mask[0]=11111111011111111101111111111110, sa_flags=SA_RESTART|SA_SIGINFO
SIGINT: [libjvm.so+0x40b88c], sa_mask[0]=11111111011111111101111111111110, sa_flags=SA_RESTART|SA_SIGINFO
SIGTERM: [libjvm.so+0x40b88c], sa_mask[0]=11111111011111111101111111111110, sa_flags=SA_RESTART|SA_SIGINFO
SIGQUIT: [libjvm.so+0x40b88c], sa_mask[0]=11111111011111111101111111111110, sa_flags=SA_RESTART|SA_SIGINFO


---------------  S Y S T E M  ---------------

OS:PRETTY_NAME="Raspbian GNU/Linux 9 (stretch)"
NAME="Raspbian GNU/Linux"
VERSION_ID="9"
VERSION="9 (stretch)"
ID=raspbian
ID_LIKE=debian
HOME_URL="http://www.raspbian.org/"
SUPPORT_URL="http://www.raspbian.org/RaspbianForums"
BUG_REPORT_URL="http://www.raspbian.org/RaspbianBugs"

uname:Linux 4.14.98-v7+ #1200 SMP Tue Feb 12 20:27:48 GMT 2019 armv7l
libc:glibc 2.24 NPTL 2.24 
rlimit: STACK 8192k, CORE infinity, NPROC 7345, NOFILE 1048576, AS infinity
load average:1,53 1,17 0,90

/proc/meminfo:
MemTotal:         949448 kB
MemFree:           33468 kB
MemAvailable:      79640 kB
Buffers:            4584 kB
Cached:            93820 kB
SwapCached:         1136 kB
Active:           437924 kB
Inactive:         438180 kB
Active(anon):     393328 kB
Inactive(anon):   396856 kB
Active(file):      44596 kB
Inactive(file):    41324 kB
Unevictable:           0 kB
Mlocked:               0 kB
SwapTotal:        102396 kB
SwapFree:              8 kB
Dirty:              2088 kB
Writeback:             0 kB
AnonPages:        776588 kB
Mapped:            56352 kB
Shmem:             12460 kB
Slab:              22440 kB
SReclaimable:      10612 kB
SUnreclaim:        11828 kB
KernelStack:        2128 kB
PageTables:         4960 kB
NFS_Unstable:          0 kB
Bounce:                0 kB
WritebackTmp:          0 kB
CommitLimit:      577120 kB
Committed_AS:    1692976 kB
VmallocTotal:    1114112 kB
VmallocUsed:           0 kB
VmallocChunk:          0 kB
CmaTotal:           8192 kB
CmaFree:            6792 kB


CPU:total 4 (initial active 4) (ARMv7), vfp

/proc/cpuinfo:
processor	: 0
model name	: ARMv7 Processor rev 4 (v7l)
BogoMIPS	: 76.80
Features	: half thumb fastmult vfp edsp neon vfpv3 tls vfpv4 idiva idivt vfpd32 lpae evtstrm crc32 
CPU implementer	: 0x41
CPU architecture: 7
CPU variant	: 0x0
CPU part	: 0xd03
CPU revision	: 4

processor	: 1
model name	: ARMv7 Processor rev 4 (v7l)
BogoMIPS	: 76.80
Features	: half thumb fastmult vfp edsp neon vfpv3 tls vfpv4 idiva idivt vfpd32 lpae evtstrm crc32 
CPU implementer	: 0x41
CPU architecture: 7
CPU variant	: 0x0
CPU part	: 0xd03
CPU revision	: 4

processor	: 2
model name	: ARMv7 Processor rev 4 (v7l)
BogoMIPS	: 76.80
Features	: half thumb fastmult vfp edsp neon vfpv3 tls vfpv4 idiva idivt vfpd32 lpae evtstrm crc32 
CPU implementer	: 0x41
CPU architecture: 7
CPU variant	: 0x0
CPU part	: 0xd03
CPU revision	: 4

processor	: 3
model name	: ARMv7 Processor rev 4 (v7l)
BogoMIPS	: 76.80
Features	: half thumb fastmult vfp edsp neon vfpv3 tls vfpv4 idiva idivt vfpd32 lpae evtstrm crc32 
CPU implementer	: 0x41
CPU architecture: 7
CPU variant	: 0x0
CPU part	: 0xd03
CPU revision	: 4

Hardware	: BCM2835
Revision	: a22082
Serial		: 0000000020d3221b


Memory: 4k page, physical 949448k(33468k free), swap 102396k(8k free)

vm_info: Java HotSpot(TM) Client VM (25.201-b09) for linux-arm-vfp-hflt JRE (1.8.0_201-b09), built on Dec 15 2018 19:16:37 by "java_re" with gcc 4.7.2 20120910 (prerelease)

time: Thu Mar 14 14:12:02 2019
timezone: CET
elapsed time: 267 seconds (0d 0h 4m 27s)

