#
# A fatal error has been detected by the Java Runtime Environment:
#
#  SIGSEGV (0xb) at pc=0x740a8a94, pid=2569, tid=0x611ff470
#
# JRE version: Java(TM) SE Runtime Environment (8.0_201-b09) (build 1.8.0_201-b09)
# Java VM: Java HotSpot(TM) Client VM (25.201-b09 mixed mode linux-arm )
# Problematic frame:
# j  sample.NFC.readNfc()[I+0
#
# Failed to write core dump. Core dumps have been disabled. To enable core dumping, try "ulimit -c unlimited" before starting Java again
#
# If you would like to submit a bug report, please visit:
#   http://bugreport.java.com/bugreport/crash.jsp
#

---------------  T H R E A D  ---------------

Current thread (0x61322c00):  JavaThread "Thread-2" [_thread_in_Java, id=2598, stack(0x611b0000,0x61200000)]

siginfo: si_signo: 11 (SIGSEGV), si_code: 1 (SEGV_MAPERR), si_addr: 0xfffffffe

Registers:
  r0  = 0xfffffffe
  r1  = 0x00000000
  r2  = 0x00000000
  r3  = 0x64e0c918
  r4  = 0xfffffffe
  r5  = 0x00000000
  r6  = 0xffffffff
  r7  = 0x00000000
  r8  = 0x611feb28
  r9  = 0x6551a258
  r10 = 0x61322c00
  fp  = 0x611feb20
  r12 = 0x00000000
  sp  = 0x611feab0
  lr  = 0x614189d4
  pc  = 0x740a8a94
  cpsr = 0xa0000010

Top of Stack: (sp=0x611feab0)
0x611feab0:   61322c00 611feacc 6132255c 61322c00
0x611feac0:   611feae0 611fead8 611feafc 766166b0
0x611fead0:   003dc608 61322c00 6551a258 61322c00
0x611feae0:   6551a258 61322c00 00000000 00000000
0x611feaf0:   65409fa0 00000000 611feb20 740a8940
0x611feb00:   611feb00 00000000 611feb28 6551a518
0x611feb10:   00000000 6551a258 00000000 611feb2c
0x611feb20:   611feb4c 740a00b0 65977600 611feb2c 

Instructions: (pc=0x740a8a94)
0x740a8a74:   e3a0c000 e58ac12c e58ac134 e58ac130
0x740a8a84:   e59a3020 e3a0c000 e583c080 e1140006
0x740a8a94:   15944000 e3560000 158b4008 e59ac198
0x740a8aa4:   e35c0001 0300ed50 0347e67e 012fff3e 

Register to memory mapping:

  r0  = 0xfffffffe
0xfffffffe is an unknown value

  r1  = 0x00000000
0x00000000 is an unknown value

  r2  = 0x00000000
0x00000000 is an unknown value

  r3  = 0x64e0c918
0x64e0c918 is an unknown value

  r4  = 0xfffffffe
0xfffffffe is an unknown value

  r5  = 0x00000000
0x00000000 is an unknown value

  r6  = 0xffffffff
0xffffffff is an unknown value

  r7  = 0x00000000
0x00000000 is an unknown value

  r8  = 0x611feb28
0x611feb28 is pointing into the stack for thread: 0x61322c00

  r9  = 0x6551a258
{method} {0x6551a258} 'readNfc' '()[I' in 'sample/NFC'

  r10 = 0x61322c00
0x61322c00 is a thread

  fp  = 0x611feb20
0x611feb20 is pointing into the stack for thread: 0x61322c00

  r12 = 0x00000000
0x00000000 is an unknown value

  sp  = 0x611feab0
0x611feab0 is pointing into the stack for thread: 0x61322c00

  lr  = 0x614189d4
0x614189d4: Java_sample_NFC_readNfc+0x78 in /home/pi/Desktop/proo v2/Raspy/out/production/Raspy/sample/Reader.so at 0x61418000

  pc  = 0x740a8a94
0x740a8a94 is at code_begin+644 in an Interpreter codelet
method entry point (kind = native)  [0x740a8810, 0x740a8b50]  832 bytes



Stack: [0x611b0000,0x61200000],  sp=0x611feab0,  free space=314k
Native frames: (J=compiled Java code, j=interpreted, Vv=VM code, C=native code)
j  sample.NFC.readNfc()[I+0
j  sample.NFC.run()V+16
j  java.lang.Thread.run()V+11
v  ~StubRoutines::call_stub
C  0x611fed78


---------------  P R O C E S S  ---------------

Java Threads: ( => current thread )
=>0x61322c00 JavaThread "Thread-2" [_thread_in_Java, id=2598, stack(0x611b0000,0x61200000)]
  0x61320800 JavaThread "JavaFX Application Thread" [_thread_in_native, id=2597, stack(0x6142b000,0x6147b000)]
  0x6131e000 JavaThread "Thread-1" daemon [_thread_blocked, id=2596, stack(0x6147b000,0x614cb000)]
  0x643ca800 JavaThread "QuantumRenderer-0" daemon [_thread_blocked, id=2595, stack(0x626af000,0x626ff000)]
  0x64900800 JavaThread "Attach Listener" daemon [_thread_blocked, id=2592, stack(0x6442f000,0x6447f000)]
  0x761fe000 JavaThread "Service Thread" daemon [_thread_blocked, id=2590, stack(0x6462f000,0x6467f000)]
  0x761fb000 JavaThread "C1 CompilerThread0" daemon [_thread_blocked, id=2589, stack(0x64680000,0x64700000)]
  0x761f9400 JavaThread "Monitor Ctrl-Break" daemon [_thread_in_native, id=2588, stack(0x6481a000,0x6486a000)]
  0x76181c00 JavaThread "Signal Dispatcher" daemon [_thread_blocked, id=2585, stack(0x64a15000,0x64a65000)]
  0x76166800 JavaThread "Finalizer" daemon [_thread_blocked, id=2581, stack(0x64f4c000,0x64f9c000)]
  0x76164800 JavaThread "Reference Handler" daemon [_thread_blocked, id=2580, stack(0x64f9c000,0x64fec000)]
  0x76109000 JavaThread "main" [_thread_in_native, id=2570, stack(0x762a2000,0x762f2000)]

Other Threads:
  0x7615f400 VMThread [stack: 0x64fed000,0x6506d000] [id=2577]
  0x64308800 WatcherThread [stack: 0x64480000,0x64500000] [id=2591]

VM state:not at safepoint (normal execution)

VM Mutex/Monitor currently owned by a thread: None

Heap:
 def new generation   total 4864K, used 2678K [0x65800000, 0x65d40000, 0x6a540000)
  eden space 4352K,  49% used [0x65800000, 0x65a1daa0, 0x65c40000)
  from space 512K, 100% used [0x65c40000, 0x65cc0000, 0x65cc0000)
  to   space 512K,   0% used [0x65cc0000, 0x65cc0000, 0x65d40000)
 tenured generation   total 11008K, used 1299K [0x6a540000, 0x6b000000, 0x74000000)
   the space 11008K,  11% used [0x6a540000, 0x6a684f48, 0x6a685000, 0x6b000000)
 Metaspace       used 4271K, capacity 4531K, committed 4632K, reserved 5424K

Card table byte_map: [0x6578b000,0x65800000] byte_map_base: 0x6545f000

Polling page: 0x76f7d000

CodeCache: size=32768Kb used=849Kb max_used=849Kb free=31918Kb
 bounds [0x7409b000, 0x74173000, 0x7609b000]
 total_blobs=367 nmethods=161 adapters=138
 compilation: enabled

Compilation events (10 events):
Event: 3,346 Thread 0x761fb000  153   !         sun.misc.URLClassPath$JarLoader::getResource (85 bytes)
Event: 3,349 Thread 0x761fb000 nmethod 153 0x7416d548 code [0x7416d690, 0x7416da5c]
Event: 3,363 Thread 0x761fb000  155             java.lang.String::<init> (10 bytes)
Event: 3,363 Thread 0x761fb000 nmethod 155 0x7416e048 code [0x7416e120, 0x7416e1b8]
Event: 3,369 Thread 0x761fb000  156             java.lang.invoke.MethodType::parameterType (7 bytes)
Event: 3,370 Thread 0x761fb000 nmethod 156 0x7416e308 code [0x7416e3f0, 0x7416e498]
Event: 3,372 Thread 0x761fb000  157             sun.misc.URLClassPath::getResource (83 bytes)
Event: 3,373 Thread 0x761fb000 nmethod 157 0x7416e548 code [0x7416e650, 0x7416e79c]
Event: 3,402 Thread 0x761fb000  158             java.util.jar.Manifest$FastInputStream::readLine (167 bytes)
Event: 3,404 Thread 0x761fb000 nmethod 158 0x7416e888 code [0x7416e990, 0x7416ec40]

GC Heap History (4 events):
Event: 1,772 GC heap before
{Heap before GC invocations=0 (full 0):
 def new generation   total 4864K, used 4352K [0x65800000, 0x65d40000, 0x6a540000)
  eden space 4352K, 100% used [0x65800000, 0x65c40000, 0x65c40000)
  from space 512K,   0% used [0x65c40000, 0x65c40000, 0x65cc0000)
  to   space 512K,   0% used [0x65cc0000, 0x65cc0000, 0x65d40000)
 tenured generation   total 11008K, used 0K [0x6a540000, 0x6b000000, 0x74000000)
   the space 11008K,   0% used [0x6a540000, 0x6a540000, 0x6a540200, 0x6b000000)
 Metaspace       used 2879K, capacity 3069K, committed 3096K, reserved 4400K
Event: 1,788 GC heap after
Heap after GC invocations=1 (full 0):
 def new generation   total 4864K, used 512K [0x65800000, 0x65d40000, 0x6a540000)
  eden space 4352K,   0% used [0x65800000, 0x65800000, 0x65c40000)
  from space 512K, 100% used [0x65cc0000, 0x65d40000, 0x65d40000)
  to   space 512K,   0% used [0x65c40000, 0x65c40000, 0x65cc0000)
 tenured generation   total 11008K, used 434K [0x6a540000, 0x6b000000, 0x74000000)
   the space 11008K,   3% used [0x6a540000, 0x6a5aca48, 0x6a5acc00, 0x6b000000)
 Metaspace       used 2879K, capacity 3069K, committed 3096K, reserved 4400K
}
Event: 3,171 GC heap before
{Heap before GC invocations=1 (full 0):
 def new generation   total 4864K, used 4864K [0x65800000, 0x65d40000, 0x6a540000)
  eden space 4352K, 100% used [0x65800000, 0x65c40000, 0x65c40000)
  from space 512K, 100% used [0x65cc0000, 0x65d40000, 0x65d40000)
  to   space 512K,   0% used [0x65c40000, 0x65c40000, 0x65cc0000)
 tenured generation   total 11008K, used 434K [0x6a540000, 0x6b000000, 0x74000000)
   the space 11008K,   3% used [0x6a540000, 0x6a5aca48, 0x6a5acc00, 0x6b000000)
 Metaspace       used 3972K, capacity 4228K, committed 4248K, reserved 4400K
Event: 3,186 GC heap after
Heap after GC invocations=2 (full 0):
 def new generation   total 4864K, used 512K [0x65800000, 0x65d40000, 0x6a540000)
  eden space 4352K,   0% used [0x65800000, 0x65800000, 0x65c40000)
  from space 512K, 100% used [0x65c40000, 0x65cc0000, 0x65cc0000)
  to   space 512K,   0% used [0x65cc0000, 0x65cc0000, 0x65d40000)
 tenured generation   total 11008K, used 1299K [0x6a540000, 0x6b000000, 0x74000000)
   the space 11008K,  11% used [0x6a540000, 0x6a684f48, 0x6a685000, 0x6b000000)
 Metaspace       used 3972K, capacity 4228K, committed 4248K, reserved 4400K
}

Deoptimization events (0 events):
No events

Classes redefined (0 events):
No events

Internal exceptions (10 events):
Event: 0,480 Thread 0x76109000 Exception <a 'java/lang/NoSuchMethodError': Method sun.misc.Unsafe.prefetchRead(Ljava/lang/Object;J)V name or signature does not match> (0x65807170) thrown at [/HUDSON/workspace/8-2-build-glinux-arm-vfp-hflt/jdk8u201/12322/hotspot/src/share/vm/prims/jni.c
Event: 1,603 Thread 0x64900800 Exception <a 'java/security/PrivilegedActionException'> (0x65afae90) thrown at [/HUDSON/workspace/8-2-build-glinux-arm-vfp-hflt/jdk8u201/12322/hotspot/src/share/vm/prims/jvm.cpp, line 1502]
Event: 1,603 Thread 0x64900800 Exception <a 'java/security/PrivilegedActionException'> (0x65afb270) thrown at [/HUDSON/workspace/8-2-build-glinux-arm-vfp-hflt/jdk8u201/12322/hotspot/src/share/vm/prims/jvm.cpp, line 1502]
Event: 1,604 Thread 0x64900800 Exception <a 'java/security/PrivilegedActionException'> (0x65afd5e0) thrown at [/HUDSON/workspace/8-2-build-glinux-arm-vfp-hflt/jdk8u201/12322/hotspot/src/share/vm/prims/jvm.cpp, line 1502]
Event: 1,605 Thread 0x64900800 Exception <a 'java/security/PrivilegedActionException'> (0x65afd9c0) thrown at [/HUDSON/workspace/8-2-build-glinux-arm-vfp-hflt/jdk8u201/12322/hotspot/src/share/vm/prims/jvm.cpp, line 1502]
Event: 1,664 Thread 0x76109000 Exception <a 'java/lang/NoSuchFieldError': method resolution failed> (0x65b92e90) thrown at [/HUDSON/workspace/8-2-build-glinux-arm-vfp-hflt/jdk8u201/12322/hotspot/src/share/vm/prims/methodHandles.cpp, line 1167]
Event: 1,672 Thread 0x76109000 Exception <a 'java/lang/NoSuchFieldError': method resolution failed> (0x65bb7b68) thrown at [/HUDSON/workspace/8-2-build-glinux-arm-vfp-hflt/jdk8u201/12322/hotspot/src/share/vm/prims/methodHandles.cpp, line 1167]
Event: 1,799 Thread 0x76109000 Exception <a 'java/lang/NullPointerException'> (0x6580a3a0) thrown at [/HUDSON/workspace/8-2-build-glinux-arm-vfp-hflt/jdk8u201/12322/hotspot/src/share/vm/interpreter/linkResolver.cpp, line 1185]
Event: 2,402 Thread 0x643ca800 Exception <a 'java/lang/UnsatisfiedLinkError'> (0x65ae2c28) thrown at [/HUDSON/workspace/8-2-build-glinux-arm-vfp-hflt/jdk8u201/12322/hotspot/src/share/vm/prims/jvm.cpp, line 1506]
Event: 2,403 Thread 0x643ca800 Exception <a 'java/lang/UnsatisfiedLinkError'> (0x65ae2c28) thrown at [/HUDSON/workspace/8-2-build-glinux-arm-vfp-hflt/jdk8u201/12322/hotspot/src/share/vm/oops/instanceKlass.cpp, line 959]

Events (10 events):
Event: 3,398 loading class org/apache/mina/core/service/IoConnector
Event: 3,398 loading class org/apache/mina/core/service/IoConnector done
Event: 3,415 loading class org/apache/mina/core/service/IoService
Event: 3,415 loading class org/apache/mina/core/service/IoService done
Event: 3,418 loading class org/apache/mina/core/filterchain/IoFilter
Event: 3,418 loading class org/apache/mina/core/filterchain/IoFilter done
Event: 3,427 loading class org/apache/mina/filter/codec/ProtocolCodecFactory
Event: 3,427 loading class org/apache/mina/filter/codec/ProtocolCodecFactory done
Event: 3,434 loading class org/apache/mina/core/service/IoHandler
Event: 3,434 loading class org/apache/mina/core/service/IoHandler done


Dynamic libraries:
00008000-00009000 r-xp 00000000 b3:02 1050657    /usr/lib/jvm/jdk1.8.0_201/bin/java
00010000-00011000 r--p 00000000 b3:02 1050657    /usr/lib/jvm/jdk1.8.0_201/bin/java
00011000-00012000 rw-p 00001000 b3:02 1050657    /usr/lib/jvm/jdk1.8.0_201/bin/java
0162d000-0164e000 rw-p 00000000 00:00 0          [heap]
61167000-6116d000 r-xp 00000000 b3:02 2608       /lib/arm-linux-gnueabihf/libusb-0.1.so.4.4.4
6116d000-6117c000 ---p 00006000 b3:02 2608       /lib/arm-linux-gnueabihf/libusb-0.1.so.4.4.4
6117c000-6117d000 r--p 00005000 b3:02 2608       /lib/arm-linux-gnueabihf/libusb-0.1.so.4.4.4
6117d000-6117e000 rw-p 00006000 b3:02 2608       /lib/arm-linux-gnueabihf/libusb-0.1.so.4.4.4
6117e000-6117f000 rw-p 00000000 00:00 0 
6117f000-6119d000 r-xp 00000000 b3:02 35273      /usr/lib/arm-linux-gnueabihf/libnfc.so.5.0.1
6119d000-611ad000 ---p 0001e000 b3:02 35273      /usr/lib/arm-linux-gnueabihf/libnfc.so.5.0.1
611ad000-611ae000 r--p 0001e000 b3:02 35273      /usr/lib/arm-linux-gnueabihf/libnfc.so.5.0.1
611ae000-611b0000 rw-p 0001f000 b3:02 35273      /usr/lib/arm-linux-gnueabihf/libnfc.so.5.0.1
611b0000-611b3000 ---p 00000000 00:00 0 
611b3000-61240000 rw-p 00000000 00:00 0 
61240000-61300000 ---p 00000000 00:00 0 
61300000-6133c000 rw-p 00000000 00:00 0 
6133c000-61400000 ---p 00000000 00:00 0 
61418000-61419000 r-xp 00000000 b3:02 792338     /home/pi/Desktop/proo v2/Raspy/out/production/Raspy/sample/Reader.so
61419000-61429000 ---p 00001000 b3:02 792338     /home/pi/Desktop/proo v2/Raspy/out/production/Raspy/sample/Reader.so
61429000-6142a000 r--p 00001000 b3:02 792338     /home/pi/Desktop/proo v2/Raspy/out/production/Raspy/sample/Reader.so
6142a000-6142b000 rw-p 00002000 b3:02 792338     /home/pi/Desktop/proo v2/Raspy/out/production/Raspy/sample/Reader.so
6142b000-6142e000 ---p 00000000 00:00 0 
6142e000-6147b000 rw-p 00000000 00:00 0 
6147b000-6147e000 ---p 00000000 00:00 0 
6147e000-614cb000 rw-p 00000000 00:00 0 
614cb000-614f5000 r--p 00000000 b3:02 31361      /usr/share/locale/it/LC_MESSAGES/gtk20-properties.mo
614f5000-61517000 r--p 00000000 b3:02 9879       /usr/share/locale/it/LC_MESSAGES/libc.mo
61517000-6152f000 r-xp 00000000 b3:02 2523       /lib/arm-linux-gnueabihf/libbsd.so.0.8.3
6152f000-6153e000 ---p 00018000 b3:02 2523       /lib/arm-linux-gnueabihf/libbsd.so.0.8.3
6153e000-6153f000 r--p 00017000 b3:02 2523       /lib/arm-linux-gnueabihf/libbsd.so.0.8.3
6153f000-61540000 rw-p 00018000 b3:02 2523       /lib/arm-linux-gnueabihf/libbsd.so.0.8.3
61540000-61543000 r-xp 00000000 b3:02 2611       /lib/arm-linux-gnueabihf/libuuid.so.1.3.0
61543000-61552000 ---p 00003000 b3:02 2611       /lib/arm-linux-gnueabihf/libuuid.so.1.3.0
61552000-61553000 r--p 00002000 b3:02 2611       /lib/arm-linux-gnueabihf/libuuid.so.1.3.0
61553000-61554000 rw-p 00003000 b3:02 2611       /lib/arm-linux-gnueabihf/libuuid.so.1.3.0
61554000-61559000 r-xp 00000000 b3:02 9533       /usr/lib/arm-linux-gnueabihf/libdatrie.so.1.3.3
61559000-61568000 ---p 00005000 b3:02 9533       /usr/lib/arm-linux-gnueabihf/libdatrie.so.1.3.3
61568000-61569000 r--p 00004000 b3:02 9533       /usr/lib/arm-linux-gnueabihf/libdatrie.so.1.3.3
61569000-6156a000 rw-p 00005000 b3:02 9533       /usr/lib/arm-linux-gnueabihf/libdatrie.so.1.3.3
6156a000-6156e000 r-xp 00000000 b3:02 9437       /usr/lib/arm-linux-gnueabihf/libXdmcp.so.6.0.0
6156e000-6157d000 ---p 00004000 b3:02 9437       /usr/lib/arm-linux-gnueabihf/libXdmcp.so.6.0.0
6157d000-6157e000 r--p 00003000 b3:02 9437       /usr/lib/arm-linux-gnueabihf/libXdmcp.so.6.0.0
6157e000-6157f000 rw-p 00004000 b3:02 9437       /usr/lib/arm-linux-gnueabihf/libXdmcp.so.6.0.0
6157f000-615a0000 r-xp 00000000 b3:02 9645       /usr/lib/arm-linux-gnueabihf/libgraphite2.so.3.0.1
615a0000-615b0000 ---p 00021000 b3:02 9645       /usr/lib/arm-linux-gnueabihf/libgraphite2.so.3.0.1
615b0000-615b1000 r--p 00021000 b3:02 9645       /usr/lib/arm-linux-gnueabihf/libgraphite2.so.3.0.1
615b1000-615b2000 rw-p 00022000 b3:02 9645       /usr/lib/arm-linux-gnueabihf/libgraphite2.so.3.0.1
615b2000-615eb000 r-xp 00000000 b3:02 2522       /lib/arm-linux-gnueabihf/libblkid.so.1.1.0
615eb000-615fb000 ---p 00039000 b3:02 2522       /lib/arm-linux-gnueabihf/libblkid.so.1.1.0
615fb000-615fd000 r--p 00039000 b3:02 2522       /lib/arm-linux-gnueabihf/libblkid.so.1.1.0
615fd000-615fe000 rw-p 0003b000 b3:02 2522       /lib/arm-linux-gnueabihf/libblkid.so.1.1.0
615fe000-615ff000 rw-p 00000000 00:00 0 
615ff000-61667000 r-xp 00000000 b3:02 2581       /lib/arm-linux-gnueabihf/libpcre.so.3.13.3
61667000-61676000 ---p 00068000 b3:02 2581       /lib/arm-linux-gnueabihf/libpcre.so.3.13.3
61676000-61677000 r--p 00067000 b3:02 2581       /lib/arm-linux-gnueabihf/libpcre.so.3.13.3
61677000-61678000 rw-p 00068000 b3:02 2581       /lib/arm-linux-gnueabihf/libpcre.so.3.13.3
61678000-6167f000 r-xp 00000000 b3:02 9580       /usr/lib/arm-linux-gnueabihf/libffi.so.6.0.4
6167f000-6168e000 ---p 00007000 b3:02 9580       /usr/lib/arm-linux-gnueabihf/libffi.so.6.0.4
6168e000-6168f000 r--p 00006000 b3:02 9580       /usr/lib/arm-linux-gnueabihf/libffi.so.6.0.4
6168f000-61690000 rw-p 00007000 b3:02 9580       /usr/lib/arm-linux-gnueabihf/libffi.so.6.0.4
61690000-616af000 r-xp 00000000 b3:02 2537       /lib/arm-linux-gnueabihf/libexpat.so.1.6.2
616af000-616bf000 ---p 0001f000 b3:02 2537       /lib/arm-linux-gnueabihf/libexpat.so.1.6.2
616bf000-616c1000 r--p 0001f000 b3:02 2537       /lib/arm-linux-gnueabihf/libexpat.so.1.6.2
616c1000-616c2000 rw-p 00021000 b3:02 2537       /lib/arm-linux-gnueabihf/libexpat.so.1.6.2
616c2000-616c9000 r-xp 00000000 b3:02 9931       /usr/lib/arm-linux-gnueabihf/libthai.so.0.3.0
616c9000-616d8000 ---p 00007000 b3:02 9931       /usr/lib/arm-linux-gnueabihf/libthai.so.0.3.0
616d8000-616d9000 r--p 00006000 b3:02 9931       /usr/lib/arm-linux-gnueabihf/libthai.so.0.3.0
616d9000-616da000 rw-p 00007000 b3:02 9931       /usr/lib/arm-linux-gnueabihf/libthai.so.0.3.0
616da000-616e4000 r-xp 00000000 b3:02 9992       /usr/lib/arm-linux-gnueabihf/libxcb-render.so.0.0.0
616e4000-616f3000 ---p 0000a000 b3:02 9992       /usr/lib/arm-linux-gnueabihf/libxcb-render.so.0.0.0
616f3000-616f4000 r--p 00009000 b3:02 9992       /usr/lib/arm-linux-gnueabihf/libxcb-render.so.0.0.0
616f4000-616f5000 rw-p 0000a000 b3:02 9992       /usr/lib/arm-linux-gnueabihf/libxcb-render.so.0.0.0
616f5000-61713000 r-xp 00000000 b3:02 10001      /usr/lib/arm-linux-gnueabihf/libxcb.so.1.1.0
61713000-61722000 ---p 0001e000 b3:02 10001      /usr/lib/arm-linux-gnueabihf/libxcb.so.1.1.0
61722000-61723000 r--p 0001d000 b3:02 10001      /usr/lib/arm-linux-gnueabihf/libxcb.so.1.1.0
61723000-61724000 rw-p 0001e000 b3:02 10001      /usr/lib/arm-linux-gnueabihf/libxcb.so.1.1.0
61724000-61726000 r-xp 00000000 b3:02 9994       /usr/lib/arm-linux-gnueabihf/libxcb-shm.so.0.0.0
61726000-61735000 ---p 00002000 b3:02 9994       /usr/lib/arm-linux-gnueabihf/libxcb-shm.so.0.0.0
61735000-61736000 r--p 00001000 b3:02 9994       /usr/lib/arm-linux-gnueabihf/libxcb-shm.so.0.0.0
61736000-61737000 rw-p 00002000 b3:02 9994       /usr/lib/arm-linux-gnueabihf/libxcb-shm.so.0.0.0
61737000-617c3000 r-xp 00000000 b3:02 9844       /usr/lib/arm-linux-gnueabihf/libpixman-1.so.0.34.0
617c3000-617d2000 ---p 0008c000 b3:02 9844       /usr/lib/arm-linux-gnueabihf/libpixman-1.so.0.34.0
617d2000-617d8000 r--p 0008b000 b3:02 9844       /usr/lib/arm-linux-gnueabihf/libpixman-1.so.0.34.0
617d8000-617d9000 rw-p 00091000 b3:02 9844       /usr/lib/arm-linux-gnueabihf/libpixman-1.so.0.34.0
617d9000-61802000 r-xp 00000000 b3:02 9849       /usr/lib/arm-linux-gnueabihf/libpng16.so.16.28.0
61802000-61811000 ---p 00029000 b3:02 9849       /usr/lib/arm-linux-gnueabihf/libpng16.so.16.28.0
61811000-61812000 r--p 00028000 b3:02 9849       /usr/lib/arm-linux-gnueabihf/libpng16.so.16.28.0
61812000-61813000 rw-p 00029000 b3:02 9849       /usr/lib/arm-linux-gnueabihf/libpng16.so.16.28.0
61813000-61899000 r-xp 00000000 b3:02 9704       /usr/lib/arm-linux-gnueabihf/libharfbuzz.so.0.10400.2
61899000-618a8000 ---p 00086000 b3:02 9704       /usr/lib/arm-linux-gnueabihf/libharfbuzz.so.0.10400.2
618a8000-618a9000 r--p 00085000 b3:02 9704       /usr/lib/arm-linux-gnueabihf/libharfbuzz.so.0.10400.2
618a9000-618aa000 rw-p 00086000 b3:02 9704       /usr/lib/arm-linux-gnueabihf/libharfbuzz.so.0.10400.2
618aa000-618ea000 r-xp 00000000 b3:02 2557       /lib/arm-linux-gnueabihf/libmount.so.1.1.0
618ea000-618fa000 ---p 00040000 b3:02 2557       /lib/arm-linux-gnueabihf/libmount.so.1.1.0
618fa000-618fb000 r--p 00040000 b3:02 2557       /lib/arm-linux-gnueabihf/libmount.so.1.1.0
618fb000-618fc000 rw-p 00041000 b3:02 2557       /lib/arm-linux-gnueabihf/libmount.so.1.1.0
618fc000-618fd000 rw-p 00000000 00:00 0 
618fd000-6190e000 r-xp 00000000 b3:02 8387       /lib/arm-linux-gnueabihf/libresolv-2.24.so
6190e000-6191e000 ---p 00011000 b3:02 8387       /lib/arm-linux-gnueabihf/libresolv-2.24.so
6191e000-6191f000 r--p 00011000 b3:02 8387       /lib/arm-linux-gnueabihf/libresolv-2.24.so
6191f000-61920000 rw-p 00012000 b3:02 8387       /lib/arm-linux-gnueabihf/libresolv-2.24.so
61920000-61922000 rw-p 00000000 00:00 0 
61922000-61942000 r-xp 00000000 b3:02 2595       /lib/arm-linux-gnueabihf/libselinux.so.1
61942000-61952000 ---p 00020000 b3:02 2595       /lib/arm-linux-gnueabihf/libselinux.so.1
61952000-61953000 r--p 00020000 b3:02 2595       /lib/arm-linux-gnueabihf/libselinux.so.1
61953000-61954000 rw-p 00021000 b3:02 2595       /lib/arm-linux-gnueabihf/libselinux.so.1
61954000-61955000 rw-p 00000000 00:00 0 
61955000-6196b000 r-xp 00000000 b3:02 2613       /lib/arm-linux-gnueabihf/libz.so.1.2.8
6196b000-6197a000 ---p 00016000 b3:02 2613       /lib/arm-linux-gnueabihf/libz.so.1.2.8
6197a000-6197b000 r--p 00015000 b3:02 2613       /lib/arm-linux-gnueabihf/libz.so.1.2.8
6197b000-6197c000 rw-p 00016000 b3:02 2613       /lib/arm-linux-gnueabihf/libz.so.1.2.8
6197c000-6198a000 r-xp 00000000 b3:02 9438       /usr/lib/arm-linux-gnueabihf/libXext.so.6.4.0
6198a000-61999000 ---p 0000e000 b3:02 9438       /usr/lib/arm-linux-gnueabihf/libXext.so.6.4.0
61999000-6199a000 r--p 0000d000 b3:02 9438       /usr/lib/arm-linux-gnueabihf/libXext.so.6.4.0
6199a000-6199b000 rw-p 0000e000 b3:02 9438       /usr/lib/arm-linux-gnueabihf/libXext.so.6.4.0
6199b000-619a3000 r-xp 00000000 b3:02 9435       /usr/lib/arm-linux-gnueabihf/libXcursor.so.1.0.2
619a3000-619b2000 ---p 00008000 b3:02 9435       /usr/lib/arm-linux-gnueabihf/libXcursor.so.1.0.2
619b2000-619b3000 r--p 00007000 b3:02 9435       /usr/lib/arm-linux-gnueabihf/libXcursor.so.1.0.2
619b3000-619b4000 rw-p 00008000 b3:02 9435       /usr/lib/arm-linux-gnueabihf/libXcursor.so.1.0.2
619b4000-619bc000 r-xp 00000000 b3:02 9447       /usr/lib/arm-linux-gnueabihf/libXrandr.so.2.2.0
619bc000-619cb000 ---p 00008000 b3:02 9447       /usr/lib/arm-linux-gnueabihf/libXrandr.so.2.2.0
619cb000-619cc000 r--p 00007000 b3:02 9447       /usr/lib/arm-linux-gnueabihf/libXrandr.so.2.2.0
619cc000-619cd000 rw-p 00008000 b3:02 9447       /usr/lib/arm-linux-gnueabihf/libXrandr.so.2.2.0
619cd000-619da000 r-xp 00000000 b3:02 9442       /usr/lib/arm-linux-gnueabihf/libXi.so.6.1.0
619da000-619e9000 ---p 0000d000 b3:02 9442       /usr/lib/arm-linux-gnueabihf/libXi.so.6.1.0
619e9000-619ea000 r--p 0000c000 b3:02 9442       /usr/lib/arm-linux-gnueabihf/libXi.so.6.1.0
619ea000-619eb000 rw-p 0000d000 b3:02 9442       /usr/lib/arm-linux-gnueabihf/libXi.so.6.1.0
619eb000-619ed000 r-xp 00000000 b3:02 9443       /usr/lib/arm-linux-gnueabihf/libXinerama.so.1.0.0
619ed000-619fc000 ---p 00002000 b3:02 9443       /usr/lib/arm-linux-gnueabihf/libXinerama.so.1.0.0
619fc000-619fd000 r--p 00001000 b3:02 9443       /usr/lib/arm-linux-gnueabihf/libXinerama.so.1.0.0
619fd000-619fe000 rw-p 00002000 b3:02 9443       /usr/lib/arm-linux-gnueabihf/libXinerama.so.1.0.0
619fe000-61a06000 r-xp 00000000 b3:02 9448       /usr/lib/arm-linux-gnueabihf/libXrender.so.1.3.0
61a06000-61a15000 ---p 00008000 b3:02 9448       /usr/lib/arm-linux-gnueabihf/libXrender.so.1.3.0
61a15000-61a16000 r--p 00007000 b3:02 9448       /usr/lib/arm-linux-gnueabihf/libXrender.so.1.3.0
61a16000-61a17000 rw-p 00008000 b3:02 9448       /usr/lib/arm-linux-gnueabihf/libXrender.so.1.3.0
61a17000-61a1b000 r-xp 00000000 b3:02 9439       /usr/lib/arm-linux-gnueabihf/libXfixes.so.3.1.0
61a1b000-61a2a000 ---p 00004000 b3:02 9439       /usr/lib/arm-linux-gnueabihf/libXfixes.so.3.1.0
61a2a000-61a2b000 r--p 00003000 b3:02 9439       /usr/lib/arm-linux-gnueabihf/libXfixes.so.3.1.0
61a2b000-61a2c000 rw-p 00004000 b3:02 9439       /usr/lib/arm-linux-gnueabihf/libXfixes.so.3.1.0
61a2c000-61a2e000 r-xp 00000000 b3:02 9436       /usr/lib/arm-linux-gnueabihf/libXdamage.so.1.1.0
61a2e000-61a3d000 ---p 00002000 b3:02 9436       /usr/lib/arm-linux-gnueabihf/libXdamage.so.1.1.0
61a3d000-61a3e000 r--p 00001000 b3:02 9436       /usr/lib/arm-linux-gnueabihf/libXdamage.so.1.1.0
61a3e000-61a3f000 rw-p 00002000 b3:02 9436       /usr/lib/arm-linux-gnueabihf/libXdamage.so.1.1.0
61a3f000-61a41000 r-xp 00000000 b3:02 9434       /usr/lib/arm-linux-gnueabihf/libXcomposite.so.1.0.0
61a41000-61a50000 ---p 00002000 b3:02 9434       /usr/lib/arm-linux-gnueabihf/libXcomposite.so.1.0.0
61a50000-61a51000 r--p 00001000 b3:02 9434       /usr/lib/arm-linux-gnueabihf/libXcomposite.so.1.0.0
61a51000-61a52000 rw-p 00002000 b3:02 9434       /usr/lib/arm-linux-gnueabihf/libXcomposite.so.1.0.0
61a52000-61b61000 r-xp 00000000 b3:02 9430       /usr/lib/arm-linux-gnueabihf/libX11.so.6.3.0
61b61000-61b71000 ---p 0010f000 b3:02 9430       /usr/lib/arm-linux-gnueabihf/libX11.so.6.3.0
61b71000-61b72000 r--p 0010f000 b3:02 9430       /usr/lib/arm-linux-gnueabihf/libX11.so.6.3.0
61b72000-61b75000 rw-p 00110000 b3:02 9430       /usr/lib/arm-linux-gnueabihf/libX11.so.6.3.0
61b75000-61b78000 r-xp 00000000 b3:02 9634       /usr/lib/arm-linux-gnueabihf/libgmodule-2.0.so.0.5000.3
61b78000-61b87000 ---p 00003000 b3:02 9634       /usr/lib/arm-linux-gnueabihf/libgmodule-2.0.so.0.5000.3
61b87000-61b88000 r--p 00002000 b3:02 9634       /usr/lib/arm-linux-gnueabihf/libgmodule-2.0.so.0.5000.3
61b88000-61b89000 rw-p 00003000 b3:02 9634       /usr/lib/arm-linux-gnueabihf/libgmodule-2.0.so.0.5000.3
61b89000-61b8d000 r-xp 00000000 b3:02 9451       /usr/lib/arm-linux-gnueabihf/libXtst.so.6.1.0
61b8d000-61b9c000 ---p 00004000 b3:02 9451       /usr/lib/arm-linux-gnueabihf/libXtst.so.6.1.0
61b9c000-61b9d000 r--p 00003000 b3:02 9451       /usr/lib/arm-linux-gnueabihf/libXtst.so.6.1.0
61b9d000-61b9e000 rw-p 00004000 b3:02 9451       /usr/lib/arm-linux-gnueabihf/libXtst.so.6.1.0
61b9e000-61c95000 r-xp 00000000 b3:02 2543       /lib/arm-linux-gnueabihf/libglib-2.0.so.0.5000.3
61c95000-61ca4000 ---p 000f7000 b3:02 2543       /lib/arm-linux-gnueabihf/libglib-2.0.so.0.5000.3
61ca4000-61ca5000 r--p 000f6000 b3:02 2543       /lib/arm-linux-gnueabihf/libglib-2.0.so.0.5000.3
61ca5000-61ca6000 rw-p 000f7000 b3:02 2543       /lib/arm-linux-gnueabihf/libglib-2.0.so.0.5000.3
61ca6000-61ca7000 r-xp 00000000 b3:02 9698       /usr/lib/arm-linux-gnueabihf/libgthread-2.0.so.0.5000.3
61ca7000-61cb6000 ---p 00001000 b3:02 9698       /usr/lib/arm-linux-gnueabihf/libgthread-2.0.so.0.5000.3
61cb6000-61cb7000 r--p 00000000 b3:02 9698       /usr/lib/arm-linux-gnueabihf/libgthread-2.0.so.0.5000.3
61cb7000-61cb8000 rw-p 00001000 b3:02 9698       /usr/lib/arm-linux-gnueabihf/libgthread-2.0.so.0.5000.3
61cb8000-61d01000 r-xp 00000000 b3:02 9640       /usr/lib/arm-linux-gnueabihf/libgobject-2.0.so.0.5000.3
61d01000-61d10000 ---p 00049000 b3:02 9640       /usr/lib/arm-linux-gnueabihf/libgobject-2.0.so.0.5000.3
61d10000-61d11000 r--p 00048000 b3:02 9640       /usr/lib/arm-linux-gnueabihf/libgobject-2.0.so.0.5000.3
61d11000-61d12000 rw-p 00049000 b3:02 9640       /usr/lib/arm-linux-gnueabihf/libgobject-2.0.so.0.5000.3
61d12000-61d44000 r-xp 00000000 b3:02 9605       /usr/lib/arm-linux-gnueabihf/libfontconfig.so.1.8.0
61d44000-61d53000 ---p 00032000 b3:02 9605       /usr/lib/arm-linux-gnueabihf/libfontconfig.so.1.8.0
61d53000-61d54000 r--p 00031000 b3:02 9605       /usr/lib/arm-linux-gnueabihf/libfontconfig.so.1.8.0
61d54000-61d55000 rw-p 00032000 b3:02 9605       /usr/lib/arm-linux-gnueabihf/libfontconfig.so.1.8.0
61d55000-61ddc000 r-xp 00000000 b3:02 9611       /usr/lib/arm-linux-gnueabihf/libfreetype.so.6.12.3
61ddc000-61deb000 ---p 00087000 b3:02 9611       /usr/lib/arm-linux-gnueabihf/libfreetype.so.6.12.3
61deb000-61def000 r--p 00086000 b3:02 9611       /usr/lib/arm-linux-gnueabihf/libfreetype.so.6.12.3
61def000-61df0000 rw-p 0008a000 b3:02 9611       /usr/lib/arm-linux-gnueabihf/libfreetype.so.6.12.3
61df0000-61e2f000 r-xp 00000000 b3:02 9831       /usr/lib/arm-linux-gnueabihf/libpango-1.0.so.0.4000.5
61e2f000-61e3e000 ---p 0003f000 b3:02 9831       /usr/lib/arm-linux-gnueabihf/libpango-1.0.so.0.4000.5
61e3e000-61e40000 r--p 0003e000 b3:02 9831       /usr/lib/arm-linux-gnueabihf/libpango-1.0.so.0.4000.5
61e40000-61e41000 rw-p 00040000 b3:02 9831       /usr/lib/arm-linux-gnueabihf/libpango-1.0.so.0.4000.5
61e41000-61f1e000 r-xp 00000000 b3:02 9509       /usr/lib/arm-linux-gnueabihf/libcairo.so.2.11400.8
61f1e000-61f2e000 ---p 000dd000 b3:02 9509       /usr/lib/arm-linux-gnueabihf/libcairo.so.2.11400.8
61f2e000-61f30000 r--p 000dd000 b3:02 9509       /usr/lib/arm-linux-gnueabihf/libcairo.so.2.11400.8
61f30000-61f31000 rw-p 000df000 b3:02 9509       /usr/lib/arm-linux-gnueabihf/libcairo.so.2.11400.8
61f31000-61f32000 rw-p 00000000 00:00 0 
61f32000-61f52000 r-xp 00000000 b3:02 9624       /usr/lib/arm-linux-gnueabihf/libgdk_pixbuf-2.0.so.0.3600.5
61f52000-61f61000 ---p 00020000 b3:02 9624       /usr/lib/arm-linux-gnueabihf/libgdk_pixbuf-2.0.so.0.3600.5
61f61000-61f62000 r--p 0001f000 b3:02 9624       /usr/lib/arm-linux-gnueabihf/libgdk_pixbuf-2.0.so.0.3600.5
61f62000-61f63000 rw-p 00020000 b3:02 9624       /usr/lib/arm-linux-gnueabihf/libgdk_pixbuf-2.0.so.0.3600.5
61f63000-61f6c000 r-xp 00000000 b3:02 9832       /usr/lib/arm-linux-gnueabihf/libpangocairo-1.0.so.0.4000.5
61f6c000-61f7c000 ---p 00009000 b3:02 9832       /usr/lib/arm-linux-gnueabihf/libpangocairo-1.0.so.0.4000.5
61f7c000-61f7d000 r--p 00009000 b3:02 9832       /usr/lib/arm-linux-gnueabihf/libpangocairo-1.0.so.0.4000.5
61f7d000-61f7e000 rw-p 0000a000 b3:02 9832       /usr/lib/arm-linux-gnueabihf/libpangocairo-1.0.so.0.4000.5
61f7e000-61f8f000 r-xp 00000000 b3:02 9833       /usr/lib/arm-linux-gnueabihf/libpangoft2-1.0.so.0.4000.5
61f8f000-61f9e000 ---p 00011000 b3:02 9833       /usr/lib/arm-linux-gnueabihf/libpangoft2-1.0.so.0.4000.5
61f9e000-61f9f000 r--p 00010000 b3:02 9833       /usr/lib/arm-linux-gnueabihf/libpangoft2-1.0.so.0.4000.5
61f9f000-61fa0000 rw-p 00011000 b3:02 9833       /usr/lib/arm-linux-gnueabihf/libpangoft2-1.0.so.0.4000.5
61fa0000-620ef000 r-xp 00000000 b3:02 9630       /usr/lib/arm-linux-gnueabihf/libgio-2.0.so.0.5000.3
620ef000-620ff000 ---p 0014f000 b3:02 9630       /usr/lib/arm-linux-gnueabihf/libgio-2.0.so.0.5000.3
620ff000-62101000 r--p 0014f000 b3:02 9630       /usr/lib/arm-linux-gnueabihf/libgio-2.0.so.0.5000.3
62101000-62103000 rw-p 00151000 b3:02 9630       /usr/lib/arm-linux-gnueabihf/libgio-2.0.so.0.5000.3
62103000-62104000 rw-p 00000000 00:00 0 
62104000-62196000 r-xp 00000000 b3:02 9623       /usr/lib/arm-linux-gnueabihf/libgdk-x11-2.0.so.0.2400.31
62196000-621a5000 ---p 00092000 b3:02 9623       /usr/lib/arm-linux-gnueabihf/libgdk-x11-2.0.so.0.2400.31
621a5000-621a7000 r--p 00091000 b3:02 9623       /usr/lib/arm-linux-gnueabihf/libgdk-x11-2.0.so.0.2400.31
621a7000-621a8000 rw-p 00093000 b3:02 9623       /usr/lib/arm-linux-gnueabihf/libgdk-x11-2.0.so.0.2400.31
621a8000-62550000 r-xp 00000000 b3:02 9700       /usr/lib/arm-linux-gnueabihf/libgtk-x11-2.0.so.0.2400.31
62550000-6255f000 ---p 003a8000 b3:02 9700       /usr/lib/arm-linux-gnueabihf/libgtk-x11-2.0.so.0.2400.31
6255f000-62563000 r--p 003a7000 b3:02 9700       /usr/lib/arm-linux-gnueabihf/libgtk-x11-2.0.so.0.2400.31
62563000-62566000 rw-p 003ab000 b3:02 9700       /usr/lib/arm-linux-gnueabihf/libgtk-x11-2.0.so.0.2400.31
62566000-62567000 rw-p 00000000 00:00 0 
62567000-62696000 r-xp 00000000 b3:02 9921       /usr/lib/arm-linux-gnueabihf/libstdc++.so.6.0.22
62696000-626a6000 ---p 0012f000 b3:02 9921       /usr/lib/arm-linux-gnueabihf/libstdc++.so.6.0.22
626a6000-626ab000 r--p 0012f000 b3:02 9921       /usr/lib/arm-linux-gnueabihf/libstdc++.so.6.0.22
626ab000-626ad000 rw-p 00134000 b3:02 9921       /usr/lib/arm-linux-gnueabihf/libstdc++.so.6.0.22
626ad000-626af000 rw-p 00000000 00:00 0 
626af000-626b2000 ---p 00000000 00:00 0 
626b2000-64300000 rw-p 00000000 00:00 0 
64300000-64400000 rw-p 00000000 00:00 0 
64402000-6441d000 r-xp 00000000 b3:02 9469       /usr/lib/arm-linux-gnueabihf/libatk-1.0.so.0.22209.1
6441d000-6442d000 ---p 0001b000 b3:02 9469       /usr/lib/arm-linux-gnueabihf/libatk-1.0.so.0.22209.1
6442d000-6442e000 r--p 0001b000 b3:02 9469       /usr/lib/arm-linux-gnueabihf/libatk-1.0.so.0.22209.1
6442e000-6442f000 rw-p 0001c000 b3:02 9469       /usr/lib/arm-linux-gnueabihf/libatk-1.0.so.0.22209.1
6442f000-64432000 ---p 00000000 00:00 0 
64432000-6447f000 rw-p 00000000 00:00 0 
6447f000-64480000 ---p 00000000 00:00 0 
64480000-64500000 rw-p 00000000 00:00 0 
64500000-645f7000 rw-p 00000000 00:00 0 
645f7000-64600000 ---p 00000000 00:00 0 
64604000-64626000 r-xp 00000000 b3:02 1050955    /usr/lib/jvm/jdk1.8.0_201/jre/lib/arm/libglass.so
64626000-6462d000 ---p 00022000 b3:02 1050955    /usr/lib/jvm/jdk1.8.0_201/jre/lib/arm/libglass.so
6462d000-6462f000 rw-p 00021000 b3:02 1050955    /usr/lib/jvm/jdk1.8.0_201/jre/lib/arm/libglass.so
6462f000-64632000 ---p 00000000 00:00 0 
64632000-6467f000 rw-p 00000000 00:00 0 
6467f000-64683000 ---p 00000000 00:00 0 
64683000-64700000 rw-p 00000000 00:00 0 
64700000-6475d000 rw-p 00000000 00:00 0 
6475d000-64800000 ---p 00000000 00:00 0 
6480b000-6481a000 r--p 00000000 b3:02 31362      /usr/share/locale/it/LC_MESSAGES/gtk20.mo
6481a000-6481d000 ---p 00000000 00:00 0 
6481d000-6486a000 rw-p 00000000 00:00 0 
6486a000-64900000 r--s 008be000 b3:02 1050969    /usr/lib/jvm/jdk1.8.0_201/jre/lib/ext/jfxrt.jar
64900000-64921000 rw-p 00000000 00:00 0 
64921000-64a00000 ---p 00000000 00:00 0 
64a01000-64a0c000 r-xp 00000000 b3:02 1050968    /usr/lib/jvm/jdk1.8.0_201/jre/lib/arm/libprism_sw.so
64a0c000-64a14000 ---p 0000b000 b3:02 1050968    /usr/lib/jvm/jdk1.8.0_201/jre/lib/arm/libprism_sw.so
64a14000-64a15000 rw-p 0000b000 b3:02 1050968    /usr/lib/jvm/jdk1.8.0_201/jre/lib/arm/libprism_sw.so
64a15000-64a18000 ---p 00000000 00:00 0 
64a18000-64a65000 rw-p 00000000 00:00 0 
64a65000-64c00000 r--p 00000000 b3:02 328        /usr/lib/locale/locale-archive
64c00000-64c21000 rw-p 00000000 00:00 0 
64c21000-64d00000 ---p 00000000 00:00 0 
64d00000-64d21000 rw-p 00000000 00:00 0 
64d21000-64e00000 ---p 00000000 00:00 0 
64e00000-64e21000 rw-p 00000000 00:00 0 
64e21000-64f00000 ---p 00000000 00:00 0 
64f01000-64f03000 r-xp 00000000 b3:02 9432       /usr/lib/arm-linux-gnueabihf/libXau.so.6.0.0
64f03000-64f0a000 ---p 00002000 b3:02 9432       /usr/lib/arm-linux-gnueabihf/libXau.so.6.0.0
64f0a000-64f0b000 r--p 00001000 b3:02 9432       /usr/lib/arm-linux-gnueabihf/libXau.so.6.0.0
64f0b000-64f0c000 rw-p 00002000 b3:02 9432       /usr/lib/arm-linux-gnueabihf/libXau.so.6.0.0
64f0c000-64f1a000 r-xp 00000000 b3:02 1050788    /usr/lib/jvm/jdk1.8.0_201/jre/lib/arm/libnio.so
64f1a000-64f21000 ---p 0000e000 b3:02 1050788    /usr/lib/jvm/jdk1.8.0_201/jre/lib/arm/libnio.so
64f21000-64f22000 r--p 0000d000 b3:02 1050788    /usr/lib/jvm/jdk1.8.0_201/jre/lib/arm/libnio.so
64f22000-64f23000 rw-p 0000e000 b3:02 1050788    /usr/lib/jvm/jdk1.8.0_201/jre/lib/arm/libnio.so
64f23000-64f36000 r-xp 00000000 b3:02 1050794    /usr/lib/jvm/jdk1.8.0_201/jre/lib/arm/libnet.so
64f36000-64f3d000 ---p 00013000 b3:02 1050794    /usr/lib/jvm/jdk1.8.0_201/jre/lib/arm/libnet.so
64f3d000-64f3e000 r--p 00012000 b3:02 1050794    /usr/lib/jvm/jdk1.8.0_201/jre/lib/arm/libnet.so
64f3e000-64f3f000 rw-p 00013000 b3:02 1050794    /usr/lib/jvm/jdk1.8.0_201/jre/lib/arm/libnet.so
64f3f000-64f4c000 r--s 00093000 b3:02 263186     /home/pi/Desktop/mina-core-2.0.19.jar
64f4c000-64f4f000 ---p 00000000 00:00 0 
64f4f000-64f9c000 rw-p 00000000 00:00 0 
64f9c000-64f9f000 ---p 00000000 00:00 0 
64f9f000-64fec000 rw-p 00000000 00:00 0 
64fec000-64fed000 ---p 00000000 00:00 0 
64fed000-650bc000 rw-p 00000000 00:00 0 
650bc000-65296000 r--s 03d6f000 b3:02 1050836    /usr/lib/jvm/jdk1.8.0_201/jre/lib/rt.jar
65296000-65737000 rw-p 00000000 00:00 0 
65737000-6573d000 ---p 00000000 00:00 0 
6573d000-65743000 rw-p 00000000 00:00 0 
65743000-6578b000 ---p 00000000 00:00 0 
6578b000-6578e000 rw-p 00000000 00:00 0 
6578e000-657b1000 ---p 00000000 00:00 0 
657b1000-657b7000 rw-p 00000000 00:00 0 
657b7000-657ff000 ---p 00000000 00:00 0 
657ff000-65d40000 rw-p 00000000 00:00 0 
65d40000-6a540000 ---p 00000000 00:00 0 
6a540000-6b000000 rw-p 00000000 00:00 0 
6b000000-74000000 ---p 00000000 00:00 0 
74001000-74008000 r--s 00000000 b3:02 11737      /usr/lib/arm-linux-gnueabihf/gconv/gconv-modules.cache
74008000-7401b000 r--s 00345000 b3:02 1050738    /usr/lib/jvm/jdk1.8.0_201/jre/lib/resources.jar
7401b000-7401f000 rw-p 00000000 00:00 0 
7401f000-7409b000 ---p 00000000 00:00 0 
7409b000-74173000 rwxp 00000000 00:00 0 
74173000-7609b000 ---p 00000000 00:00 0 
7609b000-760b3000 r-xp 00000000 b3:02 1050764    /usr/lib/jvm/jdk1.8.0_201/jre/lib/arm/libzip.so
760b3000-760ba000 ---p 00018000 b3:02 1050764    /usr/lib/jvm/jdk1.8.0_201/jre/lib/arm/libzip.so
760ba000-760bb000 r--p 00017000 b3:02 1050764    /usr/lib/jvm/jdk1.8.0_201/jre/lib/arm/libzip.so
760bb000-760bc000 rw-p 00018000 b3:02 1050764    /usr/lib/jvm/jdk1.8.0_201/jre/lib/arm/libzip.so
760bc000-760c5000 r-xp 00000000 b3:02 8380       /lib/arm-linux-gnueabihf/libnss_files-2.24.so
760c5000-760d4000 ---p 00009000 b3:02 8380       /lib/arm-linux-gnueabihf/libnss_files-2.24.so
760d4000-760d5000 r--p 00008000 b3:02 8380       /lib/arm-linux-gnueabihf/libnss_files-2.24.so
760d5000-760d6000 rw-p 00009000 b3:02 8380       /lib/arm-linux-gnueabihf/libnss_files-2.24.so
760d6000-760dc000 rw-p 00000000 00:00 0 
760dc000-760ed000 r-xp 00000000 b3:02 8377       /lib/arm-linux-gnueabihf/libnsl-2.24.so
760ed000-760fc000 ---p 00011000 b3:02 8377       /lib/arm-linux-gnueabihf/libnsl-2.24.so
760fc000-760fd000 r--p 00010000 b3:02 8377       /lib/arm-linux-gnueabihf/libnsl-2.24.so
760fd000-760fe000 rw-p 00011000 b3:02 8377       /lib/arm-linux-gnueabihf/libnsl-2.24.so
760fe000-76100000 rw-p 00000000 00:00 0 
76100000-761ff000 rw-p 00000000 00:00 0 
761ff000-76200000 ---p 00000000 00:00 0 
76205000-76207000 r--s 0001a000 b3:02 397133     /home/pi/Desktop/idea-IU-183.5912.21/lib/idea_rt.jar
76207000-76209000 r--s 00001000 b3:02 267245     /home/pi/Desktop/slf4j-jdk14-1.7.25.jar
76209000-76212000 r-xp 00000000 b3:02 8382       /lib/arm-linux-gnueabihf/libnss_nis-2.24.so
76212000-76221000 ---p 00009000 b3:02 8382       /lib/arm-linux-gnueabihf/libnss_nis-2.24.so
76221000-76222000 r--p 00008000 b3:02 8382       /lib/arm-linux-gnueabihf/libnss_nis-2.24.so
76222000-76223000 rw-p 00009000 b3:02 8382       /lib/arm-linux-gnueabihf/libnss_nis-2.24.so
76223000-76229000 r-xp 00000000 b3:02 8378       /lib/arm-linux-gnueabihf/libnss_compat-2.24.so
76229000-76238000 ---p 00006000 b3:02 8378       /lib/arm-linux-gnueabihf/libnss_compat-2.24.so
76238000-76239000 r--p 00005000 b3:02 8378       /lib/arm-linux-gnueabihf/libnss_compat-2.24.so
76239000-7623a000 rw-p 00006000 b3:02 8378       /lib/arm-linux-gnueabihf/libnss_compat-2.24.so
7623a000-7623c000 r--s 00009000 b3:02 267244     /home/pi/Desktop/slf4j-api-1.7.25.jar
7623c000-76240000 r--s 000a1000 b3:02 1050840    /usr/lib/jvm/jdk1.8.0_201/jre/lib/jsse.jar
76240000-76245000 r--s 00084000 b3:02 1050815    /usr/lib/jvm/jdk1.8.0_201/jre/lib/jfr.jar
76245000-76248000 r--s 0001a000 b3:02 1050750    /usr/lib/jvm/jdk1.8.0_201/jre/lib/jce.jar
76248000-7624d000 r--s 002f9000 b3:02 1050739    /usr/lib/jvm/jdk1.8.0_201/jre/lib/charsets.jar
7624d000-76255000 r-xp 00000000 b3:02 1050762    /usr/lib/jvm/jdk1.8.0_201/jre/lib/arm/libinstrument.so
76255000-7625c000 ---p 00008000 b3:02 1050762    /usr/lib/jvm/jdk1.8.0_201/jre/lib/arm/libinstrument.so
7625c000-7625d000 r--p 00007000 b3:02 1050762    /usr/lib/jvm/jdk1.8.0_201/jre/lib/arm/libinstrument.so
7625d000-7625e000 rw-p 00008000 b3:02 1050762    /usr/lib/jvm/jdk1.8.0_201/jre/lib/arm/libinstrument.so
7625e000-76281000 r-xp 00000000 b3:02 1050783    /usr/lib/jvm/jdk1.8.0_201/jre/lib/arm/libjava.so
76281000-76288000 ---p 00023000 b3:02 1050783    /usr/lib/jvm/jdk1.8.0_201/jre/lib/arm/libjava.so
76288000-76289000 r--p 00022000 b3:02 1050783    /usr/lib/jvm/jdk1.8.0_201/jre/lib/arm/libjava.so
76289000-7628a000 rw-p 00023000 b3:02 1050783    /usr/lib/jvm/jdk1.8.0_201/jre/lib/arm/libjava.so
7628a000-76290000 r-xp 00000000 b3:02 8388       /lib/arm-linux-gnueabihf/librt-2.24.so
76290000-7629f000 ---p 00006000 b3:02 8388       /lib/arm-linux-gnueabihf/librt-2.24.so
7629f000-762a0000 r--p 00005000 b3:02 8388       /lib/arm-linux-gnueabihf/librt-2.24.so
762a0000-762a1000 rw-p 00006000 b3:02 8388       /lib/arm-linux-gnueabihf/librt-2.24.so
762a1000-762a5000 ---p 00000000 00:00 0 
762a5000-762f2000 rw-p 00000000 00:00 0 
762f2000-7635f000 r-xp 00000000 b3:02 8373       /lib/arm-linux-gnueabihf/libm-2.24.so
7635f000-7636f000 ---p 0006d000 b3:02 8373       /lib/arm-linux-gnueabihf/libm-2.24.so
7636f000-76370000 r--p 0006d000 b3:02 8373       /lib/arm-linux-gnueabihf/libm-2.24.so
76370000-76371000 rw-p 0006e000 b3:02 8373       /lib/arm-linux-gnueabihf/libm-2.24.so
76371000-76908000 r-xp 00000000 b3:02 1050798    /usr/lib/jvm/jdk1.8.0_201/jre/lib/arm/client/libjvm.so
76908000-7690f000 ---p 00597000 b3:02 1050798    /usr/lib/jvm/jdk1.8.0_201/jre/lib/arm/client/libjvm.so
7690f000-76923000 r--p 00596000 b3:02 1050798    /usr/lib/jvm/jdk1.8.0_201/jre/lib/arm/client/libjvm.so
76923000-7693c000 rw-p 005aa000 b3:02 1050798    /usr/lib/jvm/jdk1.8.0_201/jre/lib/arm/client/libjvm.so
7693c000-76d63000 rw-p 00000000 00:00 0 
76d63000-76d7f000 r-xp 00000000 b3:02 2541       /lib/arm-linux-gnueabihf/libgcc_s.so.1
76d7f000-76d8e000 ---p 0001c000 b3:02 2541       /lib/arm-linux-gnueabihf/libgcc_s.so.1
76d8e000-76d8f000 r--p 0001b000 b3:02 2541       /lib/arm-linux-gnueabihf/libgcc_s.so.1
76d8f000-76d90000 rw-p 0001c000 b3:02 2541       /lib/arm-linux-gnueabihf/libgcc_s.so.1
76d90000-76eba000 r-xp 00000000 b3:02 8369       /lib/arm-linux-gnueabihf/libc-2.24.so
76eba000-76ec9000 ---p 0012a000 b3:02 8369       /lib/arm-linux-gnueabihf/libc-2.24.so
76ec9000-76ecb000 r--p 00129000 b3:02 8369       /lib/arm-linux-gnueabihf/libc-2.24.so
76ecb000-76ecc000 rw-p 0012b000 b3:02 8369       /lib/arm-linux-gnueabihf/libc-2.24.so
76ecc000-76ecf000 rw-p 00000000 00:00 0 
76ecf000-76ed1000 r-xp 00000000 b3:02 8372       /lib/arm-linux-gnueabihf/libdl-2.24.so
76ed1000-76ee0000 ---p 00002000 b3:02 8372       /lib/arm-linux-gnueabihf/libdl-2.24.so
76ee0000-76ee1000 r--p 00001000 b3:02 8372       /lib/arm-linux-gnueabihf/libdl-2.24.so
76ee1000-76ee2000 rw-p 00002000 b3:02 8372       /lib/arm-linux-gnueabihf/libdl-2.24.so
76ee2000-76ef7000 r-xp 00000000 b3:02 1050859    /usr/lib/jvm/jdk1.8.0_201/lib/arm/jli/libjli.so
76ef7000-76efe000 ---p 00015000 b3:02 1050859    /usr/lib/jvm/jdk1.8.0_201/lib/arm/jli/libjli.so
76efe000-76eff000 r--p 00014000 b3:02 1050859    /usr/lib/jvm/jdk1.8.0_201/lib/arm/jli/libjli.so
76eff000-76f00000 rw-p 00015000 b3:02 1050859    /usr/lib/jvm/jdk1.8.0_201/lib/arm/jli/libjli.so
76f00000-76f16000 r-xp 00000000 b3:02 8386       /lib/arm-linux-gnueabihf/libpthread-2.24.so
76f16000-76f25000 ---p 00016000 b3:02 8386       /lib/arm-linux-gnueabihf/libpthread-2.24.so
76f25000-76f26000 r--p 00015000 b3:02 8386       /lib/arm-linux-gnueabihf/libpthread-2.24.so
76f26000-76f27000 rw-p 00016000 b3:02 8386       /lib/arm-linux-gnueabihf/libpthread-2.24.so
76f27000-76f29000 rw-p 00000000 00:00 0 
76f29000-76f32000 r-xp 00000000 b3:02 1050758    /usr/lib/jvm/jdk1.8.0_201/jre/lib/arm/libverify.so
76f32000-76f3a000 ---p 00009000 b3:02 1050758    /usr/lib/jvm/jdk1.8.0_201/jre/lib/arm/libverify.so
76f3a000-76f3b000 r--p 00009000 b3:02 1050758    /usr/lib/jvm/jdk1.8.0_201/jre/lib/arm/libverify.so
76f3b000-76f3c000 rw-p 0000a000 b3:02 1050758    /usr/lib/jvm/jdk1.8.0_201/jre/lib/arm/libverify.so
76f3c000-76f41000 r-xp 00000000 b3:02 9462       /usr/lib/arm-linux-gnueabihf/libarmmem.so
76f41000-76f50000 ---p 00005000 b3:02 9462       /usr/lib/arm-linux-gnueabihf/libarmmem.so
76f50000-76f51000 r--p 00004000 b3:02 9462       /usr/lib/arm-linux-gnueabihf/libarmmem.so
76f51000-76f52000 rw-p 00005000 b3:02 9462       /usr/lib/arm-linux-gnueabihf/libarmmem.so
76f52000-76f73000 r-xp 00000000 b3:02 8361       /lib/arm-linux-gnueabihf/ld-2.24.so
76f73000-76f74000 r--s 00000000 b3:02 1050742    /usr/lib/jvm/jdk1.8.0_201/jre/lib/management-agent.jar
76f74000-76f75000 r--s 00000000 b3:02 1050952    /usr/lib/jvm/jdk1.8.0_201/jre/lib/jfxswt.jar
76f75000-76f7d000 rw-s 00000000 b3:02 792350     /tmp/hsperfdata_root/2569
76f7d000-76f7e000 r--p 00000000 00:00 0 
76f7e000-76f82000 rw-p 00000000 00:00 0 
76f82000-76f83000 r--p 00020000 b3:02 8361       /lib/arm-linux-gnueabihf/ld-2.24.so
76f83000-76f84000 rw-p 00021000 b3:02 8361       /lib/arm-linux-gnueabihf/ld-2.24.so
7ec45000-7ec66000 rw-p 00000000 00:00 0          [stack]
7efee000-7efef000 r-xp 00000000 00:00 0          [sigpage]
7efef000-7eff0000 r--p 00000000 00:00 0          [vvar]
7eff0000-7eff1000 r-xp 00000000 00:00 0          [vdso]
ffff0000-ffff1000 r-xp 00000000 00:00 0          [vectors]

VM Arguments:
jvm_args: -Djdk.gtk.verbose=true -Djdk.gtk.version=3 -Djavafx.platform=gtk3 -javaagent:/home/pi/Desktop/idea-IU-183.5912.21/lib/idea_rt.jar=38637:/home/pi/Desktop/idea-IU-183.5912.21/bin -Dfile.encoding=UTF-8 
java_command: sample.Main
java_class_path (initial): /usr/lib/jvm/jdk1.8.0_201/jre/lib/charsets.jar:/usr/lib/jvm/jdk1.8.0_201/jre/lib/ext/cldrdata.jar:/usr/lib/jvm/jdk1.8.0_201/jre/lib/ext/dnsns.jar:/usr/lib/jvm/jdk1.8.0_201/jre/lib/ext/jaccess.jar:/usr/lib/jvm/jdk1.8.0_201/jre/lib/ext/jfxrt.jar:/usr/lib/jvm/jdk1.8.0_201/jre/lib/ext/localedata.jar:/usr/lib/jvm/jdk1.8.0_201/jre/lib/ext/nashorn.jar:/usr/lib/jvm/jdk1.8.0_201/jre/lib/ext/sunec.jar:/usr/lib/jvm/jdk1.8.0_201/jre/lib/ext/sunjce_provider.jar:/usr/lib/jvm/jdk1.8.0_201/jre/lib/ext/sunpkcs11.jar:/usr/lib/jvm/jdk1.8.0_201/jre/lib/ext/zipfs.jar:/usr/lib/jvm/jdk1.8.0_201/jre/lib/jce.jar:/usr/lib/jvm/jdk1.8.0_201/jre/lib/jfr.jar:/usr/lib/jvm/jdk1.8.0_201/jre/lib/jfxswt.jar:/usr/lib/jvm/jdk1.8.0_201/jre/lib/jsse.jar:/usr/lib/jvm/jdk1.8.0_201/jre/lib/management-agent.jar:/usr/lib/jvm/jdk1.8.0_201/jre/lib/resources.jar:/usr/lib/jvm/jdk1.8.0_201/jre/lib/rt.jar:/home/pi/Desktop/proo v2/Raspy/out/production/Raspy:/home/pi/Desktop/mina-core-2.0.19.jar:/home/pi/Desktop/slf4j-api-1.7.25.jar:/home/pi/Desktop/slf4j-jdk14-1.7.25.jar:/home/pi/Desktop/idea-IU-183.5912.21/lib/idea_rt.jar
Launcher Type: SUN_STANDARD

Environment Variables:
JAVA_HOME=/usr/lib/jvm/jdk1.8.0_201
PATH=/usr/local/sbin:/usr/local/bin:/usr/sbin:/usr/bin:/sbin:/bin:/usr/local/games:/usr/games:$JAVA_HOME/bin
USERNAME=root
SHELL=/bin/bash
DISPLAY=:0.0

Signal Handlers:
SIGSEGV: [libjvm.so+0x5177a0], sa_mask[0]=11111111011111111101111111111110, sa_flags=SA_RESTART|SA_SIGINFO
SIGBUS: [libjvm.so+0x5177a0], sa_mask[0]=11111111011111111101111111111110, sa_flags=SA_RESTART|SA_SIGINFO
SIGFPE: [libjvm.so+0x40b2f4], sa_mask[0]=11111111011111111101111111111110, sa_flags=SA_RESTART|SA_SIGINFO
SIGPIPE: SIG_IGN, sa_mask[0]=00000000000010000000000000000000, sa_flags=SA_RESTART
SIGXFSZ: [libjvm.so+0x40b2f4], sa_mask[0]=11111111011111111101111111111110, sa_flags=SA_RESTART|SA_SIGINFO
SIGILL: [libjvm.so+0x40b2f4], sa_mask[0]=11111111011111111101111111111110, sa_flags=SA_RESTART|SA_SIGINFO
SIGUSR1: SIG_DFL, sa_mask[0]=00000000000000000000000000000000, sa_flags=none
SIGUSR2: [libjvm.so+0x40b458], sa_mask[0]=00100000000000000000000000000000, sa_flags=SA_RESTART|SA_SIGINFO
SIGHUP: [libjvm.so+0x40b88c], sa_mask[0]=11111111011111111101111111111110, sa_flags=SA_RESTART|SA_SIGINFO
SIGINT: [libjvm.so+0x40b88c], sa_mask[0]=11111111011111111101111111111110, sa_flags=SA_RESTART|SA_SIGINFO
SIGTERM: [libjvm.so+0x40b88c], sa_mask[0]=11111111011111111101111111111110, sa_flags=SA_RESTART|SA_SIGINFO
SIGQUIT: [libjvm.so+0x40b88c], sa_mask[0]=11111111011111111101111111111110, sa_flags=SA_RESTART|SA_SIGINFO


---------------  S Y S T E M  ---------------

OS:PRETTY_NAME="Raspbian GNU/Linux 9 (stretch)"
NAME="Raspbian GNU/Linux"
VERSION_ID="9"
VERSION="9 (stretch)"
ID=raspbian
ID_LIKE=debian
HOME_URL="http://www.raspbian.org/"
SUPPORT_URL="http://www.raspbian.org/RaspbianForums"
BUG_REPORT_URL="http://www.raspbian.org/RaspbianBugs"

uname:Linux 4.14.98-v7+ #1200 SMP Tue Feb 12 20:27:48 GMT 2019 armv7l
libc:glibc 2.24 NPTL 2.24 
rlimit: STACK 8192k, CORE 0k, NPROC 7345, NOFILE 1048576, AS infinity
load average:0,61 0,71 1,23

/proc/meminfo:
MemTotal:         949448 kB
MemFree:           35228 kB
MemAvailable:      75396 kB
Buffers:            4540 kB
Cached:            97004 kB
SwapCached:         2020 kB
Active:           414576 kB
Inactive:         452548 kB
Active(anon):     371500 kB
Inactive(anon):   415236 kB
Active(file):      43076 kB
Inactive(file):    37312 kB
Unevictable:           0 kB
Mlocked:               0 kB
SwapTotal:        102396 kB
SwapFree:              0 kB
Dirty:              2184 kB
Writeback:             0 kB
AnonPages:        763668 kB
Mapped:            62348 kB
Shmem:             21112 kB
Slab:              24000 kB
SReclaimable:       9664 kB
SUnreclaim:        14336 kB
KernelStack:        3008 kB
PageTables:         9176 kB
NFS_Unstable:          0 kB
Bounce:                0 kB
WritebackTmp:          0 kB
CommitLimit:      577120 kB
Committed_AS:    2670500 kB
VmallocTotal:    1114112 kB
VmallocUsed:           0 kB
VmallocChunk:          0 kB
CmaTotal:           8192 kB
CmaFree:            6140 kB


CPU:total 4 (initial active 4) (ARMv7), vfp

/proc/cpuinfo:
processor	: 0
model name	: ARMv7 Processor rev 4 (v7l)
BogoMIPS	: 76.80
Features	: half thumb fastmult vfp edsp neon vfpv3 tls vfpv4 idiva idivt vfpd32 lpae evtstrm crc32 
CPU implementer	: 0x41
CPU architecture: 7
CPU variant	: 0x0
CPU part	: 0xd03
CPU revision	: 4

processor	: 1
model name	: ARMv7 Processor rev 4 (v7l)
BogoMIPS	: 76.80
Features	: half thumb fastmult vfp edsp neon vfpv3 tls vfpv4 idiva idivt vfpd32 lpae evtstrm crc32 
CPU implementer	: 0x41
CPU architecture: 7
CPU variant	: 0x0
CPU part	: 0xd03
CPU revision	: 4

processor	: 2
model name	: ARMv7 Processor rev 4 (v7l)
BogoMIPS	: 76.80
Features	: half thumb fastmult vfp edsp neon vfpv3 tls vfpv4 idiva idivt vfpd32 lpae evtstrm crc32 
CPU implementer	: 0x41
CPU architecture: 7
CPU variant	: 0x0
CPU part	: 0xd03
CPU revision	: 4

processor	: 3
model name	: ARMv7 Processor rev 4 (v7l)
BogoMIPS	: 76.80
Features	: half thumb fastmult vfp edsp neon vfpv3 tls vfpv4 idiva idivt vfpd32 lpae evtstrm crc32 
CPU implementer	: 0x41
CPU architecture: 7
CPU variant	: 0x0
CPU part	: 0xd03
CPU revision	: 4

Hardware	: BCM2835
Revision	: a22082
Serial		: 0000000020d3221b


Memory: 4k page, physical 949448k(35228k free), swap 102396k(0k free)

vm_info: Java HotSpot(TM) Client VM (25.201-b09) for linux-arm-vfp-hflt JRE (1.8.0_201-b09), built on Dec 15 2018 19:16:37 by "java_re" with gcc 4.7.2 20120910 (prerelease)

time: Wed Mar  6 10:36:47 2019
timezone: CET
elapsed time: 3 seconds (0d 0h 0m 3s)

